may 18, 2014 1:05:12 PM org.apache.catalina.startup.Embedded initDirs
Grave: No puedo hallar carpeta temporal especificada en C:\Users\MIGUE\Desktop\openxava-4.1.2\tomcat\temp
may 18, 2014 1:05:13 PM org.apache.catalina.core.AprLifecycleListener init
Información: La biblioteca nativa de Apache Tomcat basada en ARP que permite un rendimiento óptimo en entornos de desarrollo no ha sido hallada en java.library.path: C:\Program Files\Java\jdk1.7.0_45\bin;C:\Windows\Sun\Java\bin;C:\Windows\system32;C:\Windows;C:\Program Files (x86)\PC Connectivity Solution\;C:\Program Files (x86)\NVIDIA Corporation\PhysX\Common;C:\Program Files\Common Files\Microsoft Shared\Windows Live;C:\Program Files (x86)\Common Files\Microsoft Shared\Windows Live;C:\Windows\system32;C:\Windows;C:\Windows\System32\Wbem;C:\Windows\System32\WindowsPowerShell\v1.0\;C:\Program Files (x86)\ATI Technologies\ATI.ACE\Core-Static;C:\Program Files\Intel\DMIX;C:\Program Files (x86)\QuickTime\QTSystem\;C:\Program Files (x86)\Pinnacle\Shared Files\;C:\Program Files (x86)\Windows Live\Shared;;.
may 18, 2014 1:05:13 PM org.apache.coyote.http11.Http11Protocol init
Información: Inicializando Coyote HTTP/1.1 en puerto http-8089
may 18, 2014 1:05:13 PM org.apache.catalina.startup.Catalina load
Información: Initialization processed in 1272 ms
may 18, 2014 1:05:13 PM org.apache.catalina.core.StandardService start
Información: Arrancando servicio Catalina
may 18, 2014 1:05:13 PM org.apache.catalina.core.StandardEngine start
Información: Starting Servlet Engine: Apache Tomcat/6.0.20
may 18, 2014 1:05:16 PM org.directwebremoting.util.CommonsLoggingOutput info
Información: DWR Version 2.0.5 starting.
may 18, 2014 1:05:16 PM org.directwebremoting.util.CommonsLoggingOutput info
Información: - Servlet Engine: Apache Tomcat/6.0.20
may 18, 2014 1:05:16 PM org.directwebremoting.util.CommonsLoggingOutput info
Información: - Java Version:   1.7.0_45
may 18, 2014 1:05:16 PM org.directwebremoting.util.CommonsLoggingOutput info
Información: - Java Vendor:    Oracle Corporation
may 18, 2014 1:05:16 PM org.directwebremoting.util.CommonsLoggingOutput info
Información: Probably not an issue: org.jdom.Document is not available so the jdom converter will not load. This is only an problem if you wanted to use it.
may 18, 2014 1:05:16 PM org.directwebremoting.util.CommonsLoggingOutput info
Información: Probably not an issue: org.jdom.Element is not available so the jdom converter will not load. This is only an problem if you wanted to use it.
may 18, 2014 1:05:18 PM org.directwebremoting.util.CommonsLoggingOutput info
Información: DWR Version 2.0.5 starting.
may 18, 2014 1:05:18 PM org.directwebremoting.util.CommonsLoggingOutput info
Información: - Servlet Engine: Apache Tomcat/6.0.20
may 18, 2014 1:05:18 PM org.directwebremoting.util.CommonsLoggingOutput info
Información: - Java Version:   1.7.0_45
may 18, 2014 1:05:18 PM org.directwebremoting.util.CommonsLoggingOutput info
Información: - Java Vendor:    Oracle Corporation
may 18, 2014 1:05:18 PM org.directwebremoting.util.CommonsLoggingOutput info
Información: Probably not an issue: org.jdom.Document is not available so the jdom converter will not load. This is only an problem if you wanted to use it.
may 18, 2014 1:05:18 PM org.directwebremoting.util.CommonsLoggingOutput info
Información: Probably not an issue: org.jdom.Element is not available so the jdom converter will not load. This is only an problem if you wanted to use it.
may 18, 2014 1:05:19 PM org.directwebremoting.util.CommonsLoggingOutput info
Información: DWR Version 2.0.5 starting.
may 18, 2014 1:05:19 PM org.directwebremoting.util.CommonsLoggingOutput info
Información: - Servlet Engine: Apache Tomcat/6.0.20
may 18, 2014 1:05:19 PM org.directwebremoting.util.CommonsLoggingOutput info
Información: - Java Version:   1.7.0_45
may 18, 2014 1:05:19 PM org.directwebremoting.util.CommonsLoggingOutput info
Información: - Java Vendor:    Oracle Corporation
may 18, 2014 1:05:20 PM org.directwebremoting.util.CommonsLoggingOutput info
Información: Probably not an issue: org.jdom.Document is not available so the jdom converter will not load. This is only an problem if you wanted to use it.
may 18, 2014 1:05:20 PM org.directwebremoting.util.CommonsLoggingOutput info
Información: Probably not an issue: org.jdom.Element is not available so the jdom converter will not load. This is only an problem if you wanted to use it.
may 18, 2014 1:05:20 PM org.apache.coyote.http11.Http11Protocol start
Información: Arrancando Coyote HTTP/1.1 en puerto http-8089
may 18, 2014 1:05:20 PM org.apache.jk.common.ChannelSocket init
Información: JK: ajp13 listening on /0.0.0.0:8009
may 18, 2014 1:05:20 PM org.apache.jk.server.JkMain start
Información: Jk running ID=0 time=0/41  config=null
may 18, 2014 1:05:20 PM org.apache.catalina.startup.Catalina start
Información: Server startup in 6610 ms
may 18, 2014 1:09:30 PM org.apache.catalina.startup.HostConfig checkResources
Información: Falló la recarga del contexto [/Empresa]
may 18, 2014 1:09:31 PM org.directwebremoting.util.CommonsLoggingOutput info
Información: DWR Version 2.0.5 starting.
may 18, 2014 1:09:31 PM org.directwebremoting.util.CommonsLoggingOutput info
Información: - Servlet Engine: Apache Tomcat/6.0.20
may 18, 2014 1:09:31 PM org.directwebremoting.util.CommonsLoggingOutput info
Información: - Java Version:   1.7.0_45
may 18, 2014 1:09:31 PM org.directwebremoting.util.CommonsLoggingOutput info
Información: - Java Vendor:    Oracle Corporation
may 18, 2014 1:09:31 PM org.directwebremoting.util.CommonsLoggingOutput info
Información: Probably not an issue: org.jdom.Document is not available so the jdom converter will not load. This is only an problem if you wanted to use it.
may 18, 2014 1:09:31 PM org.directwebremoting.util.CommonsLoggingOutput info
Información: Probably not an issue: org.jdom.Element is not available so the jdom converter will not load. This is only an problem if you wanted to use it.
may 18, 2014 1:11:24 PM org.openxava.util.xmlparse.ParserBase _parse
Grave: JAR entry default-controllers.xml not found in C:\Users\MIGUE\Desktop\openxava-4.1.2\tomcat\webapps\Empresa\WEB-INF\lib\openxava.jar
java.io.FileNotFoundException: JAR entry default-controllers.xml not found in C:\Users\MIGUE\Desktop\openxava-4.1.2\tomcat\webapps\Empresa\WEB-INF\lib\openxava.jar
	at sun.net.www.protocol.jar.JarURLConnection.connect(JarURLConnection.java:140)
	at sun.net.www.protocol.jar.JarURLConnection.getInputStream(JarURLConnection.java:150)
	at com.sun.org.apache.xerces.internal.impl.XMLEntityManager.setupCurrentEntity(XMLEntityManager.java:613)
	at com.sun.org.apache.xerces.internal.impl.XMLVersionDetector.determineDocVersion(XMLVersionDetector.java:189)
	at com.sun.org.apache.xerces.internal.parsers.XML11Configuration.parse(XML11Configuration.java:812)
	at com.sun.org.apache.xerces.internal.parsers.XML11Configuration.parse(XML11Configuration.java:777)
	at com.sun.org.apache.xerces.internal.parsers.XMLParser.parse(XMLParser.java:141)
	at com.sun.org.apache.xerces.internal.parsers.DOMParser.parse(DOMParser.java:243)
	at com.sun.org.apache.xerces.internal.jaxp.DocumentBuilderImpl.parse(DocumentBuilderImpl.java:347)
	at javax.xml.parsers.DocumentBuilder.parse(DocumentBuilder.java:177)
	at org.openxava.util.xmlparse.ParserBase._parse(ParserBase.java:100)
	at org.openxava.util.xmlparse.ParserBase.parse(ParserBase.java:78)
	at org.openxava.controller.meta.xmlparse.ControllersParser.configureControllers(ControllersParser.java:24)
	at org.openxava.controller.meta.MetaControllers.setup(MetaControllers.java:45)
	at org.openxava.controller.meta.MetaControllers.getMetaObject(MetaControllers.java:93)
	at org.openxava.controller.ModuleContext.isGlobal(ModuleContext.java:187)
	at org.openxava.controller.ModuleContext.getContext(ModuleContext.java:173)
	at org.openxava.controller.ModuleContext.get(ModuleContext.java:90)
	at org.openxava.controller.ModuleContext.getCurrentModule(ModuleContext.java:162)
	at org.apache.jsp.xava.module_jsp._jspService(module_jsp.java:155)
	at org.apache.jasper.runtime.HttpJspBase.service(HttpJspBase.java:70)
	at javax.servlet.http.HttpServlet.service(HttpServlet.java:717)
	at org.apache.jasper.servlet.JspServletWrapper.service(JspServletWrapper.java:374)
	at org.apache.jasper.servlet.JspServlet.serviceJspFile(JspServlet.java:342)
	at org.apache.jasper.servlet.JspServlet.service(JspServlet.java:267)
	at javax.servlet.http.HttpServlet.service(HttpServlet.java:717)
	at org.apache.catalina.core.ApplicationFilterChain.internalDoFilter(ApplicationFilterChain.java:290)
	at org.apache.catalina.core.ApplicationFilterChain.doFilter(ApplicationFilterChain.java:206)
	at org.apache.catalina.core.ApplicationDispatcher.invoke(ApplicationDispatcher.java:646)
	at org.apache.catalina.core.ApplicationDispatcher.processRequest(ApplicationDispatcher.java:436)
	at org.apache.catalina.core.ApplicationDispatcher.doForward(ApplicationDispatcher.java:374)
	at org.apache.catalina.core.ApplicationDispatcher.forward(ApplicationDispatcher.java:302)
	at org.openxava.web.servlets.ModuleServlet.doGet(ModuleServlet.java:24)
	at javax.servlet.http.HttpServlet.service(HttpServlet.java:617)
	at javax.servlet.http.HttpServlet.service(HttpServlet.java:717)
	at org.apache.catalina.core.ApplicationFilterChain.internalDoFilter(ApplicationFilterChain.java:290)
	at org.apache.catalina.core.ApplicationFilterChain.doFilter(ApplicationFilterChain.java:206)
	at org.apache.catalina.core.StandardWrapperValve.invoke(StandardWrapperValve.java:233)
	at org.apache.catalina.core.StandardContextValve.invoke(StandardContextValve.java:191)
	at org.apache.catalina.core.StandardHostValve.invoke(StandardHostValve.java:128)
	at org.apache.catalina.valves.ErrorReportValve.invoke(ErrorReportValve.java:102)
	at org.apache.catalina.core.StandardEngineValve.invoke(StandardEngineValve.java:109)
	at org.apache.catalina.connector.CoyoteAdapter.service(CoyoteAdapter.java:293)
	at org.apache.coyote.http11.Http11Processor.process(Http11Processor.java:849)
	at org.apache.coyote.http11.Http11Protocol$Http11ConnectionHandler.process(Http11Protocol.java:583)
	at org.apache.tomcat.util.net.JIoEndpoint$Worker.run(JIoEndpoint.java:454)
	at java.lang.Thread.run(Thread.java:744)

may 18, 2014 1:12:41 PM org.apache.catalina.startup.Catalina stopServer
Grave: Catalina.stop: 
java.net.ConnectException: Connection refused: connect
	at java.net.DualStackPlainSocketImpl.connect0(Native Method)
	at java.net.DualStackPlainSocketImpl.socketConnect(DualStackPlainSocketImpl.java:79)
	at java.net.AbstractPlainSocketImpl.doConnect(AbstractPlainSocketImpl.java:339)
	at java.net.AbstractPlainSocketImpl.connectToAddress(AbstractPlainSocketImpl.java:200)
	at java.net.AbstractPlainSocketImpl.connect(AbstractPlainSocketImpl.java:182)
	at java.net.PlainSocketImpl.connect(PlainSocketImpl.java:172)
	at java.net.SocksSocketImpl.connect(SocksSocketImpl.java:392)
	at java.net.Socket.connect(Socket.java:579)
	at java.net.Socket.connect(Socket.java:528)
	at java.net.Socket.<init>(Socket.java:425)
	at java.net.Socket.<init>(Socket.java:208)
	at org.apache.catalina.startup.Catalina.stopServer(Catalina.java:422)
	at sun.reflect.NativeMethodAccessorImpl.invoke0(Native Method)
	at sun.reflect.NativeMethodAccessorImpl.invoke(NativeMethodAccessorImpl.java:57)
	at sun.reflect.DelegatingMethodAccessorImpl.invoke(DelegatingMethodAccessorImpl.java:43)
	at java.lang.reflect.Method.invoke(Method.java:606)
	at org.apache.catalina.startup.Bootstrap.stopServer(Bootstrap.java:337)
	at org.apache.catalina.startup.Bootstrap.main(Bootstrap.java:415)

may 18, 2014 1:15:40 PM org.apache.catalina.startup.Embedded initDirs
Grave: No puedo hallar carpeta temporal especificada en C:\Users\MIGUE\Desktop\openxava-4.1.2\tomcat\temp
may 18, 2014 1:15:40 PM org.apache.catalina.core.AprLifecycleListener init
Información: La biblioteca nativa de Apache Tomcat basada en ARP que permite un rendimiento óptimo en entornos de desarrollo no ha sido hallada en java.library.path: C:\Program Files\Java\jdk1.7.0_45\bin;C:\Windows\Sun\Java\bin;C:\Windows\system32;C:\Windows;C:\Program Files (x86)\PC Connectivity Solution\;C:\Program Files (x86)\NVIDIA Corporation\PhysX\Common;C:\Program Files\Common Files\Microsoft Shared\Windows Live;C:\Program Files (x86)\Common Files\Microsoft Shared\Windows Live;C:\Windows\system32;C:\Windows;C:\Windows\System32\Wbem;C:\Windows\System32\WindowsPowerShell\v1.0\;C:\Program Files (x86)\ATI Technologies\ATI.ACE\Core-Static;C:\Program Files\Intel\DMIX;C:\Program Files (x86)\QuickTime\QTSystem\;C:\Program Files (x86)\Pinnacle\Shared Files\;C:\Program Files (x86)\Windows Live\Shared;;.
may 18, 2014 1:15:40 PM org.apache.coyote.http11.Http11Protocol init
Información: Inicializando Coyote HTTP/1.1 en puerto http-8089
may 18, 2014 1:15:40 PM org.apache.catalina.startup.Catalina load
Información: Initialization processed in 510 ms
may 18, 2014 1:15:40 PM org.apache.catalina.core.StandardService start
Información: Arrancando servicio Catalina
may 18, 2014 1:15:40 PM org.apache.catalina.core.StandardEngine start
Información: Starting Servlet Engine: Apache Tomcat/6.0.20
may 18, 2014 1:15:41 PM org.directwebremoting.util.CommonsLoggingOutput info
Información: DWR Version 2.0.5 starting.
may 18, 2014 1:15:41 PM org.directwebremoting.util.CommonsLoggingOutput info
Información: - Servlet Engine: Apache Tomcat/6.0.20
may 18, 2014 1:15:41 PM org.directwebremoting.util.CommonsLoggingOutput info
Información: - Java Version:   1.7.0_45
may 18, 2014 1:15:41 PM org.directwebremoting.util.CommonsLoggingOutput info
Información: - Java Vendor:    Oracle Corporation
may 18, 2014 1:15:42 PM org.directwebremoting.util.CommonsLoggingOutput info
Información: Probably not an issue: org.jdom.Document is not available so the jdom converter will not load. This is only an problem if you wanted to use it.
may 18, 2014 1:15:42 PM org.directwebremoting.util.CommonsLoggingOutput info
Información: Probably not an issue: org.jdom.Element is not available so the jdom converter will not load. This is only an problem if you wanted to use it.
may 18, 2014 1:15:42 PM org.directwebremoting.util.CommonsLoggingOutput info
Información: DWR Version 2.0.5 starting.
may 18, 2014 1:15:42 PM org.directwebremoting.util.CommonsLoggingOutput info
Información: - Servlet Engine: Apache Tomcat/6.0.20
may 18, 2014 1:15:42 PM org.directwebremoting.util.CommonsLoggingOutput info
Información: - Java Version:   1.7.0_45
may 18, 2014 1:15:42 PM org.directwebremoting.util.CommonsLoggingOutput info
Información: - Java Vendor:    Oracle Corporation
may 18, 2014 1:15:42 PM org.directwebremoting.util.CommonsLoggingOutput info
Información: Probably not an issue: org.jdom.Document is not available so the jdom converter will not load. This is only an problem if you wanted to use it.
may 18, 2014 1:15:42 PM org.directwebremoting.util.CommonsLoggingOutput info
Información: Probably not an issue: org.jdom.Element is not available so the jdom converter will not load. This is only an problem if you wanted to use it.
may 18, 2014 1:15:43 PM org.directwebremoting.util.CommonsLoggingOutput info
Información: DWR Version 2.0.5 starting.
may 18, 2014 1:15:43 PM org.directwebremoting.util.CommonsLoggingOutput info
Información: - Servlet Engine: Apache Tomcat/6.0.20
may 18, 2014 1:15:43 PM org.directwebremoting.util.CommonsLoggingOutput info
Información: - Java Version:   1.7.0_45
may 18, 2014 1:15:43 PM org.directwebremoting.util.CommonsLoggingOutput info
Información: - Java Vendor:    Oracle Corporation
may 18, 2014 1:15:43 PM org.directwebremoting.util.CommonsLoggingOutput info
Información: Probably not an issue: org.jdom.Document is not available so the jdom converter will not load. This is only an problem if you wanted to use it.
may 18, 2014 1:15:43 PM org.directwebremoting.util.CommonsLoggingOutput info
Información: Probably not an issue: org.jdom.Element is not available so the jdom converter will not load. This is only an problem if you wanted to use it.
may 18, 2014 1:15:43 PM org.apache.coyote.http11.Http11Protocol start
Información: Arrancando Coyote HTTP/1.1 en puerto http-8089
may 18, 2014 1:15:43 PM org.apache.jk.common.ChannelSocket init
Información: JK: ajp13 listening on /0.0.0.0:8009
may 18, 2014 1:15:43 PM org.apache.jk.server.JkMain start
Información: Jk running ID=0 time=0/23  config=null
may 18, 2014 1:15:43 PM org.apache.catalina.startup.Catalina start
Información: Server startup in 3005 ms
may 18, 2014 1:15:53 PM org.openxava.controller.ModuleManager <clinit>
Información: OpenXava 4.1.2 (2011-4-11)
may 18, 2014 1:15:54 PM org.hibernate.annotations.common.Version <clinit>
Información: Hibernate Commons Annotations 3.2.0.Final
may 18, 2014 1:15:54 PM org.hibernate.cfg.Environment <clinit>
Información: Hibernate 3.6.1.Final
may 18, 2014 1:15:54 PM org.hibernate.cfg.Environment <clinit>
Información: hibernate.properties not found
may 18, 2014 1:15:54 PM org.hibernate.cfg.Environment buildBytecodeProvider
Información: Bytecode provider name : javassist
may 18, 2014 1:15:54 PM org.hibernate.cfg.Environment <clinit>
Información: using JDK 1.4 java.sql.Timestamp handling
may 18, 2014 1:15:54 PM org.hibernate.ejb.Version <clinit>
Información: Hibernate EntityManager 3.6.1.Final
may 18, 2014 1:15:54 PM org.hibernate.util.DTDEntityResolver resolveEntity
Advertencia: recognized obsolete hibernate namespace http://hibernate.sourceforge.net/. Use namespace http://www.hibernate.org/dtd/ instead. Refer to Hibernate 3.6 Migration Guide!
may 18, 2014 1:15:55 PM org.hibernate.cfg.HbmBinder bindRootPersistentClassCommonValues
Información: Mapping class: org.openxava.session.GalleryImage -> IMAGES
may 18, 2014 1:15:55 PM org.hibernate.cfg.AnnotationBinder bindClass
Información: Binding entity from annotated class: com.empresa.modelo.Piso
may 18, 2014 1:15:55 PM org.hibernate.cfg.annotations.EntityBinder bindTable
Información: Bind entity com.empresa.modelo.Piso on table piso
may 18, 2014 1:15:55 PM org.hibernate.cfg.AnnotationBinder bindClass
Información: Binding entity from annotated class: com.empresa.modelo.Vecino
may 18, 2014 1:15:55 PM org.hibernate.cfg.annotations.EntityBinder bindTable
Información: Bind entity com.empresa.modelo.Vecino on table vecino
may 18, 2014 1:15:55 PM org.hibernate.cfg.AnnotationBinder bindClass
Información: Binding entity from annotated class: com.empresa.modelo.Cliente
may 18, 2014 1:15:55 PM org.hibernate.cfg.annotations.EntityBinder bindTable
Información: Bind entity com.empresa.modelo.Cliente on table vecino
may 18, 2014 1:15:55 PM org.hibernate.validator.Version <clinit>
Información: Hibernate Validator 3.1.0.GA
may 18, 2014 1:15:55 PM org.hibernate.validator.util.Version <clinit>
Información: Hibernate Validator 4.1.0.Final
may 18, 2014 1:15:55 PM org.hibernate.validator.engine.resolver.DefaultTraversableResolver detectJPA
Información: Instantiated an instance of org.hibernate.validator.engine.resolver.JPATraversableResolver.
may 18, 2014 1:15:55 PM org.hibernate.validator.engine.resolver.DefaultTraversableResolver detectJPA
Información: Instantiated an instance of org.hibernate.validator.engine.resolver.JPATraversableResolver.
may 18, 2014 1:15:55 PM org.hibernate.validator.engine.resolver.DefaultTraversableResolver detectJPA
Información: Instantiated an instance of org.hibernate.validator.engine.resolver.JPATraversableResolver.
may 18, 2014 1:15:55 PM org.hibernate.cfg.search.HibernateSearchEventListenerRegister enableHibernateSearch
Información: Unable to find org.hibernate.search.event.FullTextIndexEventListener on the classpath. Hibernate Search is not enabled.
may 18, 2014 1:15:55 PM org.hibernate.util.NamingHelper getInitialContext
Información: JNDI InitialContext properties:{}
may 18, 2014 1:15:55 PM org.hibernate.connection.DatasourceConnectionProvider configure
Información: Using datasource: java:comp/env/jdbc/EmpresaDS
may 18, 2014 1:15:56 PM org.hibernate.cfg.SettingsFactory buildSettings
Información: Database ->
       name : MySQL
    version : 5.5.32
      major : 5
      minor : 5
may 18, 2014 1:15:56 PM org.hibernate.cfg.SettingsFactory buildSettings
Información: Driver ->
       name : MySQL Connector Java
    version : mysql-connector-java-5.1.25 ( Revision: ${bzr.revision-id} )
      major : 5
      minor : 1
may 18, 2014 1:15:56 PM org.hibernate.dialect.Dialect <init>
Información: Using dialect: org.hibernate.dialect.MySQLDialect
may 18, 2014 1:15:56 PM org.hibernate.engine.jdbc.JdbcSupportLoader useContextualLobCreation
Información: Disabling contextual LOB creation as createClob() method threw error : java.lang.reflect.InvocationTargetException
may 18, 2014 1:15:56 PM org.hibernate.transaction.TransactionFactoryFactory buildTransactionFactory
Información: Transaction strategy: org.hibernate.transaction.JDBCTransactionFactory
may 18, 2014 1:15:56 PM org.hibernate.transaction.TransactionManagerLookupFactory getTransactionManagerLookup
Información: No TransactionManagerLookup configured (in JTA environment, use of read-write or transactional second-level cache is not recommended)
may 18, 2014 1:15:56 PM org.hibernate.cfg.SettingsFactory buildSettings
Información: Automatic flush during beforeCompletion(): disabled
may 18, 2014 1:15:56 PM org.hibernate.cfg.SettingsFactory buildSettings
Información: Automatic session close at end of transaction: disabled
may 18, 2014 1:15:56 PM org.hibernate.cfg.SettingsFactory buildSettings
Información: JDBC batch size: 15
may 18, 2014 1:15:56 PM org.hibernate.cfg.SettingsFactory buildSettings
Información: JDBC batch updates for versioned data: disabled
may 18, 2014 1:15:56 PM org.hibernate.cfg.SettingsFactory buildSettings
Información: Scrollable result sets: enabled
may 18, 2014 1:15:56 PM org.hibernate.cfg.SettingsFactory buildSettings
Información: JDBC3 getGeneratedKeys(): enabled
may 18, 2014 1:15:56 PM org.hibernate.cfg.SettingsFactory buildSettings
Información: Connection release mode: auto
may 18, 2014 1:15:56 PM org.hibernate.cfg.SettingsFactory buildSettings
Información: Maximum outer join fetch depth: 2
may 18, 2014 1:15:56 PM org.hibernate.cfg.SettingsFactory buildSettings
Información: Default batch fetch size: 1
may 18, 2014 1:15:56 PM org.hibernate.cfg.SettingsFactory buildSettings
Información: Generate SQL with comments: disabled
may 18, 2014 1:15:56 PM org.hibernate.cfg.SettingsFactory buildSettings
Información: Order SQL updates by primary key: disabled
may 18, 2014 1:15:56 PM org.hibernate.cfg.SettingsFactory buildSettings
Información: Order SQL inserts for batching: disabled
may 18, 2014 1:15:56 PM org.hibernate.cfg.SettingsFactory createQueryTranslatorFactory
Información: Query translator: org.hibernate.hql.ast.ASTQueryTranslatorFactory
may 18, 2014 1:15:56 PM org.hibernate.hql.ast.ASTQueryTranslatorFactory <init>
Información: Using ASTQueryTranslatorFactory
may 18, 2014 1:15:56 PM org.hibernate.cfg.SettingsFactory buildSettings
Información: Query language substitutions: {}
may 18, 2014 1:15:56 PM org.hibernate.cfg.SettingsFactory buildSettings
Información: JPA-QL strict compliance: enabled
may 18, 2014 1:15:56 PM org.hibernate.cfg.SettingsFactory buildSettings
Información: Second-level cache: enabled
may 18, 2014 1:15:56 PM org.hibernate.cfg.SettingsFactory buildSettings
Información: Query cache: disabled
may 18, 2014 1:15:56 PM org.hibernate.cfg.SettingsFactory createRegionFactory
Información: Cache region factory : org.hibernate.cache.impl.NoCachingRegionFactory
may 18, 2014 1:15:56 PM org.hibernate.cfg.SettingsFactory buildSettings
Información: Optimize cache for minimal puts: disabled
may 18, 2014 1:15:56 PM org.hibernate.cfg.SettingsFactory buildSettings
Información: Structured second-level cache entries: disabled
may 18, 2014 1:15:56 PM org.hibernate.cfg.SettingsFactory buildSettings
Información: Statistics: disabled
may 18, 2014 1:15:56 PM org.hibernate.cfg.SettingsFactory buildSettings
Información: Deleted entity synthetic identifier rollback: disabled
may 18, 2014 1:15:56 PM org.hibernate.cfg.SettingsFactory buildSettings
Información: Default entity-mode: pojo
may 18, 2014 1:15:56 PM org.hibernate.cfg.SettingsFactory buildSettings
Información: Named query checking : enabled
may 18, 2014 1:15:56 PM org.hibernate.cfg.SettingsFactory buildSettings
Información: Check Nullability in Core (should be disabled when Bean Validation is on): disabled
may 18, 2014 1:15:56 PM org.hibernate.impl.SessionFactoryImpl <init>
Información: building session factory
may 18, 2014 1:15:56 PM org.hibernate.type.BasicTypeRegistry register
Información: Type registration [blob] overrides previous : org.hibernate.type.BlobType@25f12d71
may 18, 2014 1:15:56 PM org.hibernate.type.BasicTypeRegistry register
Información: Type registration [java.sql.Blob] overrides previous : org.hibernate.type.BlobType@25f12d71
may 18, 2014 1:15:56 PM org.hibernate.type.BasicTypeRegistry register
Información: Type registration [materialized_blob] overrides previous : org.hibernate.type.MaterializedBlobType@7cde692c
may 18, 2014 1:15:56 PM org.hibernate.type.BasicTypeRegistry register
Información: Type registration [clob] overrides previous : org.hibernate.type.ClobType@6dcb07bf
may 18, 2014 1:15:56 PM org.hibernate.type.BasicTypeRegistry register
Información: Type registration [java.sql.Clob] overrides previous : org.hibernate.type.ClobType@6dcb07bf
may 18, 2014 1:15:56 PM org.hibernate.type.BasicTypeRegistry register
Información: Type registration [wrapper_characters_clob] overrides previous : org.hibernate.type.CharacterArrayClobType@2c69c4e9
may 18, 2014 1:15:56 PM org.hibernate.type.BasicTypeRegistry register
Información: Type registration [materialized_clob] overrides previous : org.hibernate.type.MaterializedClobType@53feb3c6
may 18, 2014 1:15:56 PM org.hibernate.type.BasicTypeRegistry register
Información: Type registration [wrapper_materialized_blob] overrides previous : org.hibernate.type.WrappedMaterializedBlobType@76ccb73e
may 18, 2014 1:15:56 PM org.hibernate.type.BasicTypeRegistry register
Información: Type registration [characters_clob] overrides previous : org.hibernate.type.PrimitiveCharacterArrayClobType@7a128460
may 18, 2014 1:15:56 PM org.hibernate.id.UUIDHexGenerator <init>
Advertencia: Using org.hibernate.id.UUIDHexGenerator which does not generate IETF RFC 4122 compliant UUID values; consider using org.hibernate.id.UUIDGenerator instead
may 18, 2014 1:15:57 PM org.hibernate.impl.SessionFactoryObjectFactory addInstance
Información: Not binding factory to JNDI, no JNDI name configured
may 18, 2014 1:15:59 PM org.openxava.util.Labels get
Advertencia: Imposible internacionalizar elemento con id dnivecino
may 18, 2014 1:15:59 PM org.openxava.util.Labels get
Advertencia: Imposible internacionalizar elemento con id apellidos
may 18, 2014 1:15:59 PM org.openxava.util.Labels get
Advertencia: Imposible internacionalizar elemento con id fechanacimiento
may 18, 2014 1:15:59 PM org.openxava.util.Labels get
Advertencia: Imposible internacionalizar elemento con id edad
may 18, 2014 1:15:59 PM org.openxava.util.Labels get
Advertencia: Imposible internacionalizar elemento con id codpostal
may 18, 2014 1:15:59 PM org.openxava.util.Labels get
Advertencia: Imposible internacionalizar elemento con id ciudad
may 18, 2014 1:15:59 PM org.openxava.util.Labels get
Advertencia: Imposible internacionalizar elemento con id dnivecino
may 18, 2014 1:15:59 PM org.openxava.util.Labels get
Advertencia: Imposible internacionalizar elemento con id apellidos
may 18, 2014 1:15:59 PM org.openxava.util.Labels get
Advertencia: Imposible internacionalizar elemento con id fechanacimiento
may 18, 2014 1:15:59 PM org.openxava.util.Labels get
Advertencia: Imposible internacionalizar elemento con id edad
may 18, 2014 1:15:59 PM org.openxava.util.Labels get
Advertencia: Imposible internacionalizar elemento con id codpostal
may 18, 2014 1:15:59 PM org.openxava.util.Labels get
Advertencia: Imposible internacionalizar elemento con id ciudad
may 18, 2014 1:16:00 PM org.openxava.tab.impl.JDBCTabProvider nextBlock
Detallado: [JDBCTabProvider.nextBlock] Ejecutando SELECT vecino.dnivecino, vecino.dnivecino, vecino.nombre, vecino.apellidos, vecino.fechanacimiento, vecino.sexo, vecino.edad, vecino.direccion, vecino.codpostal, vecino.ciudad, vecino.telefono from vecino con argumentos 
may 18, 2014 1:16:00 PM org.openxava.tab.impl.TableModelBean getRow
Detallado: nextChunk=156
may 18, 2014 1:16:00 PM org.openxava.util.Labels get
Advertencia: Imposible internacionalizar elemento con id sumColumn
may 18, 2014 1:16:00 PM org.openxava.util.Labels get
Advertencia: Imposible internacionalizar elemento con id sumColumn
may 18, 2014 1:16:00 PM org.openxava.util.Labels get
Advertencia: Imposible internacionalizar elemento con id sumColumn
may 18, 2014 1:16:00 PM org.openxava.util.Labels get
Advertencia: Imposible internacionalizar elemento con id sumColumn
may 18, 2014 1:16:00 PM org.openxava.util.Labels get
Advertencia: Imposible internacionalizar elemento con id sumColumn
may 18, 2014 1:16:00 PM org.openxava.util.Labels get
Advertencia: Imposible internacionalizar elemento con id sumColumn
may 18, 2014 1:16:08 PM org.openxava.util.Labels get
Advertencia: Imposible internacionalizar elemento con id Vecino
may 18, 2014 1:16:08 PM org.openxava.util.Labels get
Advertencia: Imposible internacionalizar elemento con id Vecino
may 18, 2014 1:16:08 PM org.openxava.util.Labels get
Advertencia: Imposible internacionalizar elemento con id Vecino
may 18, 2014 1:16:08 PM org.openxava.util.Labels get
Advertencia: Imposible internacionalizar elemento con id dnivecino
may 18, 2014 1:16:08 PM org.openxava.util.Labels get
Advertencia: Imposible internacionalizar elemento con id apellidos
may 18, 2014 1:16:08 PM org.openxava.util.Labels get
Advertencia: Imposible internacionalizar elemento con id fechanacimiento
may 18, 2014 1:16:08 PM org.openxava.util.Labels get
Advertencia: Imposible internacionalizar elemento con id edad
may 18, 2014 1:16:08 PM org.openxava.util.Labels get
Advertencia: Imposible internacionalizar elemento con id codpostal
may 18, 2014 1:16:08 PM org.openxava.util.Labels get
Advertencia: Imposible internacionalizar elemento con id ciudad
may 18, 2014 1:16:08 PM org.openxava.util.Labels get
Advertencia: Imposible internacionalizar elemento con id dnivecino
may 18, 2014 1:16:08 PM org.openxava.util.Labels get
Advertencia: Imposible internacionalizar elemento con id apellidos
may 18, 2014 1:16:08 PM org.openxava.util.Labels get
Advertencia: Imposible internacionalizar elemento con id fechanacimiento
may 18, 2014 1:16:08 PM org.openxava.util.Labels get
Advertencia: Imposible internacionalizar elemento con id edad
may 18, 2014 1:16:08 PM org.openxava.util.Labels get
Advertencia: Imposible internacionalizar elemento con id codpostal
may 18, 2014 1:16:08 PM org.openxava.util.Labels get
Advertencia: Imposible internacionalizar elemento con id ciudad
may 18, 2014 1:16:08 PM org.openxava.tab.impl.JDBCTabProvider nextBlock
Detallado: [JDBCTabProvider.nextBlock] Ejecutando SELECT vecino.dnivecino, vecino.dnivecino, vecino.nombre, vecino.apellidos, vecino.fechanacimiento, vecino.sexo, vecino.edad, vecino.direccion, vecino.codpostal, vecino.ciudad, vecino.telefono from vecino con argumentos 
may 18, 2014 1:16:08 PM org.openxava.tab.impl.TableModelBean getRow
Detallado: nextChunk=13
may 18, 2014 1:16:08 PM org.openxava.util.Labels get
Advertencia: Imposible internacionalizar elemento con id sumColumn
may 18, 2014 1:16:08 PM org.openxava.util.Labels get
Advertencia: Imposible internacionalizar elemento con id sumColumn
may 18, 2014 1:16:08 PM org.openxava.util.Labels get
Advertencia: Imposible internacionalizar elemento con id sumColumn
may 18, 2014 1:16:08 PM org.openxava.util.Labels get
Advertencia: Imposible internacionalizar elemento con id sumColumn
may 18, 2014 1:16:08 PM org.openxava.util.Labels get
Advertencia: Imposible internacionalizar elemento con id sumColumn
may 18, 2014 1:16:08 PM org.openxava.util.Labels get
Advertencia: Imposible internacionalizar elemento con id sumColumn
may 18, 2014 1:16:28 PM org.openxava.util.Labels get
Advertencia: Imposible internacionalizar elemento con id Piso
may 18, 2014 1:16:28 PM org.openxava.util.Labels get
Advertencia: Imposible internacionalizar elemento con id Piso
may 18, 2014 1:16:28 PM org.openxava.util.Labels get
Advertencia: Imposible internacionalizar elemento con id Piso
may 18, 2014 1:16:28 PM org.openxava.util.Labels get
Advertencia: Imposible internacionalizar elemento con id idpiso
may 18, 2014 1:16:28 PM org.openxava.util.Labels get
Advertencia: Imposible internacionalizar elemento con id metroscuadrados
may 18, 2014 1:16:28 PM org.openxava.util.Labels get
Advertencia: Imposible internacionalizar elemento con id planta
may 18, 2014 1:16:28 PM org.openxava.util.Labels get
Advertencia: Imposible internacionalizar elemento con id ubicacion
may 18, 2014 1:16:28 PM org.openxava.util.Labels get
Advertencia: Imposible internacionalizar elemento con id calidad
may 18, 2014 1:16:28 PM org.openxava.util.Labels get
Advertencia: Imposible internacionalizar elemento con id numhabitaciones
may 18, 2014 1:16:28 PM org.openxava.util.Labels get
Advertencia: Imposible internacionalizar elemento con id garaje
may 18, 2014 1:16:28 PM org.openxava.util.Labels get
Advertencia: Imposible internacionalizar elemento con id precio
may 18, 2014 1:16:28 PM org.openxava.util.Labels get
Advertencia: Imposible internacionalizar elemento con id orientacion
may 18, 2014 1:16:28 PM org.openxava.util.Labels get
Advertencia: Imposible internacionalizar elemento con id idpiso
may 18, 2014 1:16:28 PM org.openxava.util.Labels get
Advertencia: Imposible internacionalizar elemento con id metroscuadrados
may 18, 2014 1:16:28 PM org.openxava.util.Labels get
Advertencia: Imposible internacionalizar elemento con id planta
may 18, 2014 1:16:28 PM org.openxava.util.Labels get
Advertencia: Imposible internacionalizar elemento con id ubicacion
may 18, 2014 1:16:28 PM org.openxava.util.Labels get
Advertencia: Imposible internacionalizar elemento con id calidad
may 18, 2014 1:16:28 PM org.openxava.util.Labels get
Advertencia: Imposible internacionalizar elemento con id numhabitaciones
may 18, 2014 1:16:28 PM org.openxava.util.Labels get
Advertencia: Imposible internacionalizar elemento con id garaje
may 18, 2014 1:16:28 PM org.openxava.util.Labels get
Advertencia: Imposible internacionalizar elemento con id precio
may 18, 2014 1:16:28 PM org.openxava.util.Labels get
Advertencia: Imposible internacionalizar elemento con id orientacion
may 18, 2014 1:16:28 PM org.openxava.tab.impl.JDBCTabProvider nextBlock
Detallado: [JDBCTabProvider.nextBlock] Ejecutando SELECT piso.idpiso, piso.idpiso, piso.metroscuadrados, piso.numero, piso.planta, piso.ubicacion, piso.calidad, piso.numhabitaciones, piso.garaje, piso.precio, piso.orientacion from piso con argumentos 
may 18, 2014 1:16:28 PM org.openxava.tab.impl.TableModelBean getRow
Detallado: nextChunk=75
may 18, 2014 1:16:28 PM org.openxava.util.Labels get
Advertencia: Imposible internacionalizar elemento con id sumColumn
may 18, 2014 1:16:28 PM org.openxava.util.Labels get
Advertencia: Imposible internacionalizar elemento con id sumColumn
may 18, 2014 1:16:28 PM org.openxava.util.Labels get
Advertencia: Imposible internacionalizar elemento con id sumColumn
may 18, 2014 1:16:28 PM org.openxava.util.Labels get
Advertencia: Imposible internacionalizar elemento con id sumColumn
may 18, 2014 1:16:28 PM org.openxava.util.Labels get
Advertencia: Imposible internacionalizar elemento con id sumColumn
may 18, 2014 1:16:28 PM org.openxava.util.Labels get
Advertencia: Imposible internacionalizar elemento con id sumColumn
may 18, 2014 1:16:28 PM org.openxava.util.Labels get
Advertencia: Imposible internacionalizar elemento con id sumColumn
may 18, 2014 1:16:28 PM org.openxava.util.Labels get
Advertencia: Imposible internacionalizar elemento con id sumColumn
may 18, 2014 1:16:28 PM org.openxava.util.Labels get
Advertencia: Imposible internacionalizar elemento con id sumColumn
may 18, 2014 1:16:28 PM org.openxava.util.Labels get
Advertencia: Imposible internacionalizar elemento con id sumColumn
may 18, 2014 1:16:28 PM org.openxava.util.Labels get
Advertencia: Imposible internacionalizar elemento con id sumColumn
may 18, 2014 1:16:28 PM org.openxava.util.Labels get
Advertencia: Imposible internacionalizar elemento con id sumColumn
