abr 17, 2014 12:11:33 AM org.apache.catalina.startup.Catalina stopServer
Grave: Catalina.stop: 
java.net.ConnectException: Connection refused: connect
	at java.net.DualStackPlainSocketImpl.connect0(Native Method)
	at java.net.DualStackPlainSocketImpl.socketConnect(DualStackPlainSocketImpl.java:79)
	at java.net.AbstractPlainSocketImpl.doConnect(AbstractPlainSocketImpl.java:339)
	at java.net.AbstractPlainSocketImpl.connectToAddress(AbstractPlainSocketImpl.java:200)
	at java.net.AbstractPlainSocketImpl.connect(AbstractPlainSocketImpl.java:182)
	at java.net.PlainSocketImpl.connect(PlainSocketImpl.java:172)
	at java.net.SocksSocketImpl.connect(SocksSocketImpl.java:392)
	at java.net.Socket.connect(Socket.java:579)
	at java.net.Socket.connect(Socket.java:528)
	at java.net.Socket.<init>(Socket.java:425)
	at java.net.Socket.<init>(Socket.java:208)
	at org.apache.catalina.startup.Catalina.stopServer(Catalina.java:422)
	at sun.reflect.NativeMethodAccessorImpl.invoke0(Native Method)
	at sun.reflect.NativeMethodAccessorImpl.invoke(NativeMethodAccessorImpl.java:57)
	at sun.reflect.DelegatingMethodAccessorImpl.invoke(DelegatingMethodAccessorImpl.java:43)
	at java.lang.reflect.Method.invoke(Method.java:606)
	at org.apache.catalina.startup.Bootstrap.stopServer(Bootstrap.java:337)
	at org.apache.catalina.startup.Bootstrap.main(Bootstrap.java:415)

abr 17, 2014 12:11:35 AM org.apache.catalina.startup.Embedded initDirs
Grave: No puedo hallar carpeta temporal especificada en C:\Users\MIGUE\Desktop\openxava-4.1.2\tomcat\temp
abr 17, 2014 12:11:36 AM org.apache.catalina.core.AprLifecycleListener init
Información: La biblioteca nativa de Apache Tomcat basada en ARP que permite un rendimiento óptimo en entornos de desarrollo no ha sido hallada en java.library.path: C:\Program Files\Java\jdk1.7.0_45\bin;C:\Windows\Sun\Java\bin;C:\Windows\system32;C:\Windows;C:\Program Files (x86)\PC Connectivity Solution\;C:\Program Files (x86)\NVIDIA Corporation\PhysX\Common;C:\Program Files\Common Files\Microsoft Shared\Windows Live;C:\Program Files (x86)\Common Files\Microsoft Shared\Windows Live;C:\Windows\system32;C:\Windows;C:\Windows\System32\Wbem;C:\Windows\System32\WindowsPowerShell\v1.0\;C:\Program Files (x86)\ATI Technologies\ATI.ACE\Core-Static;C:\Program Files\Intel\DMIX;C:\Program Files (x86)\QuickTime\QTSystem\;C:\Program Files (x86)\Pinnacle\Shared Files\;C:\Program Files (x86)\Windows Live\Shared;;.
abr 17, 2014 12:11:36 AM org.apache.coyote.http11.Http11Protocol init
Información: Inicializando Coyote HTTP/1.1 en puerto http-8089
abr 17, 2014 12:11:36 AM org.apache.catalina.startup.Catalina load
Información: Initialization processed in 585 ms
abr 17, 2014 12:11:36 AM org.apache.catalina.core.StandardService start
Información: Arrancando servicio Catalina
abr 17, 2014 12:11:36 AM org.apache.catalina.core.StandardEngine start
Información: Starting Servlet Engine: Apache Tomcat/6.0.20
abr 17, 2014 12:11:37 AM org.directwebremoting.util.CommonsLoggingOutput info
Información: DWR Version 2.0.5 starting.
abr 17, 2014 12:11:37 AM org.directwebremoting.util.CommonsLoggingOutput info
Información: - Servlet Engine: Apache Tomcat/6.0.20
abr 17, 2014 12:11:37 AM org.directwebremoting.util.CommonsLoggingOutput info
Información: - Java Version:   1.7.0_45
abr 17, 2014 12:11:37 AM org.directwebremoting.util.CommonsLoggingOutput info
Información: - Java Vendor:    Oracle Corporation
abr 17, 2014 12:11:37 AM org.directwebremoting.util.CommonsLoggingOutput info
Información: Probably not an issue: org.jdom.Document is not available so the jdom converter will not load. This is only an problem if you wanted to use it.
abr 17, 2014 12:11:37 AM org.directwebremoting.util.CommonsLoggingOutput info
Información: Probably not an issue: org.jdom.Element is not available so the jdom converter will not load. This is only an problem if you wanted to use it.
abr 17, 2014 12:11:38 AM org.directwebremoting.util.CommonsLoggingOutput info
Información: DWR Version 2.0.5 starting.
abr 17, 2014 12:11:38 AM org.directwebremoting.util.CommonsLoggingOutput info
Información: - Servlet Engine: Apache Tomcat/6.0.20
abr 17, 2014 12:11:38 AM org.directwebremoting.util.CommonsLoggingOutput info
Información: - Java Version:   1.7.0_45
abr 17, 2014 12:11:38 AM org.directwebremoting.util.CommonsLoggingOutput info
Información: - Java Vendor:    Oracle Corporation
abr 17, 2014 12:11:39 AM org.directwebremoting.util.CommonsLoggingOutput info
Información: Probably not an issue: org.jdom.Document is not available so the jdom converter will not load. This is only an problem if you wanted to use it.
abr 17, 2014 12:11:39 AM org.directwebremoting.util.CommonsLoggingOutput info
Información: Probably not an issue: org.jdom.Element is not available so the jdom converter will not load. This is only an problem if you wanted to use it.
abr 17, 2014 12:11:39 AM org.directwebremoting.util.CommonsLoggingOutput info
Información: DWR Version 2.0.5 starting.
abr 17, 2014 12:11:39 AM org.directwebremoting.util.CommonsLoggingOutput info
Información: - Servlet Engine: Apache Tomcat/6.0.20
abr 17, 2014 12:11:39 AM org.directwebremoting.util.CommonsLoggingOutput info
Información: - Java Version:   1.7.0_45
abr 17, 2014 12:11:39 AM org.directwebremoting.util.CommonsLoggingOutput info
Información: - Java Vendor:    Oracle Corporation
abr 17, 2014 12:11:39 AM org.directwebremoting.util.CommonsLoggingOutput info
Información: Probably not an issue: org.jdom.Document is not available so the jdom converter will not load. This is only an problem if you wanted to use it.
abr 17, 2014 12:11:39 AM org.directwebremoting.util.CommonsLoggingOutput info
Información: Probably not an issue: org.jdom.Element is not available so the jdom converter will not load. This is only an problem if you wanted to use it.
abr 17, 2014 12:11:39 AM org.apache.coyote.http11.Http11Protocol start
Información: Arrancando Coyote HTTP/1.1 en puerto http-8089
abr 17, 2014 12:11:40 AM org.apache.jk.common.ChannelSocket init
Información: JK: ajp13 listening on /0.0.0.0:8009
abr 17, 2014 12:11:40 AM org.apache.jk.server.JkMain start
Información: Jk running ID=0 time=0/31  config=null
abr 17, 2014 12:11:40 AM org.apache.catalina.startup.Catalina start
Información: Server startup in 3964 ms
abr 17, 2014 12:13:18 AM org.apache.catalina.startup.Embedded initDirs
Grave: No puedo hallar carpeta temporal especificada en C:\Users\MIGUE\Desktop\openxava-4.1.2\tomcat\temp
abr 17, 2014 12:13:19 AM org.apache.catalina.core.AprLifecycleListener init
Información: La biblioteca nativa de Apache Tomcat basada en ARP que permite un rendimiento óptimo en entornos de desarrollo no ha sido hallada en java.library.path: C:\Program Files\Java\jdk1.7.0_45\bin;C:\Windows\Sun\Java\bin;C:\Windows\system32;C:\Windows;C:\Program Files (x86)\PC Connectivity Solution\;C:\Program Files (x86)\NVIDIA Corporation\PhysX\Common;C:\Program Files\Common Files\Microsoft Shared\Windows Live;C:\Program Files (x86)\Common Files\Microsoft Shared\Windows Live;C:\Windows\system32;C:\Windows;C:\Windows\System32\Wbem;C:\Windows\System32\WindowsPowerShell\v1.0\;C:\Program Files (x86)\ATI Technologies\ATI.ACE\Core-Static;C:\Program Files\Intel\DMIX;C:\Program Files (x86)\QuickTime\QTSystem\;C:\Program Files (x86)\Pinnacle\Shared Files\;C:\Program Files (x86)\Windows Live\Shared;;.
abr 17, 2014 12:13:19 AM org.apache.coyote.http11.Http11Protocol init
Información: Inicializando Coyote HTTP/1.1 en puerto http-8089
abr 17, 2014 12:13:19 AM org.apache.catalina.startup.Catalina load
Información: Initialization processed in 862 ms
abr 17, 2014 12:13:19 AM org.apache.catalina.core.StandardService start
Información: Arrancando servicio Catalina
abr 17, 2014 12:13:19 AM org.apache.catalina.core.StandardEngine start
Información: Starting Servlet Engine: Apache Tomcat/6.0.20
abr 17, 2014 12:13:20 AM org.directwebremoting.util.CommonsLoggingOutput info
Información: DWR Version 2.0.5 starting.
abr 17, 2014 12:13:20 AM org.directwebremoting.util.CommonsLoggingOutput info
Información: - Servlet Engine: Apache Tomcat/6.0.20
abr 17, 2014 12:13:20 AM org.directwebremoting.util.CommonsLoggingOutput info
Información: - Java Version:   1.7.0_45
abr 17, 2014 12:13:20 AM org.directwebremoting.util.CommonsLoggingOutput info
Información: - Java Vendor:    Oracle Corporation
abr 17, 2014 12:13:21 AM org.directwebremoting.util.CommonsLoggingOutput info
Información: Probably not an issue: org.jdom.Document is not available so the jdom converter will not load. This is only an problem if you wanted to use it.
abr 17, 2014 12:13:21 AM org.directwebremoting.util.CommonsLoggingOutput info
Información: Probably not an issue: org.jdom.Element is not available so the jdom converter will not load. This is only an problem if you wanted to use it.
abr 17, 2014 12:13:21 AM org.directwebremoting.util.CommonsLoggingOutput info
Información: DWR Version 2.0.5 starting.
abr 17, 2014 12:13:21 AM org.directwebremoting.util.CommonsLoggingOutput info
Información: - Servlet Engine: Apache Tomcat/6.0.20
abr 17, 2014 12:13:21 AM org.directwebremoting.util.CommonsLoggingOutput info
Información: - Java Version:   1.7.0_45
abr 17, 2014 12:13:21 AM org.directwebremoting.util.CommonsLoggingOutput info
Información: - Java Vendor:    Oracle Corporation
abr 17, 2014 12:13:22 AM org.directwebremoting.util.CommonsLoggingOutput info
Información: Probably not an issue: org.jdom.Document is not available so the jdom converter will not load. This is only an problem if you wanted to use it.
abr 17, 2014 12:13:22 AM org.directwebremoting.util.CommonsLoggingOutput info
Información: Probably not an issue: org.jdom.Element is not available so the jdom converter will not load. This is only an problem if you wanted to use it.
abr 17, 2014 12:13:22 AM org.directwebremoting.util.CommonsLoggingOutput info
Información: DWR Version 2.0.5 starting.
abr 17, 2014 12:13:22 AM org.directwebremoting.util.CommonsLoggingOutput info
Información: - Servlet Engine: Apache Tomcat/6.0.20
abr 17, 2014 12:13:22 AM org.directwebremoting.util.CommonsLoggingOutput info
Información: - Java Version:   1.7.0_45
abr 17, 2014 12:13:22 AM org.directwebremoting.util.CommonsLoggingOutput info
Información: - Java Vendor:    Oracle Corporation
abr 17, 2014 12:13:22 AM org.directwebremoting.util.CommonsLoggingOutput info
Información: Probably not an issue: org.jdom.Document is not available so the jdom converter will not load. This is only an problem if you wanted to use it.
abr 17, 2014 12:13:22 AM org.directwebremoting.util.CommonsLoggingOutput info
Información: Probably not an issue: org.jdom.Element is not available so the jdom converter will not load. This is only an problem if you wanted to use it.
abr 17, 2014 12:13:22 AM org.apache.coyote.http11.Http11Protocol start
Información: Arrancando Coyote HTTP/1.1 en puerto http-8089
abr 17, 2014 12:13:22 AM org.apache.jk.common.ChannelSocket init
Información: JK: ajp13 listening on /0.0.0.0:8009
abr 17, 2014 12:13:22 AM org.apache.jk.server.JkMain start
Información: Jk running ID=0 time=0/22  config=null
abr 17, 2014 12:13:22 AM org.apache.catalina.startup.Catalina start
Información: Server startup in 3765 ms
abr 17, 2014 12:14:21 AM org.openxava.controller.ModuleManager <clinit>
Información: OpenXava 4.1.2 (2011-4-11)
abr 17, 2014 12:14:21 AM org.hibernate.annotations.common.Version <clinit>
Información: Hibernate Commons Annotations 3.2.0.Final
abr 17, 2014 12:14:21 AM org.hibernate.cfg.Environment <clinit>
Información: Hibernate 3.6.1.Final
abr 17, 2014 12:14:21 AM org.hibernate.cfg.Environment <clinit>
Información: hibernate.properties not found
abr 17, 2014 12:14:21 AM org.hibernate.cfg.Environment buildBytecodeProvider
Información: Bytecode provider name : javassist
abr 17, 2014 12:14:21 AM org.hibernate.cfg.Environment <clinit>
Información: using JDK 1.4 java.sql.Timestamp handling
abr 17, 2014 12:14:21 AM org.hibernate.ejb.Version <clinit>
Información: Hibernate EntityManager 3.6.1.Final
abr 17, 2014 12:14:22 AM org.hibernate.util.DTDEntityResolver resolveEntity
Advertencia: recognized obsolete hibernate namespace http://hibernate.sourceforge.net/. Use namespace http://www.hibernate.org/dtd/ instead. Refer to Hibernate 3.6 Migration Guide!
abr 17, 2014 12:14:22 AM org.hibernate.cfg.HbmBinder bindRootPersistentClassCommonValues
Información: Mapping class: org.openxava.session.GalleryImage -> IMAGES
abr 17, 2014 12:14:22 AM org.hibernate.cfg.AnnotationBinder bindClass
Información: Binding entity from annotated class: com.empresa.modelo.Cliente
abr 17, 2014 12:14:22 AM org.hibernate.cfg.annotations.EntityBinder bindTable
Información: Bind entity com.empresa.modelo.Cliente on table cliente
abr 17, 2014 12:14:22 AM org.hibernate.validator.Version <clinit>
Información: Hibernate Validator 3.1.0.GA
abr 17, 2014 12:14:22 AM org.hibernate.validator.util.Version <clinit>
Información: Hibernate Validator 4.1.0.Final
abr 17, 2014 12:14:22 AM org.hibernate.validator.engine.resolver.DefaultTraversableResolver detectJPA
Información: Instantiated an instance of org.hibernate.validator.engine.resolver.JPATraversableResolver.
abr 17, 2014 12:14:22 AM org.hibernate.validator.engine.resolver.DefaultTraversableResolver detectJPA
Información: Instantiated an instance of org.hibernate.validator.engine.resolver.JPATraversableResolver.
abr 17, 2014 12:14:22 AM org.hibernate.validator.engine.resolver.DefaultTraversableResolver detectJPA
Información: Instantiated an instance of org.hibernate.validator.engine.resolver.JPATraversableResolver.
abr 17, 2014 12:14:22 AM org.hibernate.cfg.search.HibernateSearchEventListenerRegister enableHibernateSearch
Información: Unable to find org.hibernate.search.event.FullTextIndexEventListener on the classpath. Hibernate Search is not enabled.
abr 17, 2014 12:14:22 AM org.hibernate.util.NamingHelper getInitialContext
Información: JNDI InitialContext properties:{}
abr 17, 2014 12:14:22 AM org.hibernate.connection.DatasourceConnectionProvider configure
Información: Using datasource: java:comp/env/jdbc/EmpresaDS
abr 17, 2014 12:14:23 AM org.hibernate.cfg.SettingsFactory buildSettings
Información: Database ->
       name : MySQL
    version : 5.5.32
      major : 5
      minor : 5
abr 17, 2014 12:14:23 AM org.hibernate.cfg.SettingsFactory buildSettings
Información: Driver ->
       name : MySQL Connector Java
    version : mysql-connector-java-5.1.25 ( Revision: ${bzr.revision-id} )
      major : 5
      minor : 1
abr 17, 2014 12:14:23 AM org.hibernate.dialect.Dialect <init>
Información: Using dialect: org.hibernate.dialect.MySQLDialect
abr 17, 2014 12:14:23 AM org.hibernate.engine.jdbc.JdbcSupportLoader useContextualLobCreation
Información: Disabling contextual LOB creation as createClob() method threw error : java.lang.reflect.InvocationTargetException
abr 17, 2014 12:14:23 AM org.hibernate.transaction.TransactionFactoryFactory buildTransactionFactory
Información: Transaction strategy: org.hibernate.transaction.JDBCTransactionFactory
abr 17, 2014 12:14:23 AM org.hibernate.transaction.TransactionManagerLookupFactory getTransactionManagerLookup
Información: No TransactionManagerLookup configured (in JTA environment, use of read-write or transactional second-level cache is not recommended)
abr 17, 2014 12:14:23 AM org.hibernate.cfg.SettingsFactory buildSettings
Información: Automatic flush during beforeCompletion(): disabled
abr 17, 2014 12:14:23 AM org.hibernate.cfg.SettingsFactory buildSettings
Información: Automatic session close at end of transaction: disabled
abr 17, 2014 12:14:23 AM org.hibernate.cfg.SettingsFactory buildSettings
Información: JDBC batch size: 15
abr 17, 2014 12:14:23 AM org.hibernate.cfg.SettingsFactory buildSettings
Información: JDBC batch updates for versioned data: disabled
abr 17, 2014 12:14:23 AM org.hibernate.cfg.SettingsFactory buildSettings
Información: Scrollable result sets: enabled
abr 17, 2014 12:14:23 AM org.hibernate.cfg.SettingsFactory buildSettings
Información: JDBC3 getGeneratedKeys(): enabled
abr 17, 2014 12:14:23 AM org.hibernate.cfg.SettingsFactory buildSettings
Información: Connection release mode: auto
abr 17, 2014 12:14:23 AM org.hibernate.cfg.SettingsFactory buildSettings
Información: Maximum outer join fetch depth: 2
abr 17, 2014 12:14:23 AM org.hibernate.cfg.SettingsFactory buildSettings
Información: Default batch fetch size: 1
abr 17, 2014 12:14:23 AM org.hibernate.cfg.SettingsFactory buildSettings
Información: Generate SQL with comments: disabled
abr 17, 2014 12:14:23 AM org.hibernate.cfg.SettingsFactory buildSettings
Información: Order SQL updates by primary key: disabled
abr 17, 2014 12:14:23 AM org.hibernate.cfg.SettingsFactory buildSettings
Información: Order SQL inserts for batching: disabled
abr 17, 2014 12:14:23 AM org.hibernate.cfg.SettingsFactory createQueryTranslatorFactory
Información: Query translator: org.hibernate.hql.ast.ASTQueryTranslatorFactory
abr 17, 2014 12:14:23 AM org.hibernate.hql.ast.ASTQueryTranslatorFactory <init>
Información: Using ASTQueryTranslatorFactory
abr 17, 2014 12:14:23 AM org.hibernate.cfg.SettingsFactory buildSettings
Información: Query language substitutions: {}
abr 17, 2014 12:14:23 AM org.hibernate.cfg.SettingsFactory buildSettings
Información: JPA-QL strict compliance: enabled
abr 17, 2014 12:14:23 AM org.hibernate.cfg.SettingsFactory buildSettings
Información: Second-level cache: enabled
abr 17, 2014 12:14:23 AM org.hibernate.cfg.SettingsFactory buildSettings
Información: Query cache: disabled
abr 17, 2014 12:14:23 AM org.hibernate.cfg.SettingsFactory createRegionFactory
Información: Cache region factory : org.hibernate.cache.impl.NoCachingRegionFactory
abr 17, 2014 12:14:23 AM org.hibernate.cfg.SettingsFactory buildSettings
Información: Optimize cache for minimal puts: disabled
abr 17, 2014 12:14:23 AM org.hibernate.cfg.SettingsFactory buildSettings
Información: Structured second-level cache entries: disabled
abr 17, 2014 12:14:23 AM org.hibernate.cfg.SettingsFactory buildSettings
Información: Statistics: disabled
abr 17, 2014 12:14:23 AM org.hibernate.cfg.SettingsFactory buildSettings
Información: Deleted entity synthetic identifier rollback: disabled
abr 17, 2014 12:14:23 AM org.hibernate.cfg.SettingsFactory buildSettings
Información: Default entity-mode: pojo
abr 17, 2014 12:14:23 AM org.hibernate.cfg.SettingsFactory buildSettings
Información: Named query checking : enabled
abr 17, 2014 12:14:23 AM org.hibernate.cfg.SettingsFactory buildSettings
Información: Check Nullability in Core (should be disabled when Bean Validation is on): disabled
abr 17, 2014 12:14:23 AM org.hibernate.impl.SessionFactoryImpl <init>
Información: building session factory
abr 17, 2014 12:14:23 AM org.hibernate.type.BasicTypeRegistry register
Información: Type registration [wrapper_materialized_blob] overrides previous : org.hibernate.type.WrappedMaterializedBlobType@2310ebd1
abr 17, 2014 12:14:23 AM org.hibernate.type.BasicTypeRegistry register
Información: Type registration [wrapper_characters_clob] overrides previous : org.hibernate.type.CharacterArrayClobType@2be9f853
abr 17, 2014 12:14:23 AM org.hibernate.type.BasicTypeRegistry register
Información: Type registration [blob] overrides previous : org.hibernate.type.BlobType@dae27ab
abr 17, 2014 12:14:23 AM org.hibernate.type.BasicTypeRegistry register
Información: Type registration [java.sql.Blob] overrides previous : org.hibernate.type.BlobType@dae27ab
abr 17, 2014 12:14:23 AM org.hibernate.type.BasicTypeRegistry register
Información: Type registration [characters_clob] overrides previous : org.hibernate.type.PrimitiveCharacterArrayClobType@24ae5291
abr 17, 2014 12:14:23 AM org.hibernate.type.BasicTypeRegistry register
Información: Type registration [materialized_blob] overrides previous : org.hibernate.type.MaterializedBlobType@30aec067
abr 17, 2014 12:14:23 AM org.hibernate.type.BasicTypeRegistry register
Información: Type registration [clob] overrides previous : org.hibernate.type.ClobType@20d9c329
abr 17, 2014 12:14:23 AM org.hibernate.type.BasicTypeRegistry register
Información: Type registration [java.sql.Clob] overrides previous : org.hibernate.type.ClobType@20d9c329
abr 17, 2014 12:14:23 AM org.hibernate.type.BasicTypeRegistry register
Información: Type registration [materialized_clob] overrides previous : org.hibernate.type.MaterializedClobType@389bc998
abr 17, 2014 12:14:23 AM org.hibernate.id.UUIDHexGenerator <init>
Advertencia: Using org.hibernate.id.UUIDHexGenerator which does not generate IETF RFC 4122 compliant UUID values; consider using org.hibernate.id.UUIDGenerator instead
abr 17, 2014 12:14:23 AM org.hibernate.impl.SessionFactoryObjectFactory addInstance
Información: Not binding factory to JNDI, no JNDI name configured
abr 17, 2014 12:14:26 AM org.openxava.util.Labels get
Advertencia: Imposible internacionalizar elemento con id id
abr 17, 2014 12:14:26 AM org.openxava.util.Labels get
Advertencia: Imposible internacionalizar elemento con id dna
abr 17, 2014 12:14:26 AM org.openxava.util.Labels get
Advertencia: Imposible internacionalizar elemento con id nombreCompleto
abr 17, 2014 12:14:26 AM org.openxava.util.Labels get
Advertencia: Imposible internacionalizar elemento con id id
abr 17, 2014 12:14:26 AM org.openxava.util.Labels get
Advertencia: Imposible internacionalizar elemento con id dna
abr 17, 2014 12:14:26 AM org.openxava.util.Labels get
Advertencia: Imposible internacionalizar elemento con id nombreCompleto
abr 17, 2014 12:14:26 AM org.openxava.tab.impl.JDBCTabProvider nextBlock
Detallado: [JDBCTabProvider.nextBlock] Ejecutando SELECT cliente.id, cliente.id, cliente.dna, cliente.nombre_completo from cliente con argumentos 
abr 17, 2014 12:14:26 AM org.openxava.tab.impl.JDBCTabProvider nextChunk
Grave: Fallo al ejecutar SELECT cliente.id, cliente.id, cliente.dna, cliente.nombre_completo from cliente
com.mysql.jdbc.exceptions.jdbc4.MySQLSyntaxErrorException: Unknown column 'cliente.dna' in 'field list'
	at sun.reflect.NativeConstructorAccessorImpl.newInstance0(Native Method)
	at sun.reflect.NativeConstructorAccessorImpl.newInstance(NativeConstructorAccessorImpl.java:57)
	at sun.reflect.DelegatingConstructorAccessorImpl.newInstance(DelegatingConstructorAccessorImpl.java:45)
	at java.lang.reflect.Constructor.newInstance(Constructor.java:526)
	at com.mysql.jdbc.Util.handleNewInstance(Util.java:411)
	at com.mysql.jdbc.Util.getInstance(Util.java:386)
	at com.mysql.jdbc.SQLError.createSQLException(SQLError.java:1054)
	at com.mysql.jdbc.MysqlIO.checkErrorPacket(MysqlIO.java:4187)
	at com.mysql.jdbc.MysqlIO.checkErrorPacket(MysqlIO.java:4119)
	at com.mysql.jdbc.MysqlIO.sendCommand(MysqlIO.java:2570)
	at com.mysql.jdbc.MysqlIO.sqlQueryDirect(MysqlIO.java:2731)
	at com.mysql.jdbc.ConnectionImpl.execSQL(ConnectionImpl.java:2815)
	at com.mysql.jdbc.PreparedStatement.executeInternal(PreparedStatement.java:2155)
	at com.mysql.jdbc.PreparedStatement.executeQuery(PreparedStatement.java:2313)
	at org.apache.tomcat.dbcp.dbcp.DelegatingPreparedStatement.executeQuery(DelegatingPreparedStatement.java:93)
	at org.openxava.tab.impl.JDBCTabProvider.nextBlock(JDBCTabProvider.java:238)
	at org.openxava.tab.impl.JDBCTabProvider.nextChunk(JDBCTabProvider.java:261)
	at org.openxava.tab.impl.EntityTabDataProvider.nextChunk(EntityTabDataProvider.java:35)
	at org.openxava.tab.impl.EntityTab.nextChunk(EntityTab.java:299)
	at org.openxava.tab.impl.TableModelBean.getRow(TableModelBean.java:121)
	at org.openxava.tab.impl.TableModelBean.getValueAt(TableModelBean.java:172)
	at org.openxava.tab.impl.XTableModelDecoratorBase.getValueAt(XTableModelDecoratorBase.java:63)
	at org.openxava.tab.impl.HiddenXTableModel.getValueAt(HiddenXTableModel.java:70)
	at org.openxava.tab.Tab.createTableModel(Tab.java:355)
	at org.openxava.tab.Tab.getTableModel(Tab.java:328)
	at org.apache.jsp.xava.list_jsp._jspService(list_jsp.java:810)
	at org.apache.jasper.runtime.HttpJspBase.service(HttpJspBase.java:70)
	at javax.servlet.http.HttpServlet.service(HttpServlet.java:717)
	at org.apache.jasper.servlet.JspServletWrapper.service(JspServletWrapper.java:374)
	at org.apache.jasper.servlet.JspServlet.serviceJspFile(JspServlet.java:342)
	at org.apache.jasper.servlet.JspServlet.service(JspServlet.java:267)
	at javax.servlet.http.HttpServlet.service(HttpServlet.java:717)
	at org.apache.catalina.core.ApplicationFilterChain.internalDoFilter(ApplicationFilterChain.java:290)
	at org.apache.catalina.core.ApplicationFilterChain.doFilter(ApplicationFilterChain.java:206)
	at org.apache.catalina.core.ApplicationDispatcher.invoke(ApplicationDispatcher.java:646)
	at org.apache.catalina.core.ApplicationDispatcher.doInclude(ApplicationDispatcher.java:551)
	at org.apache.catalina.core.ApplicationDispatcher.include(ApplicationDispatcher.java:488)
	at org.apache.jasper.runtime.JspRuntimeLibrary.include(JspRuntimeLibrary.java:968)
	at org.apache.jsp.xava.core_jsp._jspService(core_jsp.java:279)
	at org.apache.jasper.runtime.HttpJspBase.service(HttpJspBase.java:70)
	at javax.servlet.http.HttpServlet.service(HttpServlet.java:717)
	at org.apache.jasper.servlet.JspServletWrapper.service(JspServletWrapper.java:374)
	at org.apache.jasper.servlet.JspServlet.serviceJspFile(JspServlet.java:342)
	at org.apache.jasper.servlet.JspServlet.service(JspServlet.java:267)
	at javax.servlet.http.HttpServlet.service(HttpServlet.java:717)
	at org.apache.catalina.core.ApplicationFilterChain.internalDoFilter(ApplicationFilterChain.java:290)
	at org.apache.catalina.core.ApplicationFilterChain.doFilter(ApplicationFilterChain.java:206)
	at org.apache.catalina.core.ApplicationDispatcher.invoke(ApplicationDispatcher.java:646)
	at org.apache.catalina.core.ApplicationDispatcher.doInclude(ApplicationDispatcher.java:551)
	at org.apache.catalina.core.ApplicationDispatcher.include(ApplicationDispatcher.java:488)
	at org.apache.jasper.runtime.JspRuntimeLibrary.include(JspRuntimeLibrary.java:968)
	at org.apache.jsp.xava.module_jsp._jspService(module_jsp.java:438)
	at org.apache.jasper.runtime.HttpJspBase.service(HttpJspBase.java:70)
	at javax.servlet.http.HttpServlet.service(HttpServlet.java:717)
	at org.apache.jasper.servlet.JspServletWrapper.service(JspServletWrapper.java:374)
	at org.apache.jasper.servlet.JspServlet.serviceJspFile(JspServlet.java:342)
	at org.apache.jasper.servlet.JspServlet.service(JspServlet.java:267)
	at javax.servlet.http.HttpServlet.service(HttpServlet.java:717)
	at org.apache.catalina.core.ApplicationFilterChain.internalDoFilter(ApplicationFilterChain.java:290)
	at org.apache.catalina.core.ApplicationFilterChain.doFilter(ApplicationFilterChain.java:206)
	at org.apache.catalina.core.ApplicationDispatcher.invoke(ApplicationDispatcher.java:646)
	at org.apache.catalina.core.ApplicationDispatcher.processRequest(ApplicationDispatcher.java:436)
	at org.apache.catalina.core.ApplicationDispatcher.doForward(ApplicationDispatcher.java:374)
	at org.apache.catalina.core.ApplicationDispatcher.forward(ApplicationDispatcher.java:302)
	at org.openxava.web.servlets.ModuleServlet.doGet(ModuleServlet.java:24)
	at javax.servlet.http.HttpServlet.service(HttpServlet.java:617)
	at javax.servlet.http.HttpServlet.service(HttpServlet.java:717)
	at org.apache.catalina.core.ApplicationFilterChain.internalDoFilter(ApplicationFilterChain.java:290)
	at org.apache.catalina.core.ApplicationFilterChain.doFilter(ApplicationFilterChain.java:206)
	at org.apache.catalina.core.StandardWrapperValve.invoke(StandardWrapperValve.java:233)
	at org.apache.catalina.core.StandardContextValve.invoke(StandardContextValve.java:191)
	at org.apache.catalina.core.StandardHostValve.invoke(StandardHostValve.java:128)
	at org.apache.catalina.valves.ErrorReportValve.invoke(ErrorReportValve.java:102)
	at org.apache.catalina.core.StandardEngineValve.invoke(StandardEngineValve.java:109)
	at org.apache.catalina.connector.CoyoteAdapter.service(CoyoteAdapter.java:293)
	at org.apache.coyote.http11.Http11Processor.process(Http11Processor.java:849)
	at org.apache.coyote.http11.Http11Protocol$Http11ConnectionHandler.process(Http11Protocol.java:583)
	at org.apache.tomcat.util.net.JIoEndpoint$Worker.run(JIoEndpoint.java:454)
	at java.lang.Thread.run(Thread.java:744)

abr 17, 2014 12:14:26 AM org.openxava.tab.impl.EntityTabDataProvider nextChunk
Grave: Fallo al ejecutar SELECT cliente.id, cliente.id, cliente.dna, cliente.nombre_completo from cliente
java.rmi.RemoteException: Fallo al ejecutar SELECT cliente.id, cliente.id, cliente.dna, cliente.nombre_completo from cliente
	at org.openxava.tab.impl.JDBCTabProvider.nextChunk(JDBCTabProvider.java:282)
	at org.openxava.tab.impl.EntityTabDataProvider.nextChunk(EntityTabDataProvider.java:35)
	at org.openxava.tab.impl.EntityTab.nextChunk(EntityTab.java:299)
	at org.openxava.tab.impl.TableModelBean.getRow(TableModelBean.java:121)
	at org.openxava.tab.impl.TableModelBean.getValueAt(TableModelBean.java:172)
	at org.openxava.tab.impl.XTableModelDecoratorBase.getValueAt(XTableModelDecoratorBase.java:63)
	at org.openxava.tab.impl.HiddenXTableModel.getValueAt(HiddenXTableModel.java:70)
	at org.openxava.tab.Tab.createTableModel(Tab.java:355)
	at org.openxava.tab.Tab.getTableModel(Tab.java:328)
	at org.apache.jsp.xava.list_jsp._jspService(list_jsp.java:810)
	at org.apache.jasper.runtime.HttpJspBase.service(HttpJspBase.java:70)
	at javax.servlet.http.HttpServlet.service(HttpServlet.java:717)
	at org.apache.jasper.servlet.JspServletWrapper.service(JspServletWrapper.java:374)
	at org.apache.jasper.servlet.JspServlet.serviceJspFile(JspServlet.java:342)
	at org.apache.jasper.servlet.JspServlet.service(JspServlet.java:267)
	at javax.servlet.http.HttpServlet.service(HttpServlet.java:717)
	at org.apache.catalina.core.ApplicationFilterChain.internalDoFilter(ApplicationFilterChain.java:290)
	at org.apache.catalina.core.ApplicationFilterChain.doFilter(ApplicationFilterChain.java:206)
	at org.apache.catalina.core.ApplicationDispatcher.invoke(ApplicationDispatcher.java:646)
	at org.apache.catalina.core.ApplicationDispatcher.doInclude(ApplicationDispatcher.java:551)
	at org.apache.catalina.core.ApplicationDispatcher.include(ApplicationDispatcher.java:488)
	at org.apache.jasper.runtime.JspRuntimeLibrary.include(JspRuntimeLibrary.java:968)
	at org.apache.jsp.xava.core_jsp._jspService(core_jsp.java:279)
	at org.apache.jasper.runtime.HttpJspBase.service(HttpJspBase.java:70)
	at javax.servlet.http.HttpServlet.service(HttpServlet.java:717)
	at org.apache.jasper.servlet.JspServletWrapper.service(JspServletWrapper.java:374)
	at org.apache.jasper.servlet.JspServlet.serviceJspFile(JspServlet.java:342)
	at org.apache.jasper.servlet.JspServlet.service(JspServlet.java:267)
	at javax.servlet.http.HttpServlet.service(HttpServlet.java:717)
	at org.apache.catalina.core.ApplicationFilterChain.internalDoFilter(ApplicationFilterChain.java:290)
	at org.apache.catalina.core.ApplicationFilterChain.doFilter(ApplicationFilterChain.java:206)
	at org.apache.catalina.core.ApplicationDispatcher.invoke(ApplicationDispatcher.java:646)
	at org.apache.catalina.core.ApplicationDispatcher.doInclude(ApplicationDispatcher.java:551)
	at org.apache.catalina.core.ApplicationDispatcher.include(ApplicationDispatcher.java:488)
	at org.apache.jasper.runtime.JspRuntimeLibrary.include(JspRuntimeLibrary.java:968)
	at org.apache.jsp.xava.module_jsp._jspService(module_jsp.java:438)
	at org.apache.jasper.runtime.HttpJspBase.service(HttpJspBase.java:70)
	at javax.servlet.http.HttpServlet.service(HttpServlet.java:717)
	at org.apache.jasper.servlet.JspServletWrapper.service(JspServletWrapper.java:374)
	at org.apache.jasper.servlet.JspServlet.serviceJspFile(JspServlet.java:342)
	at org.apache.jasper.servlet.JspServlet.service(JspServlet.java:267)
	at javax.servlet.http.HttpServlet.service(HttpServlet.java:717)
	at org.apache.catalina.core.ApplicationFilterChain.internalDoFilter(ApplicationFilterChain.java:290)
	at org.apache.catalina.core.ApplicationFilterChain.doFilter(ApplicationFilterChain.java:206)
	at org.apache.catalina.core.ApplicationDispatcher.invoke(ApplicationDispatcher.java:646)
	at org.apache.catalina.core.ApplicationDispatcher.processRequest(ApplicationDispatcher.java:436)
	at org.apache.catalina.core.ApplicationDispatcher.doForward(ApplicationDispatcher.java:374)
	at org.apache.catalina.core.ApplicationDispatcher.forward(ApplicationDispatcher.java:302)
	at org.openxava.web.servlets.ModuleServlet.doGet(ModuleServlet.java:24)
	at javax.servlet.http.HttpServlet.service(HttpServlet.java:617)
	at javax.servlet.http.HttpServlet.service(HttpServlet.java:717)
	at org.apache.catalina.core.ApplicationFilterChain.internalDoFilter(ApplicationFilterChain.java:290)
	at org.apache.catalina.core.ApplicationFilterChain.doFilter(ApplicationFilterChain.java:206)
	at org.apache.catalina.core.StandardWrapperValve.invoke(StandardWrapperValve.java:233)
	at org.apache.catalina.core.StandardContextValve.invoke(StandardContextValve.java:191)
	at org.apache.catalina.core.StandardHostValve.invoke(StandardHostValve.java:128)
	at org.apache.catalina.valves.ErrorReportValve.invoke(ErrorReportValve.java:102)
	at org.apache.catalina.core.StandardEngineValve.invoke(StandardEngineValve.java:109)
	at org.apache.catalina.connector.CoyoteAdapter.service(CoyoteAdapter.java:293)
	at org.apache.coyote.http11.Http11Processor.process(Http11Processor.java:849)
	at org.apache.coyote.http11.Http11Protocol$Http11ConnectionHandler.process(Http11Protocol.java:583)
	at org.apache.tomcat.util.net.JIoEndpoint$Worker.run(JIoEndpoint.java:454)
	at java.lang.Thread.run(Thread.java:744)

abr 17, 2014 12:14:26 AM org.openxava.tab.impl.JDBCTabProvider nextBlock
Detallado: [JDBCTabProvider.nextBlock] Ejecutando SELECT cliente.id, cliente.id, cliente.dna, cliente.nombre_completo from cliente con argumentos 
abr 17, 2014 12:14:26 AM org.openxava.tab.impl.JDBCTabProvider nextChunk
Grave: Fallo al ejecutar SELECT cliente.id, cliente.id, cliente.dna, cliente.nombre_completo from cliente
com.mysql.jdbc.exceptions.jdbc4.MySQLSyntaxErrorException: Unknown column 'cliente.dna' in 'field list'
	at sun.reflect.NativeConstructorAccessorImpl.newInstance0(Native Method)
	at sun.reflect.NativeConstructorAccessorImpl.newInstance(NativeConstructorAccessorImpl.java:57)
	at sun.reflect.DelegatingConstructorAccessorImpl.newInstance(DelegatingConstructorAccessorImpl.java:45)
	at java.lang.reflect.Constructor.newInstance(Constructor.java:526)
	at com.mysql.jdbc.Util.handleNewInstance(Util.java:411)
	at com.mysql.jdbc.Util.getInstance(Util.java:386)
	at com.mysql.jdbc.SQLError.createSQLException(SQLError.java:1054)
	at com.mysql.jdbc.MysqlIO.checkErrorPacket(MysqlIO.java:4187)
	at com.mysql.jdbc.MysqlIO.checkErrorPacket(MysqlIO.java:4119)
	at com.mysql.jdbc.MysqlIO.sendCommand(MysqlIO.java:2570)
	at com.mysql.jdbc.MysqlIO.sqlQueryDirect(MysqlIO.java:2731)
	at com.mysql.jdbc.ConnectionImpl.execSQL(ConnectionImpl.java:2815)
	at com.mysql.jdbc.PreparedStatement.executeInternal(PreparedStatement.java:2155)
	at com.mysql.jdbc.PreparedStatement.executeQuery(PreparedStatement.java:2313)
	at org.apache.tomcat.dbcp.dbcp.DelegatingPreparedStatement.executeQuery(DelegatingPreparedStatement.java:93)
	at org.openxava.tab.impl.JDBCTabProvider.nextBlock(JDBCTabProvider.java:238)
	at org.openxava.tab.impl.JDBCTabProvider.nextChunk(JDBCTabProvider.java:261)
	at org.openxava.tab.impl.EntityTabDataProvider.nextChunk(EntityTabDataProvider.java:35)
	at org.openxava.tab.impl.EntityTab.nextChunk(EntityTab.java:303)
	at org.openxava.tab.impl.TableModelBean.getRow(TableModelBean.java:121)
	at org.openxava.tab.impl.TableModelBean.getValueAt(TableModelBean.java:172)
	at org.openxava.tab.impl.XTableModelDecoratorBase.getValueAt(XTableModelDecoratorBase.java:63)
	at org.openxava.tab.impl.HiddenXTableModel.getValueAt(HiddenXTableModel.java:70)
	at org.openxava.tab.Tab.createTableModel(Tab.java:355)
	at org.openxava.tab.Tab.getTableModel(Tab.java:328)
	at org.apache.jsp.xava.list_jsp._jspService(list_jsp.java:810)
	at org.apache.jasper.runtime.HttpJspBase.service(HttpJspBase.java:70)
	at javax.servlet.http.HttpServlet.service(HttpServlet.java:717)
	at org.apache.jasper.servlet.JspServletWrapper.service(JspServletWrapper.java:374)
	at org.apache.jasper.servlet.JspServlet.serviceJspFile(JspServlet.java:342)
	at org.apache.jasper.servlet.JspServlet.service(JspServlet.java:267)
	at javax.servlet.http.HttpServlet.service(HttpServlet.java:717)
	at org.apache.catalina.core.ApplicationFilterChain.internalDoFilter(ApplicationFilterChain.java:290)
	at org.apache.catalina.core.ApplicationFilterChain.doFilter(ApplicationFilterChain.java:206)
	at org.apache.catalina.core.ApplicationDispatcher.invoke(ApplicationDispatcher.java:646)
	at org.apache.catalina.core.ApplicationDispatcher.doInclude(ApplicationDispatcher.java:551)
	at org.apache.catalina.core.ApplicationDispatcher.include(ApplicationDispatcher.java:488)
	at org.apache.jasper.runtime.JspRuntimeLibrary.include(JspRuntimeLibrary.java:968)
	at org.apache.jsp.xava.core_jsp._jspService(core_jsp.java:279)
	at org.apache.jasper.runtime.HttpJspBase.service(HttpJspBase.java:70)
	at javax.servlet.http.HttpServlet.service(HttpServlet.java:717)
	at org.apache.jasper.servlet.JspServletWrapper.service(JspServletWrapper.java:374)
	at org.apache.jasper.servlet.JspServlet.serviceJspFile(JspServlet.java:342)
	at org.apache.jasper.servlet.JspServlet.service(JspServlet.java:267)
	at javax.servlet.http.HttpServlet.service(HttpServlet.java:717)
	at org.apache.catalina.core.ApplicationFilterChain.internalDoFilter(ApplicationFilterChain.java:290)
	at org.apache.catalina.core.ApplicationFilterChain.doFilter(ApplicationFilterChain.java:206)
	at org.apache.catalina.core.ApplicationDispatcher.invoke(ApplicationDispatcher.java:646)
	at org.apache.catalina.core.ApplicationDispatcher.doInclude(ApplicationDispatcher.java:551)
	at org.apache.catalina.core.ApplicationDispatcher.include(ApplicationDispatcher.java:488)
	at org.apache.jasper.runtime.JspRuntimeLibrary.include(JspRuntimeLibrary.java:968)
	at org.apache.jsp.xava.module_jsp._jspService(module_jsp.java:438)
	at org.apache.jasper.runtime.HttpJspBase.service(HttpJspBase.java:70)
	at javax.servlet.http.HttpServlet.service(HttpServlet.java:717)
	at org.apache.jasper.servlet.JspServletWrapper.service(JspServletWrapper.java:374)
	at org.apache.jasper.servlet.JspServlet.serviceJspFile(JspServlet.java:342)
	at org.apache.jasper.servlet.JspServlet.service(JspServlet.java:267)
	at javax.servlet.http.HttpServlet.service(HttpServlet.java:717)
	at org.apache.catalina.core.ApplicationFilterChain.internalDoFilter(ApplicationFilterChain.java:290)
	at org.apache.catalina.core.ApplicationFilterChain.doFilter(ApplicationFilterChain.java:206)
	at org.apache.catalina.core.ApplicationDispatcher.invoke(ApplicationDispatcher.java:646)
	at org.apache.catalina.core.ApplicationDispatcher.processRequest(ApplicationDispatcher.java:436)
	at org.apache.catalina.core.ApplicationDispatcher.doForward(ApplicationDispatcher.java:374)
	at org.apache.catalina.core.ApplicationDispatcher.forward(ApplicationDispatcher.java:302)
	at org.openxava.web.servlets.ModuleServlet.doGet(ModuleServlet.java:24)
	at javax.servlet.http.HttpServlet.service(HttpServlet.java:617)
	at javax.servlet.http.HttpServlet.service(HttpServlet.java:717)
	at org.apache.catalina.core.ApplicationFilterChain.internalDoFilter(ApplicationFilterChain.java:290)
	at org.apache.catalina.core.ApplicationFilterChain.doFilter(ApplicationFilterChain.java:206)
	at org.apache.catalina.core.StandardWrapperValve.invoke(StandardWrapperValve.java:233)
	at org.apache.catalina.core.StandardContextValve.invoke(StandardContextValve.java:191)
	at org.apache.catalina.core.StandardHostValve.invoke(StandardHostValve.java:128)
	at org.apache.catalina.valves.ErrorReportValve.invoke(ErrorReportValve.java:102)
	at org.apache.catalina.core.StandardEngineValve.invoke(StandardEngineValve.java:109)
	at org.apache.catalina.connector.CoyoteAdapter.service(CoyoteAdapter.java:293)
	at org.apache.coyote.http11.Http11Processor.process(Http11Processor.java:849)
	at org.apache.coyote.http11.Http11Protocol$Http11ConnectionHandler.process(Http11Protocol.java:583)
	at org.apache.tomcat.util.net.JIoEndpoint$Worker.run(JIoEndpoint.java:454)
	at java.lang.Thread.run(Thread.java:744)

abr 17, 2014 12:14:26 AM org.openxava.tab.impl.EntityTabDataProvider nextChunk
Grave: Fallo al ejecutar SELECT cliente.id, cliente.id, cliente.dna, cliente.nombre_completo from cliente
java.rmi.RemoteException: Fallo al ejecutar SELECT cliente.id, cliente.id, cliente.dna, cliente.nombre_completo from cliente
	at org.openxava.tab.impl.JDBCTabProvider.nextChunk(JDBCTabProvider.java:282)
	at org.openxava.tab.impl.EntityTabDataProvider.nextChunk(EntityTabDataProvider.java:35)
	at org.openxava.tab.impl.EntityTab.nextChunk(EntityTab.java:303)
	at org.openxava.tab.impl.TableModelBean.getRow(TableModelBean.java:121)
	at org.openxava.tab.impl.TableModelBean.getValueAt(TableModelBean.java:172)
	at org.openxava.tab.impl.XTableModelDecoratorBase.getValueAt(XTableModelDecoratorBase.java:63)
	at org.openxava.tab.impl.HiddenXTableModel.getValueAt(HiddenXTableModel.java:70)
	at org.openxava.tab.Tab.createTableModel(Tab.java:355)
	at org.openxava.tab.Tab.getTableModel(Tab.java:328)
	at org.apache.jsp.xava.list_jsp._jspService(list_jsp.java:810)
	at org.apache.jasper.runtime.HttpJspBase.service(HttpJspBase.java:70)
	at javax.servlet.http.HttpServlet.service(HttpServlet.java:717)
	at org.apache.jasper.servlet.JspServletWrapper.service(JspServletWrapper.java:374)
	at org.apache.jasper.servlet.JspServlet.serviceJspFile(JspServlet.java:342)
	at org.apache.jasper.servlet.JspServlet.service(JspServlet.java:267)
	at javax.servlet.http.HttpServlet.service(HttpServlet.java:717)
	at org.apache.catalina.core.ApplicationFilterChain.internalDoFilter(ApplicationFilterChain.java:290)
	at org.apache.catalina.core.ApplicationFilterChain.doFilter(ApplicationFilterChain.java:206)
	at org.apache.catalina.core.ApplicationDispatcher.invoke(ApplicationDispatcher.java:646)
	at org.apache.catalina.core.ApplicationDispatcher.doInclude(ApplicationDispatcher.java:551)
	at org.apache.catalina.core.ApplicationDispatcher.include(ApplicationDispatcher.java:488)
	at org.apache.jasper.runtime.JspRuntimeLibrary.include(JspRuntimeLibrary.java:968)
	at org.apache.jsp.xava.core_jsp._jspService(core_jsp.java:279)
	at org.apache.jasper.runtime.HttpJspBase.service(HttpJspBase.java:70)
	at javax.servlet.http.HttpServlet.service(HttpServlet.java:717)
	at org.apache.jasper.servlet.JspServletWrapper.service(JspServletWrapper.java:374)
	at org.apache.jasper.servlet.JspServlet.serviceJspFile(JspServlet.java:342)
	at org.apache.jasper.servlet.JspServlet.service(JspServlet.java:267)
	at javax.servlet.http.HttpServlet.service(HttpServlet.java:717)
	at org.apache.catalina.core.ApplicationFilterChain.internalDoFilter(ApplicationFilterChain.java:290)
	at org.apache.catalina.core.ApplicationFilterChain.doFilter(ApplicationFilterChain.java:206)
	at org.apache.catalina.core.ApplicationDispatcher.invoke(ApplicationDispatcher.java:646)
	at org.apache.catalina.core.ApplicationDispatcher.doInclude(ApplicationDispatcher.java:551)
	at org.apache.catalina.core.ApplicationDispatcher.include(ApplicationDispatcher.java:488)
	at org.apache.jasper.runtime.JspRuntimeLibrary.include(JspRuntimeLibrary.java:968)
	at org.apache.jsp.xava.module_jsp._jspService(module_jsp.java:438)
	at org.apache.jasper.runtime.HttpJspBase.service(HttpJspBase.java:70)
	at javax.servlet.http.HttpServlet.service(HttpServlet.java:717)
	at org.apache.jasper.servlet.JspServletWrapper.service(JspServletWrapper.java:374)
	at org.apache.jasper.servlet.JspServlet.serviceJspFile(JspServlet.java:342)
	at org.apache.jasper.servlet.JspServlet.service(JspServlet.java:267)
	at javax.servlet.http.HttpServlet.service(HttpServlet.java:717)
	at org.apache.catalina.core.ApplicationFilterChain.internalDoFilter(ApplicationFilterChain.java:290)
	at org.apache.catalina.core.ApplicationFilterChain.doFilter(ApplicationFilterChain.java:206)
	at org.apache.catalina.core.ApplicationDispatcher.invoke(ApplicationDispatcher.java:646)
	at org.apache.catalina.core.ApplicationDispatcher.processRequest(ApplicationDispatcher.java:436)
	at org.apache.catalina.core.ApplicationDispatcher.doForward(ApplicationDispatcher.java:374)
	at org.apache.catalina.core.ApplicationDispatcher.forward(ApplicationDispatcher.java:302)
	at org.openxava.web.servlets.ModuleServlet.doGet(ModuleServlet.java:24)
	at javax.servlet.http.HttpServlet.service(HttpServlet.java:617)
	at javax.servlet.http.HttpServlet.service(HttpServlet.java:717)
	at org.apache.catalina.core.ApplicationFilterChain.internalDoFilter(ApplicationFilterChain.java:290)
	at org.apache.catalina.core.ApplicationFilterChain.doFilter(ApplicationFilterChain.java:206)
	at org.apache.catalina.core.StandardWrapperValve.invoke(StandardWrapperValve.java:233)
	at org.apache.catalina.core.StandardContextValve.invoke(StandardContextValve.java:191)
	at org.apache.catalina.core.StandardHostValve.invoke(StandardHostValve.java:128)
	at org.apache.catalina.valves.ErrorReportValve.invoke(ErrorReportValve.java:102)
	at org.apache.catalina.core.StandardEngineValve.invoke(StandardEngineValve.java:109)
	at org.apache.catalina.connector.CoyoteAdapter.service(CoyoteAdapter.java:293)
	at org.apache.coyote.http11.Http11Processor.process(Http11Processor.java:849)
	at org.apache.coyote.http11.Http11Protocol$Http11ConnectionHandler.process(Http11Protocol.java:583)
	at org.apache.tomcat.util.net.JIoEndpoint$Worker.run(JIoEndpoint.java:454)
	at java.lang.Thread.run(Thread.java:744)

abr 17, 2014 12:14:26 AM org.openxava.tab.impl.TableModelBean getValueAt
Grave: Imposible obtener el siguiente bloque de datos tabulares
java.rmi.RemoteException: Imposible obtener el siguiente bloque de datos tabulares
	at org.openxava.tab.impl.EntityTabDataProvider.nextChunk(EntityTabDataProvider.java:39)
	at org.openxava.tab.impl.EntityTab.nextChunk(EntityTab.java:303)
	at org.openxava.tab.impl.TableModelBean.getRow(TableModelBean.java:121)
	at org.openxava.tab.impl.TableModelBean.getValueAt(TableModelBean.java:172)
	at org.openxava.tab.impl.XTableModelDecoratorBase.getValueAt(XTableModelDecoratorBase.java:63)
	at org.openxava.tab.impl.HiddenXTableModel.getValueAt(HiddenXTableModel.java:70)
	at org.openxava.tab.Tab.createTableModel(Tab.java:355)
	at org.openxava.tab.Tab.getTableModel(Tab.java:328)
	at org.apache.jsp.xava.list_jsp._jspService(list_jsp.java:810)
	at org.apache.jasper.runtime.HttpJspBase.service(HttpJspBase.java:70)
	at javax.servlet.http.HttpServlet.service(HttpServlet.java:717)
	at org.apache.jasper.servlet.JspServletWrapper.service(JspServletWrapper.java:374)
	at org.apache.jasper.servlet.JspServlet.serviceJspFile(JspServlet.java:342)
	at org.apache.jasper.servlet.JspServlet.service(JspServlet.java:267)
	at javax.servlet.http.HttpServlet.service(HttpServlet.java:717)
	at org.apache.catalina.core.ApplicationFilterChain.internalDoFilter(ApplicationFilterChain.java:290)
	at org.apache.catalina.core.ApplicationFilterChain.doFilter(ApplicationFilterChain.java:206)
	at org.apache.catalina.core.ApplicationDispatcher.invoke(ApplicationDispatcher.java:646)
	at org.apache.catalina.core.ApplicationDispatcher.doInclude(ApplicationDispatcher.java:551)
	at org.apache.catalina.core.ApplicationDispatcher.include(ApplicationDispatcher.java:488)
	at org.apache.jasper.runtime.JspRuntimeLibrary.include(JspRuntimeLibrary.java:968)
	at org.apache.jsp.xava.core_jsp._jspService(core_jsp.java:279)
	at org.apache.jasper.runtime.HttpJspBase.service(HttpJspBase.java:70)
	at javax.servlet.http.HttpServlet.service(HttpServlet.java:717)
	at org.apache.jasper.servlet.JspServletWrapper.service(JspServletWrapper.java:374)
	at org.apache.jasper.servlet.JspServlet.serviceJspFile(JspServlet.java:342)
	at org.apache.jasper.servlet.JspServlet.service(JspServlet.java:267)
	at javax.servlet.http.HttpServlet.service(HttpServlet.java:717)
	at org.apache.catalina.core.ApplicationFilterChain.internalDoFilter(ApplicationFilterChain.java:290)
	at org.apache.catalina.core.ApplicationFilterChain.doFilter(ApplicationFilterChain.java:206)
	at org.apache.catalina.core.ApplicationDispatcher.invoke(ApplicationDispatcher.java:646)
	at org.apache.catalina.core.ApplicationDispatcher.doInclude(ApplicationDispatcher.java:551)
	at org.apache.catalina.core.ApplicationDispatcher.include(ApplicationDispatcher.java:488)
	at org.apache.jasper.runtime.JspRuntimeLibrary.include(JspRuntimeLibrary.java:968)
	at org.apache.jsp.xava.module_jsp._jspService(module_jsp.java:438)
	at org.apache.jasper.runtime.HttpJspBase.service(HttpJspBase.java:70)
	at javax.servlet.http.HttpServlet.service(HttpServlet.java:717)
	at org.apache.jasper.servlet.JspServletWrapper.service(JspServletWrapper.java:374)
	at org.apache.jasper.servlet.JspServlet.serviceJspFile(JspServlet.java:342)
	at org.apache.jasper.servlet.JspServlet.service(JspServlet.java:267)
	at javax.servlet.http.HttpServlet.service(HttpServlet.java:717)
	at org.apache.catalina.core.ApplicationFilterChain.internalDoFilter(ApplicationFilterChain.java:290)
	at org.apache.catalina.core.ApplicationFilterChain.doFilter(ApplicationFilterChain.java:206)
	at org.apache.catalina.core.ApplicationDispatcher.invoke(ApplicationDispatcher.java:646)
	at org.apache.catalina.core.ApplicationDispatcher.processRequest(ApplicationDispatcher.java:436)
	at org.apache.catalina.core.ApplicationDispatcher.doForward(ApplicationDispatcher.java:374)
	at org.apache.catalina.core.ApplicationDispatcher.forward(ApplicationDispatcher.java:302)
	at org.openxava.web.servlets.ModuleServlet.doGet(ModuleServlet.java:24)
	at javax.servlet.http.HttpServlet.service(HttpServlet.java:617)
	at javax.servlet.http.HttpServlet.service(HttpServlet.java:717)
	at org.apache.catalina.core.ApplicationFilterChain.internalDoFilter(ApplicationFilterChain.java:290)
	at org.apache.catalina.core.ApplicationFilterChain.doFilter(ApplicationFilterChain.java:206)
	at org.apache.catalina.core.StandardWrapperValve.invoke(StandardWrapperValve.java:233)
	at org.apache.catalina.core.StandardContextValve.invoke(StandardContextValve.java:191)
	at org.apache.catalina.core.StandardHostValve.invoke(StandardHostValve.java:128)
	at org.apache.catalina.valves.ErrorReportValve.invoke(ErrorReportValve.java:102)
	at org.apache.catalina.core.StandardEngineValve.invoke(StandardEngineValve.java:109)
	at org.apache.catalina.connector.CoyoteAdapter.service(CoyoteAdapter.java:293)
	at org.apache.coyote.http11.Http11Processor.process(Http11Processor.java:849)
	at org.apache.coyote.http11.Http11Protocol$Http11ConnectionHandler.process(Http11Protocol.java:583)
	at org.apache.tomcat.util.net.JIoEndpoint$Worker.run(JIoEndpoint.java:454)
	at java.lang.Thread.run(Thread.java:744)

