jun 05, 2014 4:27:40 PM org.apache.catalina.startup.Embedded initDirs
Grave: No puedo hallar carpeta temporal especificada en C:\Users\MIGUE\Desktop\openxava-4.1.2\tomcat\temp
jun 05, 2014 4:27:42 PM org.apache.catalina.core.AprLifecycleListener init
Información: La biblioteca nativa de Apache Tomcat basada en ARP que permite un rendimiento óptimo en entornos de desarrollo no ha sido hallada en java.library.path: C:\Program Files\Java\jdk1.7.0_45\bin;C:\Windows\Sun\Java\bin;C:\Windows\system32;C:\Windows;C:\Program Files (x86)\NVIDIA Corporation\PhysX\Common;C:\Program Files\Common Files\Microsoft Shared\Windows Live;C:\Program Files (x86)\Common Files\Microsoft Shared\Windows Live;C:\Windows\system32;C:\Windows;C:\Windows\System32\Wbem;C:\Windows\System32\WindowsPowerShell\v1.0\;C:\Program Files (x86)\ATI Technologies\ATI.ACE\Core-Static;C:\Program Files\Intel\DMIX;C:\Program Files (x86)\QuickTime\QTSystem\;C:\Program Files (x86)\Windows Live\Shared;;.
jun 05, 2014 4:27:42 PM org.apache.coyote.http11.Http11Protocol init
Información: Inicializando Coyote HTTP/1.1 en puerto http-8089
jun 05, 2014 4:27:42 PM org.apache.catalina.startup.Catalina load
Información: Initialization processed in 1238 ms
jun 05, 2014 4:27:42 PM org.apache.catalina.core.StandardService start
Información: Arrancando servicio Catalina
jun 05, 2014 4:27:42 PM org.apache.catalina.core.StandardEngine start
Información: Starting Servlet Engine: Apache Tomcat/6.0.20
jun 05, 2014 4:27:44 PM org.directwebremoting.util.CommonsLoggingOutput info
Información: DWR Version 2.0.5 starting.
jun 05, 2014 4:27:44 PM org.directwebremoting.util.CommonsLoggingOutput info
Información: - Servlet Engine: Apache Tomcat/6.0.20
jun 05, 2014 4:27:44 PM org.directwebremoting.util.CommonsLoggingOutput info
Información: - Java Version:   1.7.0_45
jun 05, 2014 4:27:44 PM org.directwebremoting.util.CommonsLoggingOutput info
Información: - Java Vendor:    Oracle Corporation
jun 05, 2014 4:27:45 PM org.directwebremoting.util.CommonsLoggingOutput info
Información: Probably not an issue: org.jdom.Document is not available so the jdom converter will not load. This is only an problem if you wanted to use it.
jun 05, 2014 4:27:45 PM org.directwebremoting.util.CommonsLoggingOutput info
Información: Probably not an issue: org.jdom.Element is not available so the jdom converter will not load. This is only an problem if you wanted to use it.
jun 05, 2014 4:27:46 PM org.directwebremoting.util.CommonsLoggingOutput info
Información: DWR Version 2.0.5 starting.
jun 05, 2014 4:27:46 PM org.directwebremoting.util.CommonsLoggingOutput info
Información: - Servlet Engine: Apache Tomcat/6.0.20
jun 05, 2014 4:27:46 PM org.directwebremoting.util.CommonsLoggingOutput info
Información: - Java Version:   1.7.0_45
jun 05, 2014 4:27:46 PM org.directwebremoting.util.CommonsLoggingOutput info
Información: - Java Vendor:    Oracle Corporation
jun 05, 2014 4:27:47 PM org.directwebremoting.util.CommonsLoggingOutput info
Información: Probably not an issue: org.jdom.Document is not available so the jdom converter will not load. This is only an problem if you wanted to use it.
jun 05, 2014 4:27:47 PM org.directwebremoting.util.CommonsLoggingOutput info
Información: Probably not an issue: org.jdom.Element is not available so the jdom converter will not load. This is only an problem if you wanted to use it.
jun 05, 2014 4:27:48 PM org.directwebremoting.util.CommonsLoggingOutput info
Información: DWR Version 2.0.5 starting.
jun 05, 2014 4:27:48 PM org.directwebremoting.util.CommonsLoggingOutput info
Información: - Servlet Engine: Apache Tomcat/6.0.20
jun 05, 2014 4:27:48 PM org.directwebremoting.util.CommonsLoggingOutput info
Información: - Java Version:   1.7.0_45
jun 05, 2014 4:27:48 PM org.directwebremoting.util.CommonsLoggingOutput info
Información: - Java Vendor:    Oracle Corporation
jun 05, 2014 4:27:48 PM org.directwebremoting.util.CommonsLoggingOutput info
Información: Probably not an issue: org.jdom.Document is not available so the jdom converter will not load. This is only an problem if you wanted to use it.
jun 05, 2014 4:27:48 PM org.directwebremoting.util.CommonsLoggingOutput info
Información: Probably not an issue: org.jdom.Element is not available so the jdom converter will not load. This is only an problem if you wanted to use it.
jun 05, 2014 4:27:48 PM org.apache.coyote.http11.Http11Protocol start
Información: Arrancando Coyote HTTP/1.1 en puerto http-8089
jun 05, 2014 4:27:49 PM org.apache.jk.common.ChannelSocket init
Información: JK: ajp13 listening on /0.0.0.0:8009
jun 05, 2014 4:27:49 PM org.apache.jk.server.JkMain start
Información: Jk running ID=0 time=0/82  config=null
jun 05, 2014 4:27:49 PM org.apache.catalina.startup.Catalina start
Información: Server startup in 6992 ms
jun 05, 2014 4:27:54 PM org.openxava.controller.ModuleManager <clinit>
Información: OpenXava 4.1.2 (2011-4-11)
jun 05, 2014 4:27:55 PM org.hibernate.annotations.common.Version <clinit>
Información: Hibernate Commons Annotations 3.2.0.Final
jun 05, 2014 4:27:55 PM org.hibernate.cfg.Environment <clinit>
Información: Hibernate 3.6.1.Final
jun 05, 2014 4:27:55 PM org.hibernate.cfg.Environment <clinit>
Información: hibernate.properties not found
jun 05, 2014 4:27:55 PM org.hibernate.cfg.Environment buildBytecodeProvider
Información: Bytecode provider name : javassist
jun 05, 2014 4:27:55 PM org.hibernate.cfg.Environment <clinit>
Información: using JDK 1.4 java.sql.Timestamp handling
jun 05, 2014 4:27:55 PM org.hibernate.ejb.Version <clinit>
Información: Hibernate EntityManager 3.6.1.Final
jun 05, 2014 4:27:56 PM org.hibernate.util.DTDEntityResolver resolveEntity
Advertencia: recognized obsolete hibernate namespace http://hibernate.sourceforge.net/. Use namespace http://www.hibernate.org/dtd/ instead. Refer to Hibernate 3.6 Migration Guide!
jun 05, 2014 4:27:56 PM org.hibernate.cfg.HbmBinder bindRootPersistentClassCommonValues
Información: Mapping class: org.openxava.session.GalleryImage -> IMAGES
jun 05, 2014 4:27:56 PM org.hibernate.cfg.AnnotationBinder bindClass
Información: Binding entity from annotated class: com.empresa.modelo.Cliente
jun 05, 2014 4:27:56 PM org.hibernate.cfg.annotations.EntityBinder bindTable
Información: Bind entity com.empresa.modelo.Cliente on table vecino
jun 05, 2014 4:27:56 PM org.hibernate.cfg.AnnotationBinder bindClass
Información: Binding entity from annotated class: com.empresa.modelo.Piso
jun 05, 2014 4:27:56 PM org.hibernate.cfg.annotations.EntityBinder bindTable
Información: Bind entity com.empresa.modelo.Piso on table piso
jun 05, 2014 4:27:56 PM org.hibernate.cfg.AnnotationBinder bindClass
Información: Binding entity from annotated class: com.empresa.modelo.Vecino
jun 05, 2014 4:27:56 PM org.hibernate.cfg.annotations.EntityBinder bindTable
Información: Bind entity com.empresa.modelo.Vecino on table vecino
jun 05, 2014 4:27:56 PM org.hibernate.validator.Version <clinit>
Información: Hibernate Validator 3.1.0.GA
jun 05, 2014 4:27:57 PM org.hibernate.validator.util.Version <clinit>
Información: Hibernate Validator 4.1.0.Final
jun 05, 2014 4:27:57 PM org.hibernate.validator.engine.resolver.DefaultTraversableResolver detectJPA
Información: Instantiated an instance of org.hibernate.validator.engine.resolver.JPATraversableResolver.
jun 05, 2014 4:27:57 PM org.hibernate.validator.engine.resolver.DefaultTraversableResolver detectJPA
Información: Instantiated an instance of org.hibernate.validator.engine.resolver.JPATraversableResolver.
jun 05, 2014 4:27:57 PM org.hibernate.validator.engine.resolver.DefaultTraversableResolver detectJPA
Información: Instantiated an instance of org.hibernate.validator.engine.resolver.JPATraversableResolver.
jun 05, 2014 4:27:57 PM org.hibernate.cfg.search.HibernateSearchEventListenerRegister enableHibernateSearch
Información: Unable to find org.hibernate.search.event.FullTextIndexEventListener on the classpath. Hibernate Search is not enabled.
jun 05, 2014 4:27:57 PM org.hibernate.util.NamingHelper getInitialContext
Información: JNDI InitialContext properties:{}
jun 05, 2014 4:27:57 PM org.hibernate.connection.DatasourceConnectionProvider configure
Información: Using datasource: java:comp/env/jdbc/EmpresaDS
jun 05, 2014 4:27:57 PM org.hibernate.cfg.SettingsFactory buildSettings
Información: Database ->
       name : MySQL
    version : 5.5.32
      major : 5
      minor : 5
jun 05, 2014 4:27:57 PM org.hibernate.cfg.SettingsFactory buildSettings
Información: Driver ->
       name : MySQL Connector Java
    version : mysql-connector-java-5.1.25 ( Revision: ${bzr.revision-id} )
      major : 5
      minor : 1
jun 05, 2014 4:27:57 PM org.hibernate.dialect.Dialect <init>
Información: Using dialect: org.hibernate.dialect.MySQLDialect
jun 05, 2014 4:27:58 PM org.hibernate.engine.jdbc.JdbcSupportLoader useContextualLobCreation
Información: Disabling contextual LOB creation as createClob() method threw error : java.lang.reflect.InvocationTargetException
jun 05, 2014 4:27:58 PM org.hibernate.transaction.TransactionFactoryFactory buildTransactionFactory
Información: Transaction strategy: org.hibernate.transaction.JDBCTransactionFactory
jun 05, 2014 4:27:58 PM org.hibernate.transaction.TransactionManagerLookupFactory getTransactionManagerLookup
Información: No TransactionManagerLookup configured (in JTA environment, use of read-write or transactional second-level cache is not recommended)
jun 05, 2014 4:27:58 PM org.hibernate.cfg.SettingsFactory buildSettings
Información: Automatic flush during beforeCompletion(): disabled
jun 05, 2014 4:27:58 PM org.hibernate.cfg.SettingsFactory buildSettings
Información: Automatic session close at end of transaction: disabled
jun 05, 2014 4:27:58 PM org.hibernate.cfg.SettingsFactory buildSettings
Información: JDBC batch size: 15
jun 05, 2014 4:27:58 PM org.hibernate.cfg.SettingsFactory buildSettings
Información: JDBC batch updates for versioned data: disabled
jun 05, 2014 4:27:58 PM org.hibernate.cfg.SettingsFactory buildSettings
Información: Scrollable result sets: enabled
jun 05, 2014 4:27:58 PM org.hibernate.cfg.SettingsFactory buildSettings
Información: JDBC3 getGeneratedKeys(): enabled
jun 05, 2014 4:27:58 PM org.hibernate.cfg.SettingsFactory buildSettings
Información: Connection release mode: auto
jun 05, 2014 4:27:58 PM org.hibernate.cfg.SettingsFactory buildSettings
Información: Maximum outer join fetch depth: 2
jun 05, 2014 4:27:58 PM org.hibernate.cfg.SettingsFactory buildSettings
Información: Default batch fetch size: 1
jun 05, 2014 4:27:58 PM org.hibernate.cfg.SettingsFactory buildSettings
Información: Generate SQL with comments: disabled
jun 05, 2014 4:27:58 PM org.hibernate.cfg.SettingsFactory buildSettings
Información: Order SQL updates by primary key: disabled
jun 05, 2014 4:27:58 PM org.hibernate.cfg.SettingsFactory buildSettings
Información: Order SQL inserts for batching: disabled
jun 05, 2014 4:27:58 PM org.hibernate.cfg.SettingsFactory createQueryTranslatorFactory
Información: Query translator: org.hibernate.hql.ast.ASTQueryTranslatorFactory
jun 05, 2014 4:27:58 PM org.hibernate.hql.ast.ASTQueryTranslatorFactory <init>
Información: Using ASTQueryTranslatorFactory
jun 05, 2014 4:27:58 PM org.hibernate.cfg.SettingsFactory buildSettings
Información: Query language substitutions: {}
jun 05, 2014 4:27:58 PM org.hibernate.cfg.SettingsFactory buildSettings
Información: JPA-QL strict compliance: enabled
jun 05, 2014 4:27:58 PM org.hibernate.cfg.SettingsFactory buildSettings
Información: Second-level cache: enabled
jun 05, 2014 4:27:58 PM org.hibernate.cfg.SettingsFactory buildSettings
Información: Query cache: disabled
jun 05, 2014 4:27:58 PM org.hibernate.cfg.SettingsFactory createRegionFactory
Información: Cache region factory : org.hibernate.cache.impl.NoCachingRegionFactory
jun 05, 2014 4:27:58 PM org.hibernate.cfg.SettingsFactory buildSettings
Información: Optimize cache for minimal puts: disabled
jun 05, 2014 4:27:58 PM org.hibernate.cfg.SettingsFactory buildSettings
Información: Structured second-level cache entries: disabled
jun 05, 2014 4:27:58 PM org.hibernate.cfg.SettingsFactory buildSettings
Información: Statistics: disabled
jun 05, 2014 4:27:58 PM org.hibernate.cfg.SettingsFactory buildSettings
Información: Deleted entity synthetic identifier rollback: disabled
jun 05, 2014 4:27:58 PM org.hibernate.cfg.SettingsFactory buildSettings
Información: Default entity-mode: pojo
jun 05, 2014 4:27:58 PM org.hibernate.cfg.SettingsFactory buildSettings
Información: Named query checking : enabled
jun 05, 2014 4:27:58 PM org.hibernate.cfg.SettingsFactory buildSettings
Información: Check Nullability in Core (should be disabled when Bean Validation is on): disabled
jun 05, 2014 4:27:58 PM org.hibernate.impl.SessionFactoryImpl <init>
Información: building session factory
jun 05, 2014 4:27:58 PM org.hibernate.type.BasicTypeRegistry register
Información: Type registration [blob] overrides previous : org.hibernate.type.BlobType@49043ad5
jun 05, 2014 4:27:58 PM org.hibernate.type.BasicTypeRegistry register
Información: Type registration [java.sql.Blob] overrides previous : org.hibernate.type.BlobType@49043ad5
jun 05, 2014 4:27:58 PM org.hibernate.type.BasicTypeRegistry register
Información: Type registration [materialized_blob] overrides previous : org.hibernate.type.MaterializedBlobType@34b29b66
jun 05, 2014 4:27:58 PM org.hibernate.type.BasicTypeRegistry register
Información: Type registration [wrapper_materialized_blob] overrides previous : org.hibernate.type.WrappedMaterializedBlobType@39f86091
jun 05, 2014 4:27:58 PM org.hibernate.type.BasicTypeRegistry register
Información: Type registration [wrapper_characters_clob] overrides previous : org.hibernate.type.CharacterArrayClobType@618bed52
jun 05, 2014 4:27:58 PM org.hibernate.type.BasicTypeRegistry register
Información: Type registration [clob] overrides previous : org.hibernate.type.ClobType@2989d486
jun 05, 2014 4:27:58 PM org.hibernate.type.BasicTypeRegistry register
Información: Type registration [java.sql.Clob] overrides previous : org.hibernate.type.ClobType@2989d486
jun 05, 2014 4:27:58 PM org.hibernate.type.BasicTypeRegistry register
Información: Type registration [characters_clob] overrides previous : org.hibernate.type.PrimitiveCharacterArrayClobType@17dfbeb8
jun 05, 2014 4:27:58 PM org.hibernate.type.BasicTypeRegistry register
Información: Type registration [materialized_clob] overrides previous : org.hibernate.type.MaterializedClobType@62622e46
jun 05, 2014 4:27:58 PM org.hibernate.id.UUIDHexGenerator <init>
Advertencia: Using org.hibernate.id.UUIDHexGenerator which does not generate IETF RFC 4122 compliant UUID values; consider using org.hibernate.id.UUIDGenerator instead
jun 05, 2014 4:27:58 PM org.hibernate.impl.SessionFactoryObjectFactory addInstance
Información: Not binding factory to JNDI, no JNDI name configured
jun 05, 2014 4:27:58 PM org.openxava.util.Labels get
Advertencia: Imposible internacionalizar elemento con id Vecino
jun 05, 2014 4:27:59 PM org.openxava.util.Labels get
Advertencia: Imposible internacionalizar elemento con id Vecino
jun 05, 2014 4:27:59 PM org.openxava.util.Labels get
Advertencia: Imposible internacionalizar elemento con id Vecino
jun 05, 2014 4:27:59 PM org.openxava.util.Labels get
Advertencia: Imposible internacionalizar elemento con id dnivecino
jun 05, 2014 4:27:59 PM org.openxava.util.Labels get
Advertencia: Imposible internacionalizar elemento con id apellidos
jun 05, 2014 4:27:59 PM org.openxava.util.Labels get
Advertencia: Imposible internacionalizar elemento con id fechanacimiento
jun 05, 2014 4:27:59 PM org.openxava.util.Labels get
Advertencia: Imposible internacionalizar elemento con id edad
jun 05, 2014 4:27:59 PM org.openxava.util.Labels get
Advertencia: Imposible internacionalizar elemento con id codpostal
jun 05, 2014 4:27:59 PM org.openxava.util.Labels get
Advertencia: Imposible internacionalizar elemento con id ciudad
jun 05, 2014 4:27:59 PM org.openxava.util.Labels get
Advertencia: Imposible internacionalizar elemento con id dnivecino
jun 05, 2014 4:27:59 PM org.openxava.util.Labels get
Advertencia: Imposible internacionalizar elemento con id apellidos
jun 05, 2014 4:27:59 PM org.openxava.util.Labels get
Advertencia: Imposible internacionalizar elemento con id fechanacimiento
jun 05, 2014 4:27:59 PM org.openxava.util.Labels get
Advertencia: Imposible internacionalizar elemento con id edad
jun 05, 2014 4:27:59 PM org.openxava.util.Labels get
Advertencia: Imposible internacionalizar elemento con id codpostal
jun 05, 2014 4:27:59 PM org.openxava.util.Labels get
Advertencia: Imposible internacionalizar elemento con id ciudad
jun 05, 2014 4:27:59 PM org.openxava.tab.impl.JDBCTabProvider nextBlock
Detallado: [JDBCTabProvider.nextBlock] Ejecutando SELECT vecino.dnivecino, vecino.dnivecino, vecino.nombre, vecino.apellidos, vecino.fechanacimiento, vecino.sexo, vecino.edad, vecino.direccion, vecino.codpostal, vecino.ciudad, vecino.telefono from vecino con argumentos 
jun 05, 2014 4:28:00 PM org.openxava.tab.impl.TableModelBean getRow
Detallado: nextChunk=368
jun 05, 2014 4:28:00 PM org.openxava.util.Labels get
Advertencia: Imposible internacionalizar elemento con id sumColumn
jun 05, 2014 4:28:00 PM org.openxava.util.Labels get
Advertencia: Imposible internacionalizar elemento con id sumColumn
jun 05, 2014 4:28:00 PM org.openxava.util.Labels get
Advertencia: Imposible internacionalizar elemento con id sumColumn
jun 05, 2014 4:28:00 PM org.openxava.util.Labels get
Advertencia: Imposible internacionalizar elemento con id sumColumn
jun 05, 2014 4:28:00 PM org.openxava.util.Labels get
Advertencia: Imposible internacionalizar elemento con id sumColumn
jun 05, 2014 4:28:00 PM org.openxava.util.Labels get
Advertencia: Imposible internacionalizar elemento con id sumColumn
jun 05, 2014 4:28:10 PM org.openxava.util.Labels get
Advertencia: Imposible internacionalizar elemento con id Piso
jun 05, 2014 4:28:10 PM org.openxava.util.Labels get
Advertencia: Imposible internacionalizar elemento con id Piso
jun 05, 2014 4:28:10 PM org.openxava.util.Labels get
Advertencia: Imposible internacionalizar elemento con id Piso
jun 05, 2014 4:28:10 PM org.openxava.util.Labels get
Advertencia: Imposible internacionalizar elemento con id idpiso
jun 05, 2014 4:28:10 PM org.openxava.util.Labels get
Advertencia: Imposible internacionalizar elemento con id metroscuadrados
jun 05, 2014 4:28:10 PM org.openxava.util.Labels get
Advertencia: Imposible internacionalizar elemento con id planta
jun 05, 2014 4:28:10 PM org.openxava.util.Labels get
Advertencia: Imposible internacionalizar elemento con id ubicacion
jun 05, 2014 4:28:10 PM org.openxava.util.Labels get
Advertencia: Imposible internacionalizar elemento con id calidad
jun 05, 2014 4:28:10 PM org.openxava.util.Labels get
Advertencia: Imposible internacionalizar elemento con id numhabitaciones
jun 05, 2014 4:28:10 PM org.openxava.util.Labels get
Advertencia: Imposible internacionalizar elemento con id garaje
jun 05, 2014 4:28:10 PM org.openxava.util.Labels get
Advertencia: Imposible internacionalizar elemento con id precio
jun 05, 2014 4:28:10 PM org.openxava.util.Labels get
Advertencia: Imposible internacionalizar elemento con id orientacion
jun 05, 2014 4:28:10 PM org.openxava.util.Labels get
Advertencia: Imposible internacionalizar elemento con id idpiso
jun 05, 2014 4:28:10 PM org.openxava.util.Labels get
Advertencia: Imposible internacionalizar elemento con id metroscuadrados
jun 05, 2014 4:28:10 PM org.openxava.util.Labels get
Advertencia: Imposible internacionalizar elemento con id planta
jun 05, 2014 4:28:10 PM org.openxava.util.Labels get
Advertencia: Imposible internacionalizar elemento con id ubicacion
jun 05, 2014 4:28:10 PM org.openxava.util.Labels get
Advertencia: Imposible internacionalizar elemento con id calidad
jun 05, 2014 4:28:10 PM org.openxava.util.Labels get
Advertencia: Imposible internacionalizar elemento con id numhabitaciones
jun 05, 2014 4:28:10 PM org.openxava.util.Labels get
Advertencia: Imposible internacionalizar elemento con id garaje
jun 05, 2014 4:28:10 PM org.openxava.util.Labels get
Advertencia: Imposible internacionalizar elemento con id precio
jun 05, 2014 4:28:10 PM org.openxava.util.Labels get
Advertencia: Imposible internacionalizar elemento con id orientacion
jun 05, 2014 4:28:10 PM org.openxava.tab.impl.JDBCTabProvider nextBlock
Detallado: [JDBCTabProvider.nextBlock] Ejecutando SELECT piso.idpiso, piso.idpiso, piso.metroscuadrados, piso.numero, piso.planta, piso.ubicacion, piso.calidad, piso.numhabitaciones, piso.garaje, piso.precio, piso.orientacion from piso con argumentos 
jun 05, 2014 4:28:10 PM org.openxava.tab.impl.TableModelBean getRow
Detallado: nextChunk=80
jun 05, 2014 4:28:11 PM org.openxava.util.Labels get
Advertencia: Imposible internacionalizar elemento con id sumColumn
jun 05, 2014 4:28:11 PM org.openxava.util.Labels get
Advertencia: Imposible internacionalizar elemento con id sumColumn
jun 05, 2014 4:28:11 PM org.openxava.util.Labels get
Advertencia: Imposible internacionalizar elemento con id sumColumn
jun 05, 2014 4:28:11 PM org.openxava.util.Labels get
Advertencia: Imposible internacionalizar elemento con id sumColumn
jun 05, 2014 4:28:11 PM org.openxava.util.Labels get
Advertencia: Imposible internacionalizar elemento con id sumColumn
jun 05, 2014 4:28:11 PM org.openxava.util.Labels get
Advertencia: Imposible internacionalizar elemento con id sumColumn
jun 05, 2014 4:28:11 PM org.openxava.util.Labels get
Advertencia: Imposible internacionalizar elemento con id sumColumn
jun 05, 2014 4:28:11 PM org.openxava.util.Labels get
Advertencia: Imposible internacionalizar elemento con id sumColumn
jun 05, 2014 4:28:11 PM org.openxava.util.Labels get
Advertencia: Imposible internacionalizar elemento con id sumColumn
jun 05, 2014 4:28:11 PM org.openxava.util.Labels get
Advertencia: Imposible internacionalizar elemento con id sumColumn
jun 05, 2014 4:28:11 PM org.openxava.util.Labels get
Advertencia: Imposible internacionalizar elemento con id sumColumn
jun 05, 2014 4:28:11 PM org.openxava.util.Labels get
Advertencia: Imposible internacionalizar elemento con id sumColumn
jun 05, 2014 4:28:50 PM org.apache.catalina.startup.Catalina stopServer
Grave: Catalina.stop: 
java.net.ConnectException: Connection refused: connect
	at java.net.DualStackPlainSocketImpl.connect0(Native Method)
	at java.net.DualStackPlainSocketImpl.socketConnect(DualStackPlainSocketImpl.java:79)
	at java.net.AbstractPlainSocketImpl.doConnect(AbstractPlainSocketImpl.java:339)
	at java.net.AbstractPlainSocketImpl.connectToAddress(AbstractPlainSocketImpl.java:200)
	at java.net.AbstractPlainSocketImpl.connect(AbstractPlainSocketImpl.java:182)
	at java.net.PlainSocketImpl.connect(PlainSocketImpl.java:172)
	at java.net.SocksSocketImpl.connect(SocksSocketImpl.java:392)
	at java.net.Socket.connect(Socket.java:579)
	at java.net.Socket.connect(Socket.java:528)
	at java.net.Socket.<init>(Socket.java:425)
	at java.net.Socket.<init>(Socket.java:208)
	at org.apache.catalina.startup.Catalina.stopServer(Catalina.java:422)
	at sun.reflect.NativeMethodAccessorImpl.invoke0(Native Method)
	at sun.reflect.NativeMethodAccessorImpl.invoke(NativeMethodAccessorImpl.java:57)
	at sun.reflect.DelegatingMethodAccessorImpl.invoke(DelegatingMethodAccessorImpl.java:43)
	at java.lang.reflect.Method.invoke(Method.java:606)
	at org.apache.catalina.startup.Bootstrap.stopServer(Bootstrap.java:337)
	at org.apache.catalina.startup.Bootstrap.main(Bootstrap.java:415)

