may 19, 2014 12:05:09 AM org.directwebremoting.util.CommonsLoggingOutput info
Información: Exec: Module.request()
may 19, 2014 12:05:09 AM org.openxava.util.Labels get
Advertencia: Imposible internacionalizar elemento con id Piso
may 19, 2014 12:05:09 AM org.openxava.util.Labels get
Advertencia: Imposible internacionalizar elemento con id Piso
may 19, 2014 12:05:09 AM org.openxava.util.Labels get
Advertencia: Imposible internacionalizar elemento con id idpiso
may 19, 2014 12:05:09 AM org.openxava.util.Labels get
Advertencia: Imposible internacionalizar elemento con id metroscuadrados
may 19, 2014 12:05:10 AM org.openxava.util.Labels get
Advertencia: Imposible internacionalizar elemento con id planta
may 19, 2014 12:05:10 AM org.openxava.util.Labels get
Advertencia: Imposible internacionalizar elemento con id ubicacion
may 19, 2014 12:05:10 AM org.openxava.util.Labels get
Advertencia: Imposible internacionalizar elemento con id calidad
may 19, 2014 12:05:10 AM org.openxava.util.Labels get
Advertencia: Imposible internacionalizar elemento con id numhabitaciones
may 19, 2014 12:05:10 AM org.openxava.util.Labels get
Advertencia: Imposible internacionalizar elemento con id garaje
may 19, 2014 12:05:10 AM org.openxava.util.Labels get
Advertencia: Imposible internacionalizar elemento con id precio
may 19, 2014 12:05:10 AM org.openxava.util.Labels get
Advertencia: Imposible internacionalizar elemento con id orientacion
may 19, 2014 12:05:10 AM org.openxava.util.Labels get
Advertencia: Imposible internacionalizar elemento con id idpiso
may 19, 2014 12:05:10 AM org.openxava.util.Labels get
Advertencia: Imposible internacionalizar elemento con id metroscuadrados
may 19, 2014 12:05:10 AM org.openxava.util.Labels get
Advertencia: Imposible internacionalizar elemento con id planta
may 19, 2014 12:05:10 AM org.openxava.util.Labels get
Advertencia: Imposible internacionalizar elemento con id ubicacion
may 19, 2014 12:05:10 AM org.openxava.util.Labels get
Advertencia: Imposible internacionalizar elemento con id calidad
may 19, 2014 12:05:10 AM org.openxava.util.Labels get
Advertencia: Imposible internacionalizar elemento con id numhabitaciones
may 19, 2014 12:05:10 AM org.openxava.util.Labels get
Advertencia: Imposible internacionalizar elemento con id garaje
may 19, 2014 12:05:10 AM org.openxava.util.Labels get
Advertencia: Imposible internacionalizar elemento con id precio
may 19, 2014 12:05:10 AM org.openxava.util.Labels get
Advertencia: Imposible internacionalizar elemento con id orientacion
may 19, 2014 12:05:10 AM org.openxava.tab.impl.JDBCTabProvider nextBlock
Detallado: [JDBCTabProvider.nextBlock] Ejecutando SELECT piso.idpiso, piso.idpiso, piso.metroscuadrados, piso.numero, piso.planta, piso.ubicacion, piso.calidad, piso.numhabitaciones, piso.garaje, piso.precio, piso.orientacion from piso con argumentos 
may 19, 2014 12:05:10 AM org.openxava.tab.impl.TableModelBean getRow
Detallado: nextChunk=63
may 19, 2014 12:05:10 AM org.openxava.util.Labels get
Advertencia: Imposible internacionalizar elemento con id sumColumn
may 19, 2014 12:05:10 AM org.openxava.util.Labels get
Advertencia: Imposible internacionalizar elemento con id sumColumn
may 19, 2014 12:05:10 AM org.openxava.util.Labels get
Advertencia: Imposible internacionalizar elemento con id sumColumn
may 19, 2014 12:05:10 AM org.openxava.util.Labels get
Advertencia: Imposible internacionalizar elemento con id sumColumn
may 19, 2014 12:05:10 AM org.openxava.util.Labels get
Advertencia: Imposible internacionalizar elemento con id sumColumn
may 19, 2014 12:05:10 AM org.openxava.util.Labels get
Advertencia: Imposible internacionalizar elemento con id sumColumn
may 19, 2014 12:05:10 AM org.openxava.util.Labels get
Advertencia: Imposible internacionalizar elemento con id sumColumn
may 19, 2014 12:05:10 AM org.openxava.util.Labels get
Advertencia: Imposible internacionalizar elemento con id sumColumn
may 19, 2014 12:05:10 AM org.openxava.util.Labels get
Advertencia: Imposible internacionalizar elemento con id sumColumn
may 19, 2014 12:05:10 AM org.openxava.util.Labels get
Advertencia: Imposible internacionalizar elemento con id sumColumn
may 19, 2014 12:05:10 AM org.openxava.util.Labels get
Advertencia: Imposible internacionalizar elemento con id sumColumn
may 19, 2014 12:05:10 AM org.openxava.util.Labels get
Advertencia: Imposible internacionalizar elemento con id sumColumn
may 19, 2014 12:05:16 AM org.openxava.util.Labels get
Advertencia: Imposible internacionalizar elemento con id Vecino
may 19, 2014 12:05:16 AM org.openxava.util.Labels get
Advertencia: Imposible internacionalizar elemento con id Vecino
may 19, 2014 12:05:16 AM org.openxava.util.Labels get
Advertencia: Imposible internacionalizar elemento con id dnivecino
may 19, 2014 12:05:16 AM org.openxava.util.Labels get
Advertencia: Imposible internacionalizar elemento con id apellidos
may 19, 2014 12:05:16 AM org.openxava.util.Labels get
Advertencia: Imposible internacionalizar elemento con id fechanacimiento
may 19, 2014 12:05:16 AM org.openxava.util.Labels get
Advertencia: Imposible internacionalizar elemento con id edad
may 19, 2014 12:05:16 AM org.openxava.util.Labels get
Advertencia: Imposible internacionalizar elemento con id codpostal
may 19, 2014 12:05:16 AM org.openxava.util.Labels get
Advertencia: Imposible internacionalizar elemento con id ciudad
may 19, 2014 12:05:16 AM org.openxava.util.Labels get
Advertencia: Imposible internacionalizar elemento con id dnivecino
may 19, 2014 12:05:16 AM org.openxava.util.Labels get
Advertencia: Imposible internacionalizar elemento con id apellidos
may 19, 2014 12:05:16 AM org.openxava.util.Labels get
Advertencia: Imposible internacionalizar elemento con id fechanacimiento
may 19, 2014 12:05:16 AM org.openxava.util.Labels get
Advertencia: Imposible internacionalizar elemento con id edad
may 19, 2014 12:05:16 AM org.openxava.util.Labels get
Advertencia: Imposible internacionalizar elemento con id codpostal
may 19, 2014 12:05:16 AM org.openxava.util.Labels get
Advertencia: Imposible internacionalizar elemento con id ciudad
may 19, 2014 12:05:16 AM org.openxava.tab.impl.JDBCTabProvider nextBlock
Detallado: [JDBCTabProvider.nextBlock] Ejecutando SELECT vecino.dnivecino, vecino.dnivecino, vecino.nombre, vecino.apellidos, vecino.fechanacimiento, vecino.sexo, vecino.edad, vecino.direccion, vecino.codpostal, vecino.ciudad, vecino.telefono from vecino con argumentos 
may 19, 2014 12:05:16 AM org.openxava.tab.impl.TableModelBean getRow
Detallado: nextChunk=3
may 19, 2014 12:05:16 AM org.openxava.util.Labels get
Advertencia: Imposible internacionalizar elemento con id sumColumn
may 19, 2014 12:05:16 AM org.openxava.util.Labels get
Advertencia: Imposible internacionalizar elemento con id sumColumn
may 19, 2014 12:05:16 AM org.openxava.util.Labels get
Advertencia: Imposible internacionalizar elemento con id sumColumn
may 19, 2014 12:05:16 AM org.openxava.util.Labels get
Advertencia: Imposible internacionalizar elemento con id sumColumn
may 19, 2014 12:05:16 AM org.openxava.util.Labels get
Advertencia: Imposible internacionalizar elemento con id sumColumn
may 19, 2014 12:05:16 AM org.openxava.util.Labels get
Advertencia: Imposible internacionalizar elemento con id sumColumn
may 19, 2014 12:05:45 AM org.openxava.util.Labels get
Advertencia: Imposible internacionalizar elemento con id Vecino
may 19, 2014 12:05:45 AM org.openxava.util.Labels get
Advertencia: Imposible internacionalizar elemento con id Vecino
may 19, 2014 12:05:45 AM org.openxava.util.Labels get
Advertencia: Imposible internacionalizar elemento con id dnivecino
may 19, 2014 12:05:45 AM org.openxava.util.Labels get
Advertencia: Imposible internacionalizar elemento con id apellidos
may 19, 2014 12:05:45 AM org.openxava.util.Labels get
Advertencia: Imposible internacionalizar elemento con id fechanacimiento
may 19, 2014 12:05:45 AM org.openxava.util.Labels get
Advertencia: Imposible internacionalizar elemento con id edad
may 19, 2014 12:05:45 AM org.openxava.util.Labels get
Advertencia: Imposible internacionalizar elemento con id codpostal
may 19, 2014 12:05:45 AM org.openxava.util.Labels get
Advertencia: Imposible internacionalizar elemento con id ciudad
may 19, 2014 12:05:45 AM org.openxava.util.Labels get
Advertencia: Imposible internacionalizar elemento con id dnivecino
may 19, 2014 12:05:45 AM org.openxava.util.Labels get
Advertencia: Imposible internacionalizar elemento con id apellidos
may 19, 2014 12:05:45 AM org.openxava.util.Labels get
Advertencia: Imposible internacionalizar elemento con id fechanacimiento
may 19, 2014 12:05:45 AM org.openxava.util.Labels get
Advertencia: Imposible internacionalizar elemento con id edad
may 19, 2014 12:05:45 AM org.openxava.util.Labels get
Advertencia: Imposible internacionalizar elemento con id codpostal
may 19, 2014 12:05:45 AM org.openxava.util.Labels get
Advertencia: Imposible internacionalizar elemento con id ciudad
may 19, 2014 12:05:45 AM org.openxava.tab.impl.JDBCTabProvider nextBlock
Detallado: [JDBCTabProvider.nextBlock] Ejecutando SELECT vecino.dnivecino, vecino.dnivecino, vecino.nombre, vecino.apellidos, vecino.fechanacimiento, vecino.sexo, vecino.edad, vecino.direccion, vecino.codpostal, vecino.ciudad, vecino.telefono from vecino con argumentos 
may 19, 2014 12:05:45 AM org.openxava.tab.impl.TableModelBean getRow
Detallado: nextChunk=2
may 19, 2014 12:05:45 AM org.openxava.util.Labels get
Advertencia: Imposible internacionalizar elemento con id sumColumn
may 19, 2014 12:05:45 AM org.openxava.util.Labels get
Advertencia: Imposible internacionalizar elemento con id sumColumn
may 19, 2014 12:05:45 AM org.openxava.util.Labels get
Advertencia: Imposible internacionalizar elemento con id sumColumn
may 19, 2014 12:05:45 AM org.openxava.util.Labels get
Advertencia: Imposible internacionalizar elemento con id sumColumn
may 19, 2014 12:05:45 AM org.openxava.util.Labels get
Advertencia: Imposible internacionalizar elemento con id sumColumn
may 19, 2014 12:05:45 AM org.openxava.util.Labels get
Advertencia: Imposible internacionalizar elemento con id sumColumn
may 19, 2014 12:05:46 AM org.openxava.util.Labels get
Advertencia: Imposible internacionalizar elemento con id Vecino
may 19, 2014 12:05:46 AM org.openxava.util.Labels get
Advertencia: Imposible internacionalizar elemento con id Vecino
may 19, 2014 12:05:46 AM org.openxava.util.Labels get
Advertencia: Imposible internacionalizar elemento con id dnivecino
may 19, 2014 12:05:47 AM org.openxava.util.Labels get
Advertencia: Imposible internacionalizar elemento con id apellidos
may 19, 2014 12:05:47 AM org.openxava.util.Labels get
Advertencia: Imposible internacionalizar elemento con id fechanacimiento
may 19, 2014 12:05:47 AM org.openxava.util.Labels get
Advertencia: Imposible internacionalizar elemento con id edad
may 19, 2014 12:05:47 AM org.openxava.util.Labels get
Advertencia: Imposible internacionalizar elemento con id codpostal
may 19, 2014 12:05:47 AM org.openxava.util.Labels get
Advertencia: Imposible internacionalizar elemento con id ciudad
may 19, 2014 12:05:47 AM org.openxava.util.Labels get
Advertencia: Imposible internacionalizar elemento con id dnivecino
may 19, 2014 12:05:47 AM org.openxava.util.Labels get
Advertencia: Imposible internacionalizar elemento con id apellidos
may 19, 2014 12:05:47 AM org.openxava.util.Labels get
Advertencia: Imposible internacionalizar elemento con id fechanacimiento
may 19, 2014 12:05:47 AM org.openxava.util.Labels get
Advertencia: Imposible internacionalizar elemento con id edad
may 19, 2014 12:05:47 AM org.openxava.util.Labels get
Advertencia: Imposible internacionalizar elemento con id codpostal
may 19, 2014 12:05:47 AM org.openxava.util.Labels get
Advertencia: Imposible internacionalizar elemento con id ciudad
may 19, 2014 12:05:47 AM org.openxava.tab.impl.JDBCTabProvider nextBlock
Detallado: [JDBCTabProvider.nextBlock] Ejecutando SELECT vecino.dnivecino, vecino.dnivecino, vecino.nombre, vecino.apellidos, vecino.fechanacimiento, vecino.sexo, vecino.edad, vecino.direccion, vecino.codpostal, vecino.ciudad, vecino.telefono from vecino con argumentos 
may 19, 2014 12:05:47 AM org.openxava.tab.impl.TableModelBean getRow
Detallado: nextChunk=5
may 19, 2014 12:05:47 AM org.openxava.util.Labels get
Advertencia: Imposible internacionalizar elemento con id sumColumn
may 19, 2014 12:05:47 AM org.openxava.util.Labels get
Advertencia: Imposible internacionalizar elemento con id sumColumn
may 19, 2014 12:05:47 AM org.openxava.util.Labels get
Advertencia: Imposible internacionalizar elemento con id sumColumn
may 19, 2014 12:05:47 AM org.openxava.util.Labels get
Advertencia: Imposible internacionalizar elemento con id sumColumn
may 19, 2014 12:05:47 AM org.openxava.util.Labels get
Advertencia: Imposible internacionalizar elemento con id sumColumn
may 19, 2014 12:05:47 AM org.openxava.util.Labels get
Advertencia: Imposible internacionalizar elemento con id sumColumn
may 19, 2014 12:05:48 AM org.directwebremoting.util.CommonsLoggingOutput info
Información: Exec: Module.request()
may 19, 2014 12:05:48 AM org.openxava.controller.ModuleManager execute
Detallado: Execute Mode.detailAndFirst=194 ms
may 19, 2014 12:05:49 AM org.openxava.util.Labels get
Advertencia: Imposible internacionalizar elemento con id dnivecino
may 19, 2014 12:05:49 AM org.openxava.util.Labels get
Advertencia: Imposible internacionalizar elemento con id dnivecino
may 19, 2014 12:05:49 AM org.openxava.util.Labels get
Advertencia: Imposible internacionalizar elemento con id apellidos
may 19, 2014 12:05:49 AM org.openxava.util.Labels get
Advertencia: Imposible internacionalizar elemento con id apellidos
may 19, 2014 12:05:49 AM org.openxava.util.Labels get
Advertencia: Imposible internacionalizar elemento con id fechanacimiento
may 19, 2014 12:05:49 AM org.openxava.util.Labels get
Advertencia: Imposible internacionalizar elemento con id fechanacimiento
may 19, 2014 12:05:49 AM org.openxava.util.Labels get
Advertencia: Imposible internacionalizar elemento con id edad
may 19, 2014 12:05:49 AM org.openxava.util.Labels get
Advertencia: Imposible internacionalizar elemento con id edad
may 19, 2014 12:05:49 AM org.openxava.util.Labels get
Advertencia: Imposible internacionalizar elemento con id codpostal
may 19, 2014 12:05:49 AM org.openxava.util.Labels get
Advertencia: Imposible internacionalizar elemento con id codpostal
may 19, 2014 12:05:49 AM org.openxava.util.Labels get
Advertencia: Imposible internacionalizar elemento con id ciudad
may 19, 2014 12:05:49 AM org.openxava.util.Labels get
Advertencia: Imposible internacionalizar elemento con id ciudad
may 19, 2014 12:05:51 AM org.directwebremoting.util.CommonsLoggingOutput info
Información: Exec: Module.request()
may 19, 2014 12:05:51 AM org.openxava.controller.ModuleManager execute
Detallado: Execute Mode.list=3 ms
may 19, 2014 12:05:51 AM org.openxava.util.Labels get
Advertencia: Imposible internacionalizar elemento con id dnivecino
may 19, 2014 12:05:51 AM org.openxava.util.Labels get
Advertencia: Imposible internacionalizar elemento con id apellidos
may 19, 2014 12:05:51 AM org.openxava.util.Labels get
Advertencia: Imposible internacionalizar elemento con id fechanacimiento
may 19, 2014 12:05:51 AM org.openxava.util.Labels get
Advertencia: Imposible internacionalizar elemento con id edad
may 19, 2014 12:05:51 AM org.openxava.util.Labels get
Advertencia: Imposible internacionalizar elemento con id codpostal
may 19, 2014 12:05:51 AM org.openxava.util.Labels get
Advertencia: Imposible internacionalizar elemento con id ciudad
may 19, 2014 12:05:51 AM org.openxava.util.Labels get
Advertencia: Imposible internacionalizar elemento con id dnivecino
may 19, 2014 12:05:51 AM org.openxava.util.Labels get
Advertencia: Imposible internacionalizar elemento con id apellidos
may 19, 2014 12:05:51 AM org.openxava.util.Labels get
Advertencia: Imposible internacionalizar elemento con id fechanacimiento
may 19, 2014 12:05:51 AM org.openxava.util.Labels get
Advertencia: Imposible internacionalizar elemento con id edad
may 19, 2014 12:05:51 AM org.openxava.util.Labels get
Advertencia: Imposible internacionalizar elemento con id codpostal
may 19, 2014 12:05:51 AM org.openxava.util.Labels get
Advertencia: Imposible internacionalizar elemento con id ciudad
may 19, 2014 12:05:51 AM org.openxava.tab.impl.JDBCTabProvider nextBlock
Detallado: [JDBCTabProvider.nextBlock] Ejecutando SELECT vecino.dnivecino, vecino.dnivecino, vecino.nombre, vecino.apellidos, vecino.fechanacimiento, vecino.sexo, vecino.edad, vecino.direccion, vecino.codpostal, vecino.ciudad, vecino.telefono from vecino con argumentos 
may 19, 2014 12:05:51 AM org.openxava.tab.impl.TableModelBean getRow
Detallado: nextChunk=2
may 19, 2014 12:05:51 AM org.openxava.util.Labels get
Advertencia: Imposible internacionalizar elemento con id sumColumn
may 19, 2014 12:05:51 AM org.openxava.util.Labels get
Advertencia: Imposible internacionalizar elemento con id sumColumn
may 19, 2014 12:05:51 AM org.openxava.util.Labels get
Advertencia: Imposible internacionalizar elemento con id sumColumn
may 19, 2014 12:05:51 AM org.openxava.util.Labels get
Advertencia: Imposible internacionalizar elemento con id sumColumn
may 19, 2014 12:05:51 AM org.openxava.util.Labels get
Advertencia: Imposible internacionalizar elemento con id sumColumn
may 19, 2014 12:05:51 AM org.openxava.util.Labels get
Advertencia: Imposible internacionalizar elemento con id sumColumn
may 19, 2014 12:06:18 AM org.directwebremoting.util.CommonsLoggingOutput info
Información: Exec: Module.request()
may 19, 2014 12:06:18 AM org.openxava.controller.ModuleManager execute
Detallado: Execute Mode.detailAndFirst=11 ms
may 19, 2014 12:06:18 AM org.openxava.util.Labels get
Advertencia: Imposible internacionalizar elemento con id dnivecino
may 19, 2014 12:06:18 AM org.openxava.util.Labels get
Advertencia: Imposible internacionalizar elemento con id dnivecino
may 19, 2014 12:06:18 AM org.openxava.util.Labels get
Advertencia: Imposible internacionalizar elemento con id apellidos
may 19, 2014 12:06:18 AM org.openxava.util.Labels get
Advertencia: Imposible internacionalizar elemento con id apellidos
may 19, 2014 12:06:18 AM org.openxava.util.Labels get
Advertencia: Imposible internacionalizar elemento con id fechanacimiento
may 19, 2014 12:06:18 AM org.openxava.util.Labels get
Advertencia: Imposible internacionalizar elemento con id fechanacimiento
may 19, 2014 12:06:18 AM org.openxava.util.Labels get
Advertencia: Imposible internacionalizar elemento con id edad
may 19, 2014 12:06:18 AM org.openxava.util.Labels get
Advertencia: Imposible internacionalizar elemento con id edad
may 19, 2014 12:06:18 AM org.openxava.util.Labels get
Advertencia: Imposible internacionalizar elemento con id codpostal
may 19, 2014 12:06:18 AM org.openxava.util.Labels get
Advertencia: Imposible internacionalizar elemento con id codpostal
may 19, 2014 12:06:18 AM org.openxava.util.Labels get
Advertencia: Imposible internacionalizar elemento con id ciudad
may 19, 2014 12:06:18 AM org.openxava.util.Labels get
Advertencia: Imposible internacionalizar elemento con id ciudad
may 19, 2014 12:06:50 AM org.directwebremoting.util.CommonsLoggingOutput info
Información: Exec: Module.request()
may 19, 2014 12:06:50 AM org.openxava.controller.ModuleManager execute
Detallado: Execute Mode.split=3 ms
may 19, 2014 12:06:50 AM org.openxava.util.Labels get
Advertencia: Imposible internacionalizar elemento con id dnivecino
may 19, 2014 12:06:50 AM org.openxava.util.Labels get
Advertencia: Imposible internacionalizar elemento con id apellidos
may 19, 2014 12:06:50 AM org.openxava.util.Labels get
Advertencia: Imposible internacionalizar elemento con id fechanacimiento
may 19, 2014 12:06:50 AM org.openxava.util.Labels get
Advertencia: Imposible internacionalizar elemento con id edad
may 19, 2014 12:06:50 AM org.openxava.util.Labels get
Advertencia: Imposible internacionalizar elemento con id codpostal
may 19, 2014 12:06:50 AM org.openxava.util.Labels get
Advertencia: Imposible internacionalizar elemento con id ciudad
may 19, 2014 12:06:50 AM org.openxava.util.Labels get
Advertencia: Imposible internacionalizar elemento con id dnivecino
may 19, 2014 12:06:50 AM org.openxava.util.Labels get
Advertencia: Imposible internacionalizar elemento con id apellidos
may 19, 2014 12:06:50 AM org.openxava.util.Labels get
Advertencia: Imposible internacionalizar elemento con id fechanacimiento
may 19, 2014 12:06:50 AM org.openxava.util.Labels get
Advertencia: Imposible internacionalizar elemento con id edad
may 19, 2014 12:06:50 AM org.openxava.util.Labels get
Advertencia: Imposible internacionalizar elemento con id codpostal
may 19, 2014 12:06:50 AM org.openxava.util.Labels get
Advertencia: Imposible internacionalizar elemento con id ciudad
may 19, 2014 12:06:50 AM org.openxava.tab.impl.JDBCTabProvider nextBlock
Detallado: [JDBCTabProvider.nextBlock] Ejecutando SELECT vecino.dnivecino, vecino.dnivecino, vecino.nombre, vecino.apellidos, vecino.fechanacimiento, vecino.sexo, vecino.edad, vecino.direccion, vecino.codpostal, vecino.ciudad, vecino.telefono from vecino con argumentos 
may 19, 2014 12:06:50 AM org.openxava.tab.impl.TableModelBean getRow
Detallado: nextChunk=3
may 19, 2014 12:06:50 AM org.openxava.util.Labels get
Advertencia: Imposible internacionalizar elemento con id sumColumn
may 19, 2014 12:06:50 AM org.openxava.util.Labels get
Advertencia: Imposible internacionalizar elemento con id sumColumn
may 19, 2014 12:06:50 AM org.openxava.util.Labels get
Advertencia: Imposible internacionalizar elemento con id sumColumn
may 19, 2014 12:06:50 AM org.openxava.util.Labels get
Advertencia: Imposible internacionalizar elemento con id sumColumn
may 19, 2014 12:06:50 AM org.openxava.util.Labels get
Advertencia: Imposible internacionalizar elemento con id sumColumn
may 19, 2014 12:06:50 AM org.openxava.util.Labels get
Advertencia: Imposible internacionalizar elemento con id sumColumn
may 19, 2014 12:06:50 AM org.openxava.util.Labels get
Advertencia: Imposible internacionalizar elemento con id dnivecino
may 19, 2014 12:06:50 AM org.openxava.util.Labels get
Advertencia: Imposible internacionalizar elemento con id dnivecino
may 19, 2014 12:06:50 AM org.openxava.util.Labels get
Advertencia: Imposible internacionalizar elemento con id apellidos
may 19, 2014 12:06:50 AM org.openxava.util.Labels get
Advertencia: Imposible internacionalizar elemento con id apellidos
may 19, 2014 12:06:50 AM org.openxava.util.Labels get
Advertencia: Imposible internacionalizar elemento con id fechanacimiento
may 19, 2014 12:06:50 AM org.openxava.util.Labels get
Advertencia: Imposible internacionalizar elemento con id fechanacimiento
may 19, 2014 12:06:50 AM org.openxava.util.Labels get
Advertencia: Imposible internacionalizar elemento con id edad
may 19, 2014 12:06:50 AM org.openxava.util.Labels get
Advertencia: Imposible internacionalizar elemento con id edad
may 19, 2014 12:06:50 AM org.openxava.util.Labels get
Advertencia: Imposible internacionalizar elemento con id codpostal
may 19, 2014 12:06:50 AM org.openxava.util.Labels get
Advertencia: Imposible internacionalizar elemento con id codpostal
may 19, 2014 12:06:50 AM org.openxava.util.Labels get
Advertencia: Imposible internacionalizar elemento con id ciudad
may 19, 2014 12:06:50 AM org.openxava.util.Labels get
Advertencia: Imposible internacionalizar elemento con id ciudad
may 19, 2014 12:10:06 AM org.directwebremoting.util.CommonsLoggingOutput info
Información: Exec: Module.request()
may 19, 2014 12:10:06 AM org.openxava.controller.ModuleManager execute
Detallado: Execute CRUD.new=25 ms
may 19, 2014 12:10:06 AM org.openxava.util.Labels get
Advertencia: Imposible internacionalizar elemento con id dnivecino
may 19, 2014 12:10:06 AM org.openxava.util.Labels get
Advertencia: Imposible internacionalizar elemento con id fechanacimiento
may 19, 2014 12:10:06 AM org.openxava.util.Labels get
Advertencia: Imposible internacionalizar elemento con id codpostal
may 19, 2014 12:10:06 AM org.openxava.util.Labels get
Advertencia: Imposible internacionalizar elemento con id apellidos
may 19, 2014 12:10:06 AM org.openxava.util.Labels get
Advertencia: Imposible internacionalizar elemento con id edad
may 19, 2014 12:10:06 AM org.openxava.util.Labels get
Advertencia: Imposible internacionalizar elemento con id ciudad
may 19, 2014 12:10:06 AM org.openxava.util.Labels get
Advertencia: Imposible internacionalizar elemento con id dnivecino
may 19, 2014 12:10:06 AM org.openxava.util.Labels get
Advertencia: Imposible internacionalizar elemento con id apellidos
may 19, 2014 12:10:06 AM org.openxava.util.Labels get
Advertencia: Imposible internacionalizar elemento con id fechanacimiento
may 19, 2014 12:10:06 AM org.openxava.util.Labels get
Advertencia: Imposible internacionalizar elemento con id edad
may 19, 2014 12:10:06 AM org.openxava.util.Labels get
Advertencia: Imposible internacionalizar elemento con id codpostal
may 19, 2014 12:10:06 AM org.openxava.util.Labels get
Advertencia: Imposible internacionalizar elemento con id ciudad
may 19, 2014 12:10:06 AM org.openxava.util.Labels get
Advertencia: Imposible internacionalizar elemento con id dnivecino
may 19, 2014 12:10:06 AM org.openxava.util.Labels get
Advertencia: Imposible internacionalizar elemento con id apellidos
may 19, 2014 12:10:06 AM org.openxava.util.Labels get
Advertencia: Imposible internacionalizar elemento con id fechanacimiento
may 19, 2014 12:10:06 AM org.openxava.util.Labels get
Advertencia: Imposible internacionalizar elemento con id edad
may 19, 2014 12:10:06 AM org.openxava.util.Labels get
Advertencia: Imposible internacionalizar elemento con id codpostal
may 19, 2014 12:10:06 AM org.openxava.util.Labels get
Advertencia: Imposible internacionalizar elemento con id ciudad
may 19, 2014 12:10:06 AM org.openxava.tab.impl.JDBCTabProvider nextBlock
Detallado: [JDBCTabProvider.nextBlock] Ejecutando SELECT vecino.dnivecino, vecino.dnivecino, vecino.nombre, vecino.apellidos, vecino.fechanacimiento, vecino.sexo, vecino.edad, vecino.direccion, vecino.codpostal, vecino.ciudad, vecino.telefono from vecino con argumentos 
may 19, 2014 12:10:06 AM org.openxava.tab.impl.TableModelBean getRow
Detallado: nextChunk=3
may 19, 2014 12:10:06 AM org.openxava.util.Labels get
Advertencia: Imposible internacionalizar elemento con id sumColumn
may 19, 2014 12:10:06 AM org.openxava.util.Labels get
Advertencia: Imposible internacionalizar elemento con id sumColumn
may 19, 2014 12:10:06 AM org.openxava.util.Labels get
Advertencia: Imposible internacionalizar elemento con id sumColumn
may 19, 2014 12:10:06 AM org.openxava.util.Labels get
Advertencia: Imposible internacionalizar elemento con id sumColumn
may 19, 2014 12:10:06 AM org.openxava.util.Labels get
Advertencia: Imposible internacionalizar elemento con id sumColumn
may 19, 2014 12:10:06 AM org.openxava.util.Labels get
Advertencia: Imposible internacionalizar elemento con id sumColumn
