jun 15, 2014 2:49:43 PM org.apache.catalina.startup.Embedded initDirs
Grave: No puedo hallar carpeta temporal especificada en C:\Users\MIGUE\Desktop\openxava-4.1.2\tomcat\temp
jun 15, 2014 2:49:45 PM org.apache.catalina.core.AprLifecycleListener init
Información: La biblioteca nativa de Apache Tomcat basada en ARP que permite un rendimiento óptimo en entornos de desarrollo no ha sido hallada en java.library.path: C:\Program Files\Java\jdk1.7.0_45\bin;C:\Windows\Sun\Java\bin;C:\Windows\system32;C:\Windows;C:\Program Files (x86)\NVIDIA Corporation\PhysX\Common;C:\Program Files\Common Files\Microsoft Shared\Windows Live;C:\Program Files (x86)\Common Files\Microsoft Shared\Windows Live;C:\Windows\system32;C:\Windows;C:\Windows\System32\Wbem;C:\Windows\System32\WindowsPowerShell\v1.0\;C:\Program Files (x86)\ATI Technologies\ATI.ACE\Core-Static;C:\Program Files\Intel\DMIX;C:\Program Files (x86)\QuickTime\QTSystem\;C:\Program Files (x86)\Windows Live\Shared;;.
jun 15, 2014 2:49:45 PM org.apache.coyote.http11.Http11Protocol init
Información: Inicializando Coyote HTTP/1.1 en puerto http-8089
jun 15, 2014 2:49:45 PM org.apache.catalina.startup.Catalina load
Información: Initialization processed in 1230 ms
jun 15, 2014 2:49:45 PM org.apache.catalina.core.StandardService start
Información: Arrancando servicio Catalina
jun 15, 2014 2:49:45 PM org.apache.catalina.core.StandardEngine start
Información: Starting Servlet Engine: Apache Tomcat/6.0.20
jun 15, 2014 2:49:47 PM org.directwebremoting.util.CommonsLoggingOutput info
Información: DWR Version 2.0.5 starting.
jun 15, 2014 2:49:47 PM org.directwebremoting.util.CommonsLoggingOutput info
Información: - Servlet Engine: Apache Tomcat/6.0.20
jun 15, 2014 2:49:47 PM org.directwebremoting.util.CommonsLoggingOutput info
Información: - Java Version:   1.7.0_45
jun 15, 2014 2:49:47 PM org.directwebremoting.util.CommonsLoggingOutput info
Información: - Java Vendor:    Oracle Corporation
jun 15, 2014 2:49:48 PM org.directwebremoting.util.CommonsLoggingOutput info
Información: Probably not an issue: org.jdom.Document is not available so the jdom converter will not load. This is only an problem if you wanted to use it.
jun 15, 2014 2:49:48 PM org.directwebremoting.util.CommonsLoggingOutput info
Información: Probably not an issue: org.jdom.Element is not available so the jdom converter will not load. This is only an problem if you wanted to use it.
jun 15, 2014 2:49:49 PM org.directwebremoting.util.CommonsLoggingOutput info
Información: DWR Version 2.0.5 starting.
jun 15, 2014 2:49:49 PM org.directwebremoting.util.CommonsLoggingOutput info
Información: - Servlet Engine: Apache Tomcat/6.0.20
jun 15, 2014 2:49:49 PM org.directwebremoting.util.CommonsLoggingOutput info
Información: - Java Version:   1.7.0_45
jun 15, 2014 2:49:49 PM org.directwebremoting.util.CommonsLoggingOutput info
Información: - Java Vendor:    Oracle Corporation
jun 15, 2014 2:49:49 PM org.directwebremoting.util.CommonsLoggingOutput info
Información: Probably not an issue: org.jdom.Document is not available so the jdom converter will not load. This is only an problem if you wanted to use it.
jun 15, 2014 2:49:49 PM org.directwebremoting.util.CommonsLoggingOutput info
Información: Probably not an issue: org.jdom.Element is not available so the jdom converter will not load. This is only an problem if you wanted to use it.
jun 15, 2014 2:49:51 PM org.directwebremoting.util.CommonsLoggingOutput info
Información: DWR Version 2.0.5 starting.
jun 15, 2014 2:49:51 PM org.directwebremoting.util.CommonsLoggingOutput info
Información: - Servlet Engine: Apache Tomcat/6.0.20
jun 15, 2014 2:49:51 PM org.directwebremoting.util.CommonsLoggingOutput info
Información: - Java Version:   1.7.0_45
jun 15, 2014 2:49:51 PM org.directwebremoting.util.CommonsLoggingOutput info
Información: - Java Vendor:    Oracle Corporation
jun 15, 2014 2:49:51 PM org.directwebremoting.util.CommonsLoggingOutput info
Información: Probably not an issue: org.jdom.Document is not available so the jdom converter will not load. This is only an problem if you wanted to use it.
jun 15, 2014 2:49:51 PM org.directwebremoting.util.CommonsLoggingOutput info
Información: Probably not an issue: org.jdom.Element is not available so the jdom converter will not load. This is only an problem if you wanted to use it.
jun 15, 2014 2:49:51 PM org.apache.coyote.http11.Http11Protocol start
Información: Arrancando Coyote HTTP/1.1 en puerto http-8089
jun 15, 2014 2:49:51 PM org.apache.jk.common.ChannelSocket init
Información: JK: ajp13 listening on /0.0.0.0:8009
jun 15, 2014 2:49:51 PM org.apache.jk.server.JkMain start
Información: Jk running ID=0 time=0/54  config=null
jun 15, 2014 2:49:51 PM org.apache.catalina.startup.Catalina start
Información: Server startup in 6343 ms
jun 15, 2014 3:11:15 PM org.openxava.controller.ModuleManager <clinit>
Información: OpenXava 4.1.2 (2011-4-11)
jun 15, 2014 3:11:15 PM org.hibernate.annotations.common.Version <clinit>
Información: Hibernate Commons Annotations 3.2.0.Final
jun 15, 2014 3:11:15 PM org.hibernate.cfg.Environment <clinit>
Información: Hibernate 3.6.1.Final
jun 15, 2014 3:11:16 PM org.hibernate.cfg.Environment <clinit>
Información: hibernate.properties not found
jun 15, 2014 3:11:16 PM org.hibernate.cfg.Environment buildBytecodeProvider
Información: Bytecode provider name : javassist
jun 15, 2014 3:11:16 PM org.hibernate.cfg.Environment <clinit>
Información: using JDK 1.4 java.sql.Timestamp handling
jun 15, 2014 3:11:16 PM org.hibernate.ejb.Version <clinit>
Información: Hibernate EntityManager 3.6.1.Final
jun 15, 2014 3:11:16 PM org.hibernate.util.DTDEntityResolver resolveEntity
Advertencia: recognized obsolete hibernate namespace http://hibernate.sourceforge.net/. Use namespace http://www.hibernate.org/dtd/ instead. Refer to Hibernate 3.6 Migration Guide!
jun 15, 2014 3:11:17 PM org.hibernate.cfg.HbmBinder bindRootPersistentClassCommonValues
Información: Mapping class: org.openxava.session.GalleryImage -> IMAGES
jun 15, 2014 3:11:17 PM org.hibernate.cfg.AnnotationBinder bindClass
Información: Binding entity from annotated class: com.empresa.modelo.Vecino
jun 15, 2014 3:11:17 PM org.hibernate.cfg.annotations.EntityBinder bindTable
Información: Bind entity com.empresa.modelo.Vecino on table vecino
jun 15, 2014 3:11:17 PM org.hibernate.cfg.AnnotationBinder bindClass
Información: Binding entity from annotated class: com.empresa.modelo.Recibo
jun 15, 2014 3:11:17 PM org.hibernate.cfg.annotations.EntityBinder bindTable
Información: Bind entity com.empresa.modelo.Recibo on table recibo
jun 15, 2014 3:11:17 PM org.hibernate.cfg.AnnotationBinder bindClass
Información: Binding entity from annotated class: com.empresa.modelo.Cliente
jun 15, 2014 3:11:17 PM org.hibernate.cfg.annotations.EntityBinder bindTable
Información: Bind entity com.empresa.modelo.Cliente on table vecino
jun 15, 2014 3:11:17 PM org.hibernate.cfg.AnnotationBinder bindClass
Información: Binding entity from annotated class: com.empresa.modelo.Piso
jun 15, 2014 3:11:17 PM org.hibernate.cfg.annotations.EntityBinder bindTable
Información: Bind entity com.empresa.modelo.Piso on table piso
jun 15, 2014 3:11:17 PM org.hibernate.validator.Version <clinit>
Información: Hibernate Validator 3.1.0.GA
jun 15, 2014 3:11:17 PM org.hibernate.validator.util.Version <clinit>
Información: Hibernate Validator 4.1.0.Final
jun 15, 2014 3:11:17 PM org.hibernate.validator.engine.resolver.DefaultTraversableResolver detectJPA
Información: Instantiated an instance of org.hibernate.validator.engine.resolver.JPATraversableResolver.
jun 15, 2014 3:11:18 PM org.hibernate.validator.engine.resolver.DefaultTraversableResolver detectJPA
Información: Instantiated an instance of org.hibernate.validator.engine.resolver.JPATraversableResolver.
jun 15, 2014 3:11:18 PM org.hibernate.validator.engine.resolver.DefaultTraversableResolver detectJPA
Información: Instantiated an instance of org.hibernate.validator.engine.resolver.JPATraversableResolver.
jun 15, 2014 3:11:18 PM org.hibernate.cfg.search.HibernateSearchEventListenerRegister enableHibernateSearch
Información: Unable to find org.hibernate.search.event.FullTextIndexEventListener on the classpath. Hibernate Search is not enabled.
jun 15, 2014 3:11:18 PM org.hibernate.util.NamingHelper getInitialContext
Información: JNDI InitialContext properties:{}
jun 15, 2014 3:11:18 PM org.hibernate.connection.DatasourceConnectionProvider configure
Información: Using datasource: java:comp/env/jdbc/EmpresaDS
jun 15, 2014 3:11:18 PM org.hibernate.cfg.SettingsFactory buildSettings
Información: Database ->
       name : MySQL
    version : 5.5.32
      major : 5
      minor : 5
jun 15, 2014 3:11:18 PM org.hibernate.cfg.SettingsFactory buildSettings
Información: Driver ->
       name : MySQL Connector Java
    version : mysql-connector-java-5.1.25 ( Revision: ${bzr.revision-id} )
      major : 5
      minor : 1
jun 15, 2014 3:11:19 PM org.hibernate.dialect.Dialect <init>
Información: Using dialect: org.hibernate.dialect.MySQLDialect
jun 15, 2014 3:11:19 PM org.hibernate.engine.jdbc.JdbcSupportLoader useContextualLobCreation
Información: Disabling contextual LOB creation as createClob() method threw error : java.lang.reflect.InvocationTargetException
jun 15, 2014 3:11:19 PM org.hibernate.transaction.TransactionFactoryFactory buildTransactionFactory
Información: Transaction strategy: org.hibernate.transaction.JDBCTransactionFactory
jun 15, 2014 3:11:19 PM org.hibernate.transaction.TransactionManagerLookupFactory getTransactionManagerLookup
Información: No TransactionManagerLookup configured (in JTA environment, use of read-write or transactional second-level cache is not recommended)
jun 15, 2014 3:11:19 PM org.hibernate.cfg.SettingsFactory buildSettings
Información: Automatic flush during beforeCompletion(): disabled
jun 15, 2014 3:11:19 PM org.hibernate.cfg.SettingsFactory buildSettings
Información: Automatic session close at end of transaction: disabled
jun 15, 2014 3:11:19 PM org.hibernate.cfg.SettingsFactory buildSettings
Información: JDBC batch size: 15
jun 15, 2014 3:11:19 PM org.hibernate.cfg.SettingsFactory buildSettings
Información: JDBC batch updates for versioned data: disabled
jun 15, 2014 3:11:19 PM org.hibernate.cfg.SettingsFactory buildSettings
Información: Scrollable result sets: enabled
jun 15, 2014 3:11:19 PM org.hibernate.cfg.SettingsFactory buildSettings
Información: JDBC3 getGeneratedKeys(): enabled
jun 15, 2014 3:11:19 PM org.hibernate.cfg.SettingsFactory buildSettings
Información: Connection release mode: auto
jun 15, 2014 3:11:19 PM org.hibernate.cfg.SettingsFactory buildSettings
Información: Maximum outer join fetch depth: 2
jun 15, 2014 3:11:19 PM org.hibernate.cfg.SettingsFactory buildSettings
Información: Default batch fetch size: 1
jun 15, 2014 3:11:19 PM org.hibernate.cfg.SettingsFactory buildSettings
Información: Generate SQL with comments: disabled
jun 15, 2014 3:11:19 PM org.hibernate.cfg.SettingsFactory buildSettings
Información: Order SQL updates by primary key: disabled
jun 15, 2014 3:11:19 PM org.hibernate.cfg.SettingsFactory buildSettings
Información: Order SQL inserts for batching: disabled
jun 15, 2014 3:11:19 PM org.hibernate.cfg.SettingsFactory createQueryTranslatorFactory
Información: Query translator: org.hibernate.hql.ast.ASTQueryTranslatorFactory
jun 15, 2014 3:11:19 PM org.hibernate.hql.ast.ASTQueryTranslatorFactory <init>
Información: Using ASTQueryTranslatorFactory
jun 15, 2014 3:11:19 PM org.hibernate.cfg.SettingsFactory buildSettings
Información: Query language substitutions: {}
jun 15, 2014 3:11:19 PM org.hibernate.cfg.SettingsFactory buildSettings
Información: JPA-QL strict compliance: enabled
jun 15, 2014 3:11:19 PM org.hibernate.cfg.SettingsFactory buildSettings
Información: Second-level cache: enabled
jun 15, 2014 3:11:19 PM org.hibernate.cfg.SettingsFactory buildSettings
Información: Query cache: disabled
jun 15, 2014 3:11:19 PM org.hibernate.cfg.SettingsFactory createRegionFactory
Información: Cache region factory : org.hibernate.cache.impl.NoCachingRegionFactory
jun 15, 2014 3:11:19 PM org.hibernate.cfg.SettingsFactory buildSettings
Información: Optimize cache for minimal puts: disabled
jun 15, 2014 3:11:19 PM org.hibernate.cfg.SettingsFactory buildSettings
Información: Structured second-level cache entries: disabled
jun 15, 2014 3:11:19 PM org.hibernate.cfg.SettingsFactory buildSettings
Información: Statistics: disabled
jun 15, 2014 3:11:19 PM org.hibernate.cfg.SettingsFactory buildSettings
Información: Deleted entity synthetic identifier rollback: disabled
jun 15, 2014 3:11:19 PM org.hibernate.cfg.SettingsFactory buildSettings
Información: Default entity-mode: pojo
jun 15, 2014 3:11:19 PM org.hibernate.cfg.SettingsFactory buildSettings
Información: Named query checking : enabled
jun 15, 2014 3:11:19 PM org.hibernate.cfg.SettingsFactory buildSettings
Información: Check Nullability in Core (should be disabled when Bean Validation is on): disabled
jun 15, 2014 3:11:19 PM org.hibernate.impl.SessionFactoryImpl <init>
Información: building session factory
jun 15, 2014 3:11:19 PM org.hibernate.type.BasicTypeRegistry register
Información: Type registration [wrapper_characters_clob] overrides previous : org.hibernate.type.CharacterArrayClobType@71fc9ad0
jun 15, 2014 3:11:19 PM org.hibernate.type.BasicTypeRegistry register
Información: Type registration [characters_clob] overrides previous : org.hibernate.type.PrimitiveCharacterArrayClobType@7f180826
jun 15, 2014 3:11:19 PM org.hibernate.type.BasicTypeRegistry register
Información: Type registration [wrapper_materialized_blob] overrides previous : org.hibernate.type.WrappedMaterializedBlobType@2bf37fa
jun 15, 2014 3:11:19 PM org.hibernate.type.BasicTypeRegistry register
Información: Type registration [materialized_clob] overrides previous : org.hibernate.type.MaterializedClobType@57f3ff7e
jun 15, 2014 3:11:19 PM org.hibernate.type.BasicTypeRegistry register
Información: Type registration [clob] overrides previous : org.hibernate.type.ClobType@540ad64e
jun 15, 2014 3:11:19 PM org.hibernate.type.BasicTypeRegistry register
Información: Type registration [java.sql.Clob] overrides previous : org.hibernate.type.ClobType@540ad64e
jun 15, 2014 3:11:19 PM org.hibernate.type.BasicTypeRegistry register
Información: Type registration [materialized_blob] overrides previous : org.hibernate.type.MaterializedBlobType@137bc5fd
jun 15, 2014 3:11:19 PM org.hibernate.type.BasicTypeRegistry register
Información: Type registration [blob] overrides previous : org.hibernate.type.BlobType@23036f09
jun 15, 2014 3:11:19 PM org.hibernate.type.BasicTypeRegistry register
Información: Type registration [java.sql.Blob] overrides previous : org.hibernate.type.BlobType@23036f09
jun 15, 2014 3:11:19 PM org.hibernate.id.UUIDHexGenerator <init>
Advertencia: Using org.hibernate.id.UUIDHexGenerator which does not generate IETF RFC 4122 compliant UUID values; consider using org.hibernate.id.UUIDGenerator instead
jun 15, 2014 3:11:19 PM org.hibernate.impl.SessionFactoryObjectFactory addInstance
Información: Not binding factory to JNDI, no JNDI name configured
jun 15, 2014 3:11:20 PM org.openxava.util.Labels get
Advertencia: Imposible internacionalizar elemento con id Recibo
jun 15, 2014 3:11:20 PM org.openxava.util.Labels get
Advertencia: Imposible internacionalizar elemento con id Recibo
jun 15, 2014 3:11:20 PM org.openxava.util.Labels get
Advertencia: Imposible internacionalizar elemento con id Recibo
jun 15, 2014 3:11:20 PM org.openxava.util.Labels get
Advertencia: Imposible internacionalizar elemento con id id
jun 15, 2014 3:11:20 PM org.openxava.util.Labels get
Advertencia: Imposible internacionalizar elemento con id idpiso
jun 15, 2014 3:11:20 PM org.openxava.util.Labels get
Advertencia: Imposible internacionalizar elemento con id dnivecino
jun 15, 2014 3:11:20 PM org.openxava.util.Labels get
Advertencia: Imposible internacionalizar elemento con id mes
jun 15, 2014 3:11:21 PM org.openxava.util.Labels get
Advertencia: Imposible internacionalizar elemento con id id
jun 15, 2014 3:11:21 PM org.openxava.util.Labels get
Advertencia: Imposible internacionalizar elemento con id idpiso
jun 15, 2014 3:11:21 PM org.openxava.util.Labels get
Advertencia: Imposible internacionalizar elemento con id dnivecino
jun 15, 2014 3:11:21 PM org.openxava.util.Labels get
Advertencia: Imposible internacionalizar elemento con id mes
jun 15, 2014 3:11:21 PM org.openxava.tab.impl.JDBCTabProvider nextBlock
Detallado: [JDBCTabProvider.nextBlock] Ejecutando SELECT recibo.idrecibo, recibo.idrecibo, recibo.idpiso, recibo.dnivecino, recibo.mes, recibo.importe from recibo con argumentos 
jun 15, 2014 3:11:21 PM org.openxava.tab.impl.TableModelBean getRow
Detallado: nextChunk=75
jun 15, 2014 3:11:21 PM org.openxava.util.Labels get
Advertencia: Imposible internacionalizar elemento con id sumColumn
jun 15, 2014 3:11:21 PM org.openxava.util.Labels get
Advertencia: Imposible internacionalizar elemento con id sumColumn
jun 15, 2014 3:11:21 PM org.openxava.util.Labels get
Advertencia: Imposible internacionalizar elemento con id sumColumn
jun 15, 2014 3:11:21 PM org.openxava.util.Labels get
Advertencia: Imposible internacionalizar elemento con id sumColumn
jun 15, 2014 3:11:21 PM org.openxava.util.Labels get
Advertencia: Imposible internacionalizar elemento con id sumColumn
jun 15, 2014 3:11:21 PM org.openxava.util.Labels get
Advertencia: Imposible internacionalizar elemento con id sumColumn
jun 15, 2014 3:11:25 PM org.directwebremoting.util.CommonsLoggingOutput info
Información: Exec: Module.request()
jun 15, 2014 3:11:25 PM org.openxava.controller.ModuleManager execute
Detallado: Execute CRUD.new=19 ms
jun 15, 2014 3:11:28 PM org.openxava.util.Labels get
Advertencia: Imposible internacionalizar elemento con id id
jun 15, 2014 3:11:28 PM org.openxava.util.Labels get
Advertencia: Imposible internacionalizar elemento con id id
jun 15, 2014 3:11:28 PM org.openxava.util.Labels get
Advertencia: Imposible internacionalizar elemento con id idpiso
jun 15, 2014 3:11:28 PM org.openxava.util.Labels get
Advertencia: Imposible internacionalizar elemento con id idpiso
jun 15, 2014 3:11:28 PM org.openxava.util.Labels get
Advertencia: Imposible internacionalizar elemento con id dnivecino
jun 15, 2014 3:11:28 PM org.openxava.util.Labels get
Advertencia: Imposible internacionalizar elemento con id dnivecino
jun 15, 2014 3:11:28 PM org.openxava.util.Labels get
Advertencia: Imposible internacionalizar elemento con id mes
jun 15, 2014 3:11:28 PM org.openxava.util.Labels get
Advertencia: Imposible internacionalizar elemento con id mes
jun 15, 2014 3:11:46 PM org.directwebremoting.util.CommonsLoggingOutput info
Información: Exec: Module.request()
jun 15, 2014 3:11:46 PM org.hibernate.util.JDBCExceptionReporter logExceptions
Advertencia: SQL Error: 1452, SQLState: 23000
jun 15, 2014 3:11:46 PM org.hibernate.util.JDBCExceptionReporter logExceptions
Grave: Cannot add or update a child row: a foreign key constraint fails (`micomunidad`.`recibo`, CONSTRAINT `FK_recibo` FOREIGN KEY (`dnivecino`) REFERENCES `vecino` (`dnivecino`))
jun 15, 2014 3:11:46 PM org.hibernate.event.def.AbstractFlushingEventListener performExecutions
Grave: Could not synchronize database state with session
org.hibernate.exception.ConstraintViolationException: Could not execute JDBC batch update
	at org.hibernate.exception.SQLStateConverter.convert(SQLStateConverter.java:96)
	at org.hibernate.exception.JDBCExceptionHelper.convert(JDBCExceptionHelper.java:66)
	at org.hibernate.jdbc.AbstractBatcher.executeBatch(AbstractBatcher.java:275)
	at org.hibernate.engine.ActionQueue.executeActions(ActionQueue.java:268)
	at org.hibernate.engine.ActionQueue.executeActions(ActionQueue.java:184)
	at org.hibernate.event.def.AbstractFlushingEventListener.performExecutions(AbstractFlushingEventListener.java:321)
	at org.hibernate.event.def.DefaultFlushEventListener.onFlush(DefaultFlushEventListener.java:51)
	at org.hibernate.impl.SessionImpl.flush(SessionImpl.java:1216)
	at org.hibernate.ejb.AbstractEntityManagerImpl.flush(AbstractEntityManagerImpl.java:795)
	at org.openxava.jpa.impl.EntityManagerDecorator.flush(EntityManagerDecorator.java:151)
	at org.openxava.model.impl.JPAPersistenceProvider.flush(JPAPersistenceProvider.java:72)
	at org.openxava.model.impl.MapFacadeBean.commitTransaction(MapFacadeBean.java:75)
	at org.openxava.model.impl.MapFacadeBean.create(MapFacadeBean.java:45)
	at org.openxava.model.MapFacade.create(MapFacade.java:111)
	at org.openxava.actions.SaveAction.execute(SaveAction.java:27)
	at org.openxava.controller.ModuleManager.executeAction(ModuleManager.java:379)
	at org.openxava.controller.ModuleManager.executeAction(ModuleManager.java:296)
	at org.openxava.controller.ModuleManager.execute(ModuleManager.java:256)
	at org.apache.jsp.xava.execute_jsp._jspService(execute_jsp.java:177)
	at org.apache.jasper.runtime.HttpJspBase.service(HttpJspBase.java:70)
	at javax.servlet.http.HttpServlet.service(HttpServlet.java:717)
	at org.apache.jasper.servlet.JspServletWrapper.service(JspServletWrapper.java:374)
	at org.apache.jasper.servlet.JspServlet.serviceJspFile(JspServlet.java:342)
	at org.apache.jasper.servlet.JspServlet.service(JspServlet.java:267)
	at javax.servlet.http.HttpServlet.service(HttpServlet.java:717)
	at org.apache.catalina.core.ApplicationFilterChain.internalDoFilter(ApplicationFilterChain.java:290)
	at org.apache.catalina.core.ApplicationFilterChain.doFilter(ApplicationFilterChain.java:206)
	at org.apache.catalina.core.ApplicationDispatcher.invoke(ApplicationDispatcher.java:646)
	at org.apache.catalina.core.ApplicationDispatcher.doInclude(ApplicationDispatcher.java:551)
	at org.apache.catalina.core.ApplicationDispatcher.include(ApplicationDispatcher.java:488)
	at org.openxava.web.servlets.Servlets.getURIAsStream(Servlets.java:66)
	at org.openxava.web.dwr.Module.getURIAsStream(Module.java:183)
	at org.openxava.web.dwr.Module.request(Module.java:63)
	at sun.reflect.NativeMethodAccessorImpl.invoke0(Native Method)
	at sun.reflect.NativeMethodAccessorImpl.invoke(NativeMethodAccessorImpl.java:57)
	at sun.reflect.DelegatingMethodAccessorImpl.invoke(DelegatingMethodAccessorImpl.java:43)
	at java.lang.reflect.Method.invoke(Method.java:606)
	at org.directwebremoting.impl.ExecuteAjaxFilter.doFilter(ExecuteAjaxFilter.java:34)
	at org.directwebremoting.impl.DefaultRemoter$1.doFilter(DefaultRemoter.java:428)
	at org.directwebremoting.impl.DefaultRemoter.execute(DefaultRemoter.java:431)
	at org.directwebremoting.impl.DefaultRemoter.execute(DefaultRemoter.java:283)
	at org.directwebremoting.servlet.PlainCallHandler.handle(PlainCallHandler.java:52)
	at org.directwebremoting.servlet.UrlProcessor.handle(UrlProcessor.java:101)
	at org.directwebremoting.servlet.DwrServlet.doPost(DwrServlet.java:146)
	at javax.servlet.http.HttpServlet.service(HttpServlet.java:637)
	at javax.servlet.http.HttpServlet.service(HttpServlet.java:717)
	at org.apache.catalina.core.ApplicationFilterChain.internalDoFilter(ApplicationFilterChain.java:290)
	at org.apache.catalina.core.ApplicationFilterChain.doFilter(ApplicationFilterChain.java:206)
	at org.apache.catalina.core.StandardWrapperValve.invoke(StandardWrapperValve.java:233)
	at org.apache.catalina.core.StandardContextValve.invoke(StandardContextValve.java:191)
	at org.apache.catalina.core.StandardHostValve.invoke(StandardHostValve.java:128)
	at org.apache.catalina.valves.ErrorReportValve.invoke(ErrorReportValve.java:102)
	at org.apache.catalina.core.StandardEngineValve.invoke(StandardEngineValve.java:109)
	at org.apache.catalina.connector.CoyoteAdapter.service(CoyoteAdapter.java:293)
	at org.apache.coyote.http11.Http11Processor.process(Http11Processor.java:849)
	at org.apache.coyote.http11.Http11Protocol$Http11ConnectionHandler.process(Http11Protocol.java:583)
	at org.apache.tomcat.util.net.JIoEndpoint$Worker.run(JIoEndpoint.java:454)
	at java.lang.Thread.run(Thread.java:744)
Caused by: java.sql.BatchUpdateException: Cannot add or update a child row: a foreign key constraint fails (`micomunidad`.`recibo`, CONSTRAINT `FK_recibo` FOREIGN KEY (`dnivecino`) REFERENCES `vecino` (`dnivecino`))
	at com.mysql.jdbc.PreparedStatement.executeBatchSerially(PreparedStatement.java:2054)
	at com.mysql.jdbc.PreparedStatement.executeBatch(PreparedStatement.java:1467)
	at org.apache.tomcat.dbcp.dbcp.DelegatingStatement.executeBatch(DelegatingStatement.java:297)
	at org.hibernate.jdbc.BatchingBatcher.doExecuteBatch(BatchingBatcher.java:70)
	at org.hibernate.jdbc.AbstractBatcher.executeBatch(AbstractBatcher.java:268)
	... 55 more
Caused by: com.mysql.jdbc.exceptions.jdbc4.MySQLIntegrityConstraintViolationException: Cannot add or update a child row: a foreign key constraint fails (`micomunidad`.`recibo`, CONSTRAINT `FK_recibo` FOREIGN KEY (`dnivecino`) REFERENCES `vecino` (`dnivecino`))
	at sun.reflect.NativeConstructorAccessorImpl.newInstance0(Native Method)
	at sun.reflect.NativeConstructorAccessorImpl.newInstance(NativeConstructorAccessorImpl.java:57)
	at sun.reflect.DelegatingConstructorAccessorImpl.newInstance(DelegatingConstructorAccessorImpl.java:45)
	at java.lang.reflect.Constructor.newInstance(Constructor.java:526)
	at com.mysql.jdbc.Util.handleNewInstance(Util.java:411)
	at com.mysql.jdbc.Util.getInstance(Util.java:386)
	at com.mysql.jdbc.SQLError.createSQLException(SQLError.java:1041)
	at com.mysql.jdbc.MysqlIO.checkErrorPacket(MysqlIO.java:4187)
	at com.mysql.jdbc.MysqlIO.checkErrorPacket(MysqlIO.java:4119)
	at com.mysql.jdbc.MysqlIO.sendCommand(MysqlIO.java:2570)
	at com.mysql.jdbc.MysqlIO.sqlQueryDirect(MysqlIO.java:2731)
	at com.mysql.jdbc.ConnectionImpl.execSQL(ConnectionImpl.java:2815)
	at com.mysql.jdbc.PreparedStatement.executeInternal(PreparedStatement.java:2155)
	at com.mysql.jdbc.PreparedStatement.executeUpdate(PreparedStatement.java:2458)
	at com.mysql.jdbc.PreparedStatement.executeBatchSerially(PreparedStatement.java:2006)
	... 59 more

jun 15, 2014 3:11:46 PM org.openxava.controller.ModuleManager manageRegularException
Grave: org.hibernate.exception.ConstraintViolationException: Could not execute JDBC batch update
javax.persistence.PersistenceException: org.hibernate.exception.ConstraintViolationException: Could not execute JDBC batch update
	at org.hibernate.ejb.AbstractEntityManagerImpl.convert(AbstractEntityManagerImpl.java:1214)
	at org.hibernate.ejb.AbstractEntityManagerImpl.convert(AbstractEntityManagerImpl.java:1147)
	at org.hibernate.ejb.AbstractEntityManagerImpl.convert(AbstractEntityManagerImpl.java:1153)
	at org.hibernate.ejb.AbstractEntityManagerImpl.flush(AbstractEntityManagerImpl.java:798)
	at org.openxava.jpa.impl.EntityManagerDecorator.flush(EntityManagerDecorator.java:151)
	at org.openxava.model.impl.JPAPersistenceProvider.flush(JPAPersistenceProvider.java:72)
	at org.openxava.model.impl.MapFacadeBean.commitTransaction(MapFacadeBean.java:75)
	at org.openxava.model.impl.MapFacadeBean.create(MapFacadeBean.java:45)
	at org.openxava.model.MapFacade.create(MapFacade.java:111)
	at org.openxava.actions.SaveAction.execute(SaveAction.java:27)
	at org.openxava.controller.ModuleManager.executeAction(ModuleManager.java:379)
	at org.openxava.controller.ModuleManager.executeAction(ModuleManager.java:296)
	at org.openxava.controller.ModuleManager.execute(ModuleManager.java:256)
	at org.apache.jsp.xava.execute_jsp._jspService(execute_jsp.java:177)
	at org.apache.jasper.runtime.HttpJspBase.service(HttpJspBase.java:70)
	at javax.servlet.http.HttpServlet.service(HttpServlet.java:717)
	at org.apache.jasper.servlet.JspServletWrapper.service(JspServletWrapper.java:374)
	at org.apache.jasper.servlet.JspServlet.serviceJspFile(JspServlet.java:342)
	at org.apache.jasper.servlet.JspServlet.service(JspServlet.java:267)
	at javax.servlet.http.HttpServlet.service(HttpServlet.java:717)
	at org.apache.catalina.core.ApplicationFilterChain.internalDoFilter(ApplicationFilterChain.java:290)
	at org.apache.catalina.core.ApplicationFilterChain.doFilter(ApplicationFilterChain.java:206)
	at org.apache.catalina.core.ApplicationDispatcher.invoke(ApplicationDispatcher.java:646)
	at org.apache.catalina.core.ApplicationDispatcher.doInclude(ApplicationDispatcher.java:551)
	at org.apache.catalina.core.ApplicationDispatcher.include(ApplicationDispatcher.java:488)
	at org.openxava.web.servlets.Servlets.getURIAsStream(Servlets.java:66)
	at org.openxava.web.dwr.Module.getURIAsStream(Module.java:183)
	at org.openxava.web.dwr.Module.request(Module.java:63)
	at sun.reflect.NativeMethodAccessorImpl.invoke0(Native Method)
	at sun.reflect.NativeMethodAccessorImpl.invoke(NativeMethodAccessorImpl.java:57)
	at sun.reflect.DelegatingMethodAccessorImpl.invoke(DelegatingMethodAccessorImpl.java:43)
	at java.lang.reflect.Method.invoke(Method.java:606)
	at org.directwebremoting.impl.ExecuteAjaxFilter.doFilter(ExecuteAjaxFilter.java:34)
	at org.directwebremoting.impl.DefaultRemoter$1.doFilter(DefaultRemoter.java:428)
	at org.directwebremoting.impl.DefaultRemoter.execute(DefaultRemoter.java:431)
	at org.directwebremoting.impl.DefaultRemoter.execute(DefaultRemoter.java:283)
	at org.directwebremoting.servlet.PlainCallHandler.handle(PlainCallHandler.java:52)
	at org.directwebremoting.servlet.UrlProcessor.handle(UrlProcessor.java:101)
	at org.directwebremoting.servlet.DwrServlet.doPost(DwrServlet.java:146)
	at javax.servlet.http.HttpServlet.service(HttpServlet.java:637)
	at javax.servlet.http.HttpServlet.service(HttpServlet.java:717)
	at org.apache.catalina.core.ApplicationFilterChain.internalDoFilter(ApplicationFilterChain.java:290)
	at org.apache.catalina.core.ApplicationFilterChain.doFilter(ApplicationFilterChain.java:206)
	at org.apache.catalina.core.StandardWrapperValve.invoke(StandardWrapperValve.java:233)
	at org.apache.catalina.core.StandardContextValve.invoke(StandardContextValve.java:191)
	at org.apache.catalina.core.StandardHostValve.invoke(StandardHostValve.java:128)
	at org.apache.catalina.valves.ErrorReportValve.invoke(ErrorReportValve.java:102)
	at org.apache.catalina.core.StandardEngineValve.invoke(StandardEngineValve.java:109)
	at org.apache.catalina.connector.CoyoteAdapter.service(CoyoteAdapter.java:293)
	at org.apache.coyote.http11.Http11Processor.process(Http11Processor.java:849)
	at org.apache.coyote.http11.Http11Protocol$Http11ConnectionHandler.process(Http11Protocol.java:583)
	at org.apache.tomcat.util.net.JIoEndpoint$Worker.run(JIoEndpoint.java:454)
	at java.lang.Thread.run(Thread.java:744)
Caused by: org.hibernate.exception.ConstraintViolationException: Could not execute JDBC batch update
	at org.hibernate.exception.SQLStateConverter.convert(SQLStateConverter.java:96)
	at org.hibernate.exception.JDBCExceptionHelper.convert(JDBCExceptionHelper.java:66)
	at org.hibernate.jdbc.AbstractBatcher.executeBatch(AbstractBatcher.java:275)
	at org.hibernate.engine.ActionQueue.executeActions(ActionQueue.java:268)
	at org.hibernate.engine.ActionQueue.executeActions(ActionQueue.java:184)
	at org.hibernate.event.def.AbstractFlushingEventListener.performExecutions(AbstractFlushingEventListener.java:321)
	at org.hibernate.event.def.DefaultFlushEventListener.onFlush(DefaultFlushEventListener.java:51)
	at org.hibernate.impl.SessionImpl.flush(SessionImpl.java:1216)
	at org.hibernate.ejb.AbstractEntityManagerImpl.flush(AbstractEntityManagerImpl.java:795)
	... 49 more
Caused by: java.sql.BatchUpdateException: Cannot add or update a child row: a foreign key constraint fails (`micomunidad`.`recibo`, CONSTRAINT `FK_recibo` FOREIGN KEY (`dnivecino`) REFERENCES `vecino` (`dnivecino`))
	at com.mysql.jdbc.PreparedStatement.executeBatchSerially(PreparedStatement.java:2054)
	at com.mysql.jdbc.PreparedStatement.executeBatch(PreparedStatement.java:1467)
	at org.apache.tomcat.dbcp.dbcp.DelegatingStatement.executeBatch(DelegatingStatement.java:297)
	at org.hibernate.jdbc.BatchingBatcher.doExecuteBatch(BatchingBatcher.java:70)
	at org.hibernate.jdbc.AbstractBatcher.executeBatch(AbstractBatcher.java:268)
	... 55 more
Caused by: com.mysql.jdbc.exceptions.jdbc4.MySQLIntegrityConstraintViolationException: Cannot add or update a child row: a foreign key constraint fails (`micomunidad`.`recibo`, CONSTRAINT `FK_recibo` FOREIGN KEY (`dnivecino`) REFERENCES `vecino` (`dnivecino`))
	at sun.reflect.NativeConstructorAccessorImpl.newInstance0(Native Method)
	at sun.reflect.NativeConstructorAccessorImpl.newInstance(NativeConstructorAccessorImpl.java:57)
	at sun.reflect.DelegatingConstructorAccessorImpl.newInstance(DelegatingConstructorAccessorImpl.java:45)
	at java.lang.reflect.Constructor.newInstance(Constructor.java:526)
	at com.mysql.jdbc.Util.handleNewInstance(Util.java:411)
	at com.mysql.jdbc.Util.getInstance(Util.java:386)
	at com.mysql.jdbc.SQLError.createSQLException(SQLError.java:1041)
	at com.mysql.jdbc.MysqlIO.checkErrorPacket(MysqlIO.java:4187)
	at com.mysql.jdbc.MysqlIO.checkErrorPacket(MysqlIO.java:4119)
	at com.mysql.jdbc.MysqlIO.sendCommand(MysqlIO.java:2570)
	at com.mysql.jdbc.MysqlIO.sqlQueryDirect(MysqlIO.java:2731)
	at com.mysql.jdbc.ConnectionImpl.execSQL(ConnectionImpl.java:2815)
	at com.mysql.jdbc.PreparedStatement.executeInternal(PreparedStatement.java:2155)
	at com.mysql.jdbc.PreparedStatement.executeUpdate(PreparedStatement.java:2458)
	at com.mysql.jdbc.PreparedStatement.executeBatchSerially(PreparedStatement.java:2006)
	... 59 more

jun 15, 2014 3:11:46 PM org.openxava.controller.ModuleManager execute
Detallado: Execute CRUD.save=219 ms
jun 15, 2014 3:12:05 PM org.openxava.util.Labels get
Advertencia: Imposible internacionalizar elemento con id Recibo
jun 15, 2014 3:12:05 PM org.openxava.util.Labels get
Advertencia: Imposible internacionalizar elemento con id Recibo
jun 15, 2014 3:12:05 PM org.openxava.util.Labels get
Advertencia: Imposible internacionalizar elemento con id id
jun 15, 2014 3:12:05 PM org.openxava.util.Labels get
Advertencia: Imposible internacionalizar elemento con id id
jun 15, 2014 3:12:05 PM org.openxava.util.Labels get
Advertencia: Imposible internacionalizar elemento con id idpiso
jun 15, 2014 3:12:05 PM org.openxava.util.Labels get
Advertencia: Imposible internacionalizar elemento con id idpiso
jun 15, 2014 3:12:05 PM org.openxava.util.Labels get
Advertencia: Imposible internacionalizar elemento con id dnivecino
jun 15, 2014 3:12:05 PM org.openxava.util.Labels get
Advertencia: Imposible internacionalizar elemento con id dnivecino
jun 15, 2014 3:12:05 PM org.openxava.util.Labels get
Advertencia: Imposible internacionalizar elemento con id mes
jun 15, 2014 3:12:05 PM org.openxava.util.Labels get
Advertencia: Imposible internacionalizar elemento con id mes
jun 15, 2014 3:12:10 PM org.openxava.util.Labels get
Advertencia: Imposible internacionalizar elemento con id Piso
jun 15, 2014 3:12:10 PM org.openxava.util.Labels get
Advertencia: Imposible internacionalizar elemento con id Piso
jun 15, 2014 3:12:10 PM org.openxava.util.Labels get
Advertencia: Imposible internacionalizar elemento con id Piso
jun 15, 2014 3:12:10 PM org.openxava.util.Labels get
Advertencia: Imposible internacionalizar elemento con id idpiso
jun 15, 2014 3:12:10 PM org.openxava.util.Labels get
Advertencia: Imposible internacionalizar elemento con id metroscuadrados
jun 15, 2014 3:12:10 PM org.openxava.util.Labels get
Advertencia: Imposible internacionalizar elemento con id planta
jun 15, 2014 3:12:10 PM org.openxava.util.Labels get
Advertencia: Imposible internacionalizar elemento con id ubicacion
jun 15, 2014 3:12:10 PM org.openxava.util.Labels get
Advertencia: Imposible internacionalizar elemento con id calidad
jun 15, 2014 3:12:10 PM org.openxava.util.Labels get
Advertencia: Imposible internacionalizar elemento con id numhabitaciones
jun 15, 2014 3:12:10 PM org.openxava.util.Labels get
Advertencia: Imposible internacionalizar elemento con id garaje
jun 15, 2014 3:12:10 PM org.openxava.util.Labels get
Advertencia: Imposible internacionalizar elemento con id precio
jun 15, 2014 3:12:10 PM org.openxava.util.Labels get
Advertencia: Imposible internacionalizar elemento con id orientacion
jun 15, 2014 3:12:10 PM org.openxava.util.Labels get
Advertencia: Imposible internacionalizar elemento con id idpiso
jun 15, 2014 3:12:10 PM org.openxava.util.Labels get
Advertencia: Imposible internacionalizar elemento con id metroscuadrados
jun 15, 2014 3:12:10 PM org.openxava.util.Labels get
Advertencia: Imposible internacionalizar elemento con id planta
jun 15, 2014 3:12:10 PM org.openxava.util.Labels get
Advertencia: Imposible internacionalizar elemento con id ubicacion
jun 15, 2014 3:12:10 PM org.openxava.util.Labels get
Advertencia: Imposible internacionalizar elemento con id calidad
jun 15, 2014 3:12:10 PM org.openxava.util.Labels get
Advertencia: Imposible internacionalizar elemento con id numhabitaciones
jun 15, 2014 3:12:10 PM org.openxava.util.Labels get
Advertencia: Imposible internacionalizar elemento con id garaje
jun 15, 2014 3:12:10 PM org.openxava.util.Labels get
Advertencia: Imposible internacionalizar elemento con id precio
jun 15, 2014 3:12:10 PM org.openxava.util.Labels get
Advertencia: Imposible internacionalizar elemento con id orientacion
jun 15, 2014 3:12:10 PM org.openxava.tab.impl.JDBCTabProvider nextBlock
Detallado: [JDBCTabProvider.nextBlock] Ejecutando SELECT piso.idpiso, piso.idpiso, piso.metroscuadrados, piso.numero, piso.planta, piso.ubicacion, piso.calidad, piso.numhabitaciones, piso.garaje, piso.precio, piso.orientacion from piso con argumentos 
jun 15, 2014 3:12:10 PM org.openxava.tab.impl.TableModelBean getRow
Detallado: nextChunk=28
jun 15, 2014 3:12:10 PM org.openxava.util.Labels get
Advertencia: Imposible internacionalizar elemento con id sumColumn
jun 15, 2014 3:12:10 PM org.openxava.util.Labels get
Advertencia: Imposible internacionalizar elemento con id sumColumn
jun 15, 2014 3:12:10 PM org.openxava.util.Labels get
Advertencia: Imposible internacionalizar elemento con id sumColumn
jun 15, 2014 3:12:10 PM org.openxava.util.Labels get
Advertencia: Imposible internacionalizar elemento con id sumColumn
jun 15, 2014 3:12:10 PM org.openxava.util.Labels get
Advertencia: Imposible internacionalizar elemento con id sumColumn
jun 15, 2014 3:12:10 PM org.openxava.util.Labels get
Advertencia: Imposible internacionalizar elemento con id sumColumn
jun 15, 2014 3:12:10 PM org.openxava.util.Labels get
Advertencia: Imposible internacionalizar elemento con id sumColumn
jun 15, 2014 3:12:10 PM org.openxava.util.Labels get
Advertencia: Imposible internacionalizar elemento con id sumColumn
jun 15, 2014 3:12:10 PM org.openxava.util.Labels get
Advertencia: Imposible internacionalizar elemento con id sumColumn
jun 15, 2014 3:12:10 PM org.openxava.util.Labels get
Advertencia: Imposible internacionalizar elemento con id sumColumn
jun 15, 2014 3:12:10 PM org.openxava.util.Labels get
Advertencia: Imposible internacionalizar elemento con id sumColumn
jun 15, 2014 3:12:10 PM org.openxava.util.Labels get
Advertencia: Imposible internacionalizar elemento con id sumColumn
jun 15, 2014 3:12:43 PM org.openxava.util.Labels get
Advertencia: Imposible internacionalizar elemento con id Vecino
jun 15, 2014 3:12:43 PM org.openxava.util.Labels get
Advertencia: Imposible internacionalizar elemento con id Vecino
jun 15, 2014 3:12:43 PM org.openxava.util.Labels get
Advertencia: Imposible internacionalizar elemento con id Vecino
jun 15, 2014 3:12:43 PM org.openxava.util.Labels get
Advertencia: Imposible internacionalizar elemento con id dnivecino
jun 15, 2014 3:12:43 PM org.openxava.util.Labels get
Advertencia: Imposible internacionalizar elemento con id apellidos
jun 15, 2014 3:12:43 PM org.openxava.util.Labels get
Advertencia: Imposible internacionalizar elemento con id fechanacimiento
jun 15, 2014 3:12:43 PM org.openxava.util.Labels get
Advertencia: Imposible internacionalizar elemento con id edad
jun 15, 2014 3:12:43 PM org.openxava.util.Labels get
Advertencia: Imposible internacionalizar elemento con id codpostal
jun 15, 2014 3:12:43 PM org.openxava.util.Labels get
Advertencia: Imposible internacionalizar elemento con id ciudad
jun 15, 2014 3:12:43 PM org.openxava.util.Labels get
Advertencia: Imposible internacionalizar elemento con id dnivecino
jun 15, 2014 3:12:43 PM org.openxava.util.Labels get
Advertencia: Imposible internacionalizar elemento con id apellidos
jun 15, 2014 3:12:43 PM org.openxava.util.Labels get
Advertencia: Imposible internacionalizar elemento con id fechanacimiento
jun 15, 2014 3:12:43 PM org.openxava.util.Labels get
Advertencia: Imposible internacionalizar elemento con id edad
jun 15, 2014 3:12:43 PM org.openxava.util.Labels get
Advertencia: Imposible internacionalizar elemento con id codpostal
jun 15, 2014 3:12:43 PM org.openxava.util.Labels get
Advertencia: Imposible internacionalizar elemento con id ciudad
jun 15, 2014 3:12:43 PM org.openxava.tab.impl.JDBCTabProvider nextBlock
Detallado: [JDBCTabProvider.nextBlock] Ejecutando SELECT vecino.dnivecino, vecino.dnivecino, vecino.nombre, vecino.apellidos, vecino.fechanacimiento, vecino.sexo, vecino.edad, vecino.direccion, vecino.codpostal, vecino.ciudad, vecino.telefono from vecino con argumentos 
jun 15, 2014 3:12:43 PM org.openxava.tab.impl.TableModelBean getRow
Detallado: nextChunk=27
jun 15, 2014 3:12:43 PM org.openxava.util.Labels get
Advertencia: Imposible internacionalizar elemento con id sumColumn
jun 15, 2014 3:12:43 PM org.openxava.util.Labels get
Advertencia: Imposible internacionalizar elemento con id sumColumn
jun 15, 2014 3:12:43 PM org.openxava.util.Labels get
Advertencia: Imposible internacionalizar elemento con id sumColumn
jun 15, 2014 3:12:43 PM org.openxava.util.Labels get
Advertencia: Imposible internacionalizar elemento con id sumColumn
jun 15, 2014 3:12:43 PM org.openxava.util.Labels get
Advertencia: Imposible internacionalizar elemento con id sumColumn
jun 15, 2014 3:12:43 PM org.openxava.util.Labels get
Advertencia: Imposible internacionalizar elemento con id sumColumn
jun 15, 2014 3:14:13 PM org.directwebremoting.util.CommonsLoggingOutput info
Información: Exec: Module.request()
jun 15, 2014 3:14:13 PM org.openxava.controller.ModuleManager execute
Detallado: Execute CRUD.new=1 ms
jun 15, 2014 3:14:13 PM org.openxava.util.Labels get
Advertencia: Imposible internacionalizar elemento con id idpiso
jun 15, 2014 3:14:13 PM org.openxava.util.Labels get
Advertencia: Imposible internacionalizar elemento con id idpiso
jun 15, 2014 3:14:13 PM org.openxava.util.Labels get
Advertencia: Imposible internacionalizar elemento con id metroscuadrados
jun 15, 2014 3:14:13 PM org.openxava.util.Labels get
Advertencia: Imposible internacionalizar elemento con id metroscuadrados
jun 15, 2014 3:14:13 PM org.openxava.util.Labels get
Advertencia: Imposible internacionalizar elemento con id planta
jun 15, 2014 3:14:13 PM org.openxava.util.Labels get
Advertencia: Imposible internacionalizar elemento con id planta
jun 15, 2014 3:14:13 PM org.openxava.util.Labels get
Advertencia: Imposible internacionalizar elemento con id ubicacion
jun 15, 2014 3:14:13 PM org.openxava.util.Labels get
Advertencia: Imposible internacionalizar elemento con id ubicacion
jun 15, 2014 3:14:13 PM org.openxava.util.Labels get
Advertencia: Imposible internacionalizar elemento con id calidad
jun 15, 2014 3:14:13 PM org.openxava.util.Labels get
Advertencia: Imposible internacionalizar elemento con id calidad
jun 15, 2014 3:14:13 PM org.openxava.util.Labels get
Advertencia: Imposible internacionalizar elemento con id numhabitaciones
jun 15, 2014 3:14:13 PM org.openxava.util.Labels get
Advertencia: Imposible internacionalizar elemento con id numhabitaciones
jun 15, 2014 3:14:13 PM org.openxava.util.Labels get
Advertencia: Imposible internacionalizar elemento con id garaje
jun 15, 2014 3:14:13 PM org.openxava.util.Labels get
Advertencia: Imposible internacionalizar elemento con id garaje
jun 15, 2014 3:14:13 PM org.openxava.util.Labels get
Advertencia: Imposible internacionalizar elemento con id precio
jun 15, 2014 3:14:13 PM org.openxava.util.Labels get
Advertencia: Imposible internacionalizar elemento con id precio
jun 15, 2014 3:14:13 PM org.openxava.util.Labels get
Advertencia: Imposible internacionalizar elemento con id orientacion
jun 15, 2014 3:14:13 PM org.openxava.util.Labels get
Advertencia: Imposible internacionalizar elemento con id orientacion
jun 15, 2014 3:14:53 PM org.directwebremoting.util.CommonsLoggingOutput info
Información: Exec: Module.request()
jun 15, 2014 3:14:53 PM org.openxava.controller.ModuleManager execute
Detallado: Execute CRUD.save=15 ms
jun 15, 2014 3:14:53 PM org.openxava.util.Labels get
Advertencia: Imposible internacionalizar elemento con id idpiso
jun 15, 2014 3:14:53 PM org.openxava.util.Labels get
Advertencia: Imposible internacionalizar elemento con id precio
jun 15, 2014 3:14:53 PM org.openxava.util.Labels get
Advertencia: Imposible internacionalizar elemento con id numhabitaciones
jun 15, 2014 3:14:53 PM org.openxava.util.Labels get
Advertencia: Imposible internacionalizar elemento con id planta
jun 15, 2014 3:14:53 PM org.openxava.util.Labels get
Advertencia: Imposible internacionalizar elemento con id metroscuadrados
jun 15, 2014 3:14:53 PM org.openxava.util.Labels get
Advertencia: Imposible internacionalizar elemento con id orientacion
jun 15, 2014 3:14:53 PM org.openxava.util.Labels get
Advertencia: Imposible internacionalizar elemento con id Piso
jun 15, 2014 3:14:53 PM org.openxava.util.Labels get
Advertencia: Imposible internacionalizar elemento con id garaje
jun 15, 2014 3:14:53 PM org.openxava.util.Labels get
Advertencia: Imposible internacionalizar elemento con id ubicacion
jun 15, 2014 3:14:53 PM org.openxava.util.Labels get
Advertencia: Imposible internacionalizar elemento con id calidad
jun 15, 2014 3:15:12 PM org.openxava.util.Labels get
Advertencia: Imposible internacionalizar elemento con id Recibo
jun 15, 2014 3:15:12 PM org.openxava.util.Labels get
Advertencia: Imposible internacionalizar elemento con id Recibo
jun 15, 2014 3:15:12 PM org.openxava.util.Labels get
Advertencia: Imposible internacionalizar elemento con id id
jun 15, 2014 3:15:12 PM org.openxava.util.Labels get
Advertencia: Imposible internacionalizar elemento con id id
jun 15, 2014 3:15:12 PM org.openxava.util.Labels get
Advertencia: Imposible internacionalizar elemento con id idpiso
jun 15, 2014 3:15:12 PM org.openxava.util.Labels get
Advertencia: Imposible internacionalizar elemento con id idpiso
jun 15, 2014 3:15:12 PM org.openxava.util.Labels get
Advertencia: Imposible internacionalizar elemento con id dnivecino
jun 15, 2014 3:15:12 PM org.openxava.util.Labels get
Advertencia: Imposible internacionalizar elemento con id dnivecino
jun 15, 2014 3:15:12 PM org.openxava.util.Labels get
Advertencia: Imposible internacionalizar elemento con id mes
jun 15, 2014 3:15:12 PM org.openxava.util.Labels get
Advertencia: Imposible internacionalizar elemento con id mes
jun 15, 2014 3:15:43 PM org.directwebremoting.util.CommonsLoggingOutput info
Información: Exec: Module.request()
jun 15, 2014 3:15:43 PM org.openxava.controller.ModuleManager execute
Detallado: Execute CRUD.save=7 ms
jun 15, 2014 3:15:43 PM org.openxava.util.Labels get
Advertencia: Imposible internacionalizar elemento con id dnivecino
jun 15, 2014 3:15:43 PM org.openxava.util.Labels get
Advertencia: Imposible internacionalizar elemento con id id
jun 15, 2014 3:15:43 PM org.openxava.util.Labels get
Advertencia: Imposible internacionalizar elemento con id Recibo
jun 15, 2014 3:15:43 PM org.openxava.util.Labels get
Advertencia: Imposible internacionalizar elemento con id idpiso
jun 15, 2014 3:15:43 PM org.openxava.util.Labels get
Advertencia: Imposible internacionalizar elemento con id mes
jun 15, 2014 3:16:11 PM org.apache.catalina.startup.Catalina stopServer
Grave: Catalina.stop: 
java.net.ConnectException: Connection refused: connect
	at java.net.DualStackPlainSocketImpl.connect0(Native Method)
	at java.net.DualStackPlainSocketImpl.socketConnect(DualStackPlainSocketImpl.java:79)
	at java.net.AbstractPlainSocketImpl.doConnect(AbstractPlainSocketImpl.java:339)
	at java.net.AbstractPlainSocketImpl.connectToAddress(AbstractPlainSocketImpl.java:200)
	at java.net.AbstractPlainSocketImpl.connect(AbstractPlainSocketImpl.java:182)
	at java.net.PlainSocketImpl.connect(PlainSocketImpl.java:172)
	at java.net.SocksSocketImpl.connect(SocksSocketImpl.java:392)
	at java.net.Socket.connect(Socket.java:579)
	at java.net.Socket.connect(Socket.java:528)
	at java.net.Socket.<init>(Socket.java:425)
	at java.net.Socket.<init>(Socket.java:208)
	at org.apache.catalina.startup.Catalina.stopServer(Catalina.java:422)
	at sun.reflect.NativeMethodAccessorImpl.invoke0(Native Method)
	at sun.reflect.NativeMethodAccessorImpl.invoke(NativeMethodAccessorImpl.java:57)
	at sun.reflect.DelegatingMethodAccessorImpl.invoke(DelegatingMethodAccessorImpl.java:43)
	at java.lang.reflect.Method.invoke(Method.java:606)
	at org.apache.catalina.startup.Bootstrap.stopServer(Bootstrap.java:337)
	at org.apache.catalina.startup.Bootstrap.main(Bootstrap.java:415)

