abr 21, 2014 3:26:27 PM org.apache.catalina.core.ApplicationContext log
Información: ContextListener: contextInitialized()
abr 21, 2014 3:26:27 PM org.apache.catalina.core.ApplicationContext log
Información: SessionListener: contextInitialized()
abr 21, 2014 4:57:04 PM org.apache.catalina.core.ApplicationContext log
Información: ContextListener: contextInitialized()
abr 21, 2014 4:57:04 PM org.apache.catalina.core.ApplicationContext log
Información: SessionListener: contextInitialized()
abr 21, 2014 4:58:07 PM org.apache.catalina.core.ApplicationContext log
Información: ContextListener: contextInitialized()
abr 21, 2014 4:58:07 PM org.apache.catalina.core.ApplicationContext log
Información: SessionListener: contextInitialized()
abr 21, 2014 5:52:21 PM org.apache.catalina.core.ApplicationContext log
Información: ContextListener: contextInitialized()
abr 21, 2014 5:52:21 PM org.apache.catalina.core.ApplicationContext log
Información: SessionListener: contextInitialized()
abr 21, 2014 5:52:46 PM org.apache.catalina.core.ApplicationDispatcher invoke
Advertencia: El Servlet jsp no está disponible en este momento
abr 21, 2014 5:52:47 PM org.apache.catalina.core.ApplicationDispatcher invoke
Advertencia: El Servlet jsp no está disponible en este momento
abr 21, 2014 9:07:15 PM org.apache.catalina.core.ApplicationContext log
Información: ContextListener: contextInitialized()
abr 21, 2014 9:07:15 PM org.apache.catalina.core.ApplicationContext log
Información: SessionListener: contextInitialized()
