may 18, 2014 1:05:17 PM org.apache.catalina.core.ApplicationContext log
Información: ContextListener: contextInitialized()
may 18, 2014 1:05:17 PM org.apache.catalina.core.ApplicationContext log
Información: SessionListener: contextInitialized()
may 18, 2014 1:11:24 PM org.apache.catalina.core.ApplicationDispatcher invoke
Grave: El Servlet.service() para servlet jsp lanzó una excepción
org.openxava.util.XavaException: Imposible cargar configuración a partir de jar:file:/C:/Users/MIGUE/Desktop/openxava-4.1.2/tomcat/webapps/Empresa/WEB-INF/lib/openxava.jar!/default-controllers.xml
	at org.openxava.util.xmlparse.ParserBase._parse(ParserBase.java:106)
	at org.openxava.util.xmlparse.ParserBase.parse(ParserBase.java:78)
	at org.openxava.controller.meta.xmlparse.ControllersParser.configureControllers(ControllersParser.java:24)
	at org.openxava.controller.meta.MetaControllers.setup(MetaControllers.java:45)
	at org.openxava.controller.meta.MetaControllers.getMetaObject(MetaControllers.java:93)
	at org.openxava.controller.ModuleContext.isGlobal(ModuleContext.java:187)
	at org.openxava.controller.ModuleContext.getContext(ModuleContext.java:173)
	at org.openxava.controller.ModuleContext.get(ModuleContext.java:90)
	at org.openxava.controller.ModuleContext.getCurrentModule(ModuleContext.java:162)
	at org.apache.jsp.xava.module_jsp._jspService(module_jsp.java:155)
	at org.apache.jasper.runtime.HttpJspBase.service(HttpJspBase.java:70)
	at javax.servlet.http.HttpServlet.service(HttpServlet.java:717)
	at org.apache.jasper.servlet.JspServletWrapper.service(JspServletWrapper.java:374)
	at org.apache.jasper.servlet.JspServlet.serviceJspFile(JspServlet.java:342)
	at org.apache.jasper.servlet.JspServlet.service(JspServlet.java:267)
	at javax.servlet.http.HttpServlet.service(HttpServlet.java:717)
	at org.apache.catalina.core.ApplicationFilterChain.internalDoFilter(ApplicationFilterChain.java:290)
	at org.apache.catalina.core.ApplicationFilterChain.doFilter(ApplicationFilterChain.java:206)
	at org.apache.catalina.core.ApplicationDispatcher.invoke(ApplicationDispatcher.java:646)
	at org.apache.catalina.core.ApplicationDispatcher.processRequest(ApplicationDispatcher.java:436)
	at org.apache.catalina.core.ApplicationDispatcher.doForward(ApplicationDispatcher.java:374)
	at org.apache.catalina.core.ApplicationDispatcher.forward(ApplicationDispatcher.java:302)
	at org.openxava.web.servlets.ModuleServlet.doGet(ModuleServlet.java:24)
	at javax.servlet.http.HttpServlet.service(HttpServlet.java:617)
	at javax.servlet.http.HttpServlet.service(HttpServlet.java:717)
	at org.apache.catalina.core.ApplicationFilterChain.internalDoFilter(ApplicationFilterChain.java:290)
	at org.apache.catalina.core.ApplicationFilterChain.doFilter(ApplicationFilterChain.java:206)
	at org.apache.catalina.core.StandardWrapperValve.invoke(StandardWrapperValve.java:233)
	at org.apache.catalina.core.StandardContextValve.invoke(StandardContextValve.java:191)
	at org.apache.catalina.core.StandardHostValve.invoke(StandardHostValve.java:128)
	at org.apache.catalina.valves.ErrorReportValve.invoke(ErrorReportValve.java:102)
	at org.apache.catalina.core.StandardEngineValve.invoke(StandardEngineValve.java:109)
	at org.apache.catalina.connector.CoyoteAdapter.service(CoyoteAdapter.java:293)
	at org.apache.coyote.http11.Http11Processor.process(Http11Processor.java:849)
	at org.apache.coyote.http11.Http11Protocol$Http11ConnectionHandler.process(Http11Protocol.java:583)
	at org.apache.tomcat.util.net.JIoEndpoint$Worker.run(JIoEndpoint.java:454)
	at java.lang.Thread.run(Thread.java:744)

may 18, 2014 1:11:24 PM org.apache.catalina.core.StandardWrapperValve invoke
Grave: Servlet.service() para servlet module lanzó excepción
org.openxava.util.XavaException: Imposible cargar configuración a partir de jar:file:/C:/Users/MIGUE/Desktop/openxava-4.1.2/tomcat/webapps/Empresa/WEB-INF/lib/openxava.jar!/default-controllers.xml
	at org.openxava.util.xmlparse.ParserBase._parse(ParserBase.java:106)
	at org.openxava.util.xmlparse.ParserBase.parse(ParserBase.java:78)
	at org.openxava.controller.meta.xmlparse.ControllersParser.configureControllers(ControllersParser.java:24)
	at org.openxava.controller.meta.MetaControllers.setup(MetaControllers.java:45)
	at org.openxava.controller.meta.MetaControllers.getMetaObject(MetaControllers.java:93)
	at org.openxava.controller.ModuleContext.isGlobal(ModuleContext.java:187)
	at org.openxava.controller.ModuleContext.getContext(ModuleContext.java:173)
	at org.openxava.controller.ModuleContext.get(ModuleContext.java:90)
	at org.openxava.controller.ModuleContext.getCurrentModule(ModuleContext.java:162)
	at org.apache.jsp.xava.module_jsp._jspService(module_jsp.java:155)
	at org.apache.jasper.runtime.HttpJspBase.service(HttpJspBase.java:70)
	at javax.servlet.http.HttpServlet.service(HttpServlet.java:717)
	at org.apache.jasper.servlet.JspServletWrapper.service(JspServletWrapper.java:374)
	at org.apache.jasper.servlet.JspServlet.serviceJspFile(JspServlet.java:342)
	at org.apache.jasper.servlet.JspServlet.service(JspServlet.java:267)
	at javax.servlet.http.HttpServlet.service(HttpServlet.java:717)
	at org.apache.catalina.core.ApplicationFilterChain.internalDoFilter(ApplicationFilterChain.java:290)
	at org.apache.catalina.core.ApplicationFilterChain.doFilter(ApplicationFilterChain.java:206)
	at org.apache.catalina.core.ApplicationDispatcher.invoke(ApplicationDispatcher.java:646)
	at org.apache.catalina.core.ApplicationDispatcher.processRequest(ApplicationDispatcher.java:436)
	at org.apache.catalina.core.ApplicationDispatcher.doForward(ApplicationDispatcher.java:374)
	at org.apache.catalina.core.ApplicationDispatcher.forward(ApplicationDispatcher.java:302)
	at org.openxava.web.servlets.ModuleServlet.doGet(ModuleServlet.java:24)
	at javax.servlet.http.HttpServlet.service(HttpServlet.java:617)
	at javax.servlet.http.HttpServlet.service(HttpServlet.java:717)
	at org.apache.catalina.core.ApplicationFilterChain.internalDoFilter(ApplicationFilterChain.java:290)
	at org.apache.catalina.core.ApplicationFilterChain.doFilter(ApplicationFilterChain.java:206)
	at org.apache.catalina.core.StandardWrapperValve.invoke(StandardWrapperValve.java:233)
	at org.apache.catalina.core.StandardContextValve.invoke(StandardContextValve.java:191)
	at org.apache.catalina.core.StandardHostValve.invoke(StandardHostValve.java:128)
	at org.apache.catalina.valves.ErrorReportValve.invoke(ErrorReportValve.java:102)
	at org.apache.catalina.core.StandardEngineValve.invoke(StandardEngineValve.java:109)
	at org.apache.catalina.connector.CoyoteAdapter.service(CoyoteAdapter.java:293)
	at org.apache.coyote.http11.Http11Processor.process(Http11Processor.java:849)
	at org.apache.coyote.http11.Http11Protocol$Http11ConnectionHandler.process(Http11Protocol.java:583)
	at org.apache.tomcat.util.net.JIoEndpoint$Worker.run(JIoEndpoint.java:454)
	at java.lang.Thread.run(Thread.java:744)

may 18, 2014 1:15:42 PM org.apache.catalina.core.ApplicationContext log
Información: ContextListener: contextInitialized()
may 18, 2014 1:15:42 PM org.apache.catalina.core.ApplicationContext log
Información: SessionListener: contextInitialized()
