jun 07, 2014 1:34:15 PM org.apache.catalina.core.ApplicationContext log
Información: ContextListener: contextInitialized()
jun 07, 2014 1:34:15 PM org.apache.catalina.core.ApplicationContext log
Información: SessionListener: contextInitialized()
jun 07, 2014 2:06:40 PM org.apache.catalina.core.ApplicationDispatcher invoke
Grave: El Servlet.service() para servlet jsp lanzó una excepción
org.openxava.util.XavaException: Parece ser que Recibo no es una entidad EJB3 ni una clase transitoria del modelo
	at org.openxava.annotations.parse.AnnotatedClassParser.getClassNameFor(AnnotatedClassParser.java:2470)
	at org.openxava.annotations.parse.AnnotatedClassParser.parse(AnnotatedClassParser.java:178)
	at org.openxava.component.ComponentParser.parseAnnotatedClass(ComponentParser.java:46)
	at org.openxava.component.ComponentParser.parse(ComponentParser.java:35)
	at org.openxava.component.MetaComponent.get(MetaComponent.java:60)
	at org.openxava.component.MetaComponent.exists(MetaComponent.java:75)
	at org.openxava.application.meta.MetaApplication.existsModel(MetaApplication.java:151)
	at org.openxava.application.meta.MetaApplication.getMetaModule(MetaApplication.java:140)
	at org.openxava.controller.ModuleManager.getMetaModule(ModuleManager.java:973)
	at org.openxava.controller.ModuleManager.setupModuleControllers(ModuleManager.java:206)
	at org.openxava.controller.ModuleManager.setModuleName(ModuleManager.java:946)
	at org.apache.jsp.xava.module_jsp._jspService(module_jsp.java:167)
	at org.apache.jasper.runtime.HttpJspBase.service(HttpJspBase.java:70)
	at javax.servlet.http.HttpServlet.service(HttpServlet.java:717)
	at org.apache.jasper.servlet.JspServletWrapper.service(JspServletWrapper.java:374)
	at org.apache.jasper.servlet.JspServlet.serviceJspFile(JspServlet.java:342)
	at org.apache.jasper.servlet.JspServlet.service(JspServlet.java:267)
	at javax.servlet.http.HttpServlet.service(HttpServlet.java:717)
	at org.apache.catalina.core.ApplicationFilterChain.internalDoFilter(ApplicationFilterChain.java:290)
	at org.apache.catalina.core.ApplicationFilterChain.doFilter(ApplicationFilterChain.java:206)
	at org.apache.catalina.core.ApplicationDispatcher.invoke(ApplicationDispatcher.java:646)
	at org.apache.catalina.core.ApplicationDispatcher.processRequest(ApplicationDispatcher.java:436)
	at org.apache.catalina.core.ApplicationDispatcher.doForward(ApplicationDispatcher.java:374)
	at org.apache.catalina.core.ApplicationDispatcher.forward(ApplicationDispatcher.java:302)
	at org.openxava.web.servlets.ModuleServlet.doGet(ModuleServlet.java:24)
	at javax.servlet.http.HttpServlet.service(HttpServlet.java:617)
	at javax.servlet.http.HttpServlet.service(HttpServlet.java:717)
	at org.apache.catalina.core.ApplicationFilterChain.internalDoFilter(ApplicationFilterChain.java:290)
	at org.apache.catalina.core.ApplicationFilterChain.doFilter(ApplicationFilterChain.java:206)
	at org.apache.catalina.core.StandardWrapperValve.invoke(StandardWrapperValve.java:233)
	at org.apache.catalina.core.StandardContextValve.invoke(StandardContextValve.java:191)
	at org.apache.catalina.core.StandardHostValve.invoke(StandardHostValve.java:128)
	at org.apache.catalina.valves.ErrorReportValve.invoke(ErrorReportValve.java:102)
	at org.apache.catalina.core.StandardEngineValve.invoke(StandardEngineValve.java:109)
	at org.apache.catalina.connector.CoyoteAdapter.service(CoyoteAdapter.java:293)
	at org.apache.coyote.http11.Http11Processor.process(Http11Processor.java:849)
	at org.apache.coyote.http11.Http11Protocol$Http11ConnectionHandler.process(Http11Protocol.java:583)
	at org.apache.tomcat.util.net.JIoEndpoint$Worker.run(JIoEndpoint.java:454)
	at java.lang.Thread.run(Thread.java:744)

jun 07, 2014 2:06:40 PM org.apache.catalina.core.StandardWrapperValve invoke
Grave: Servlet.service() para servlet module lanzó excepción
org.openxava.util.XavaException: Parece ser que Recibo no es una entidad EJB3 ni una clase transitoria del modelo
	at org.openxava.annotations.parse.AnnotatedClassParser.getClassNameFor(AnnotatedClassParser.java:2470)
	at org.openxava.annotations.parse.AnnotatedClassParser.parse(AnnotatedClassParser.java:178)
	at org.openxava.component.ComponentParser.parseAnnotatedClass(ComponentParser.java:46)
	at org.openxava.component.ComponentParser.parse(ComponentParser.java:35)
	at org.openxava.component.MetaComponent.get(MetaComponent.java:60)
	at org.openxava.component.MetaComponent.exists(MetaComponent.java:75)
	at org.openxava.application.meta.MetaApplication.existsModel(MetaApplication.java:151)
	at org.openxava.application.meta.MetaApplication.getMetaModule(MetaApplication.java:140)
	at org.openxava.controller.ModuleManager.getMetaModule(ModuleManager.java:973)
	at org.openxava.controller.ModuleManager.setupModuleControllers(ModuleManager.java:206)
	at org.openxava.controller.ModuleManager.setModuleName(ModuleManager.java:946)
	at org.apache.jsp.xava.module_jsp._jspService(module_jsp.java:167)
	at org.apache.jasper.runtime.HttpJspBase.service(HttpJspBase.java:70)
	at javax.servlet.http.HttpServlet.service(HttpServlet.java:717)
	at org.apache.jasper.servlet.JspServletWrapper.service(JspServletWrapper.java:374)
	at org.apache.jasper.servlet.JspServlet.serviceJspFile(JspServlet.java:342)
	at org.apache.jasper.servlet.JspServlet.service(JspServlet.java:267)
	at javax.servlet.http.HttpServlet.service(HttpServlet.java:717)
	at org.apache.catalina.core.ApplicationFilterChain.internalDoFilter(ApplicationFilterChain.java:290)
	at org.apache.catalina.core.ApplicationFilterChain.doFilter(ApplicationFilterChain.java:206)
	at org.apache.catalina.core.ApplicationDispatcher.invoke(ApplicationDispatcher.java:646)
	at org.apache.catalina.core.ApplicationDispatcher.processRequest(ApplicationDispatcher.java:436)
	at org.apache.catalina.core.ApplicationDispatcher.doForward(ApplicationDispatcher.java:374)
	at org.apache.catalina.core.ApplicationDispatcher.forward(ApplicationDispatcher.java:302)
	at org.openxava.web.servlets.ModuleServlet.doGet(ModuleServlet.java:24)
	at javax.servlet.http.HttpServlet.service(HttpServlet.java:617)
	at javax.servlet.http.HttpServlet.service(HttpServlet.java:717)
	at org.apache.catalina.core.ApplicationFilterChain.internalDoFilter(ApplicationFilterChain.java:290)
	at org.apache.catalina.core.ApplicationFilterChain.doFilter(ApplicationFilterChain.java:206)
	at org.apache.catalina.core.StandardWrapperValve.invoke(StandardWrapperValve.java:233)
	at org.apache.catalina.core.StandardContextValve.invoke(StandardContextValve.java:191)
	at org.apache.catalina.core.StandardHostValve.invoke(StandardHostValve.java:128)
	at org.apache.catalina.valves.ErrorReportValve.invoke(ErrorReportValve.java:102)
	at org.apache.catalina.core.StandardEngineValve.invoke(StandardEngineValve.java:109)
	at org.apache.catalina.connector.CoyoteAdapter.service(CoyoteAdapter.java:293)
	at org.apache.coyote.http11.Http11Processor.process(Http11Processor.java:849)
	at org.apache.coyote.http11.Http11Protocol$Http11ConnectionHandler.process(Http11Protocol.java:583)
	at org.apache.tomcat.util.net.JIoEndpoint$Worker.run(JIoEndpoint.java:454)
	at java.lang.Thread.run(Thread.java:744)

jun 07, 2014 2:09:18 PM org.apache.catalina.core.ApplicationDispatcher invoke
Grave: El Servlet.service() para servlet jsp lanzó una excepción
org.openxava.util.XavaException: Parece ser que Recibo no es una entidad EJB3 ni una clase transitoria del modelo
	at org.openxava.annotations.parse.AnnotatedClassParser.getClassNameFor(AnnotatedClassParser.java:2470)
	at org.openxava.annotations.parse.AnnotatedClassParser.parse(AnnotatedClassParser.java:178)
	at org.openxava.component.ComponentParser.parseAnnotatedClass(ComponentParser.java:46)
	at org.openxava.component.ComponentParser.parse(ComponentParser.java:35)
	at org.openxava.component.MetaComponent.get(MetaComponent.java:60)
	at org.openxava.component.MetaComponent.exists(MetaComponent.java:75)
	at org.openxava.application.meta.MetaApplication.existsModel(MetaApplication.java:151)
	at org.openxava.application.meta.MetaApplication.getMetaModule(MetaApplication.java:140)
	at org.openxava.controller.ModuleManager.getMetaModule(ModuleManager.java:973)
	at org.openxava.controller.ModuleManager.getModelName(ModuleManager.java:999)
	at org.apache.jsp.xava.execute_jsp._jspService(execute_jsp.java:162)
	at org.apache.jasper.runtime.HttpJspBase.service(HttpJspBase.java:70)
	at javax.servlet.http.HttpServlet.service(HttpServlet.java:717)
	at org.apache.jasper.servlet.JspServletWrapper.service(JspServletWrapper.java:374)
	at org.apache.jasper.servlet.JspServlet.serviceJspFile(JspServlet.java:342)
	at org.apache.jasper.servlet.JspServlet.service(JspServlet.java:267)
	at javax.servlet.http.HttpServlet.service(HttpServlet.java:717)
	at org.apache.catalina.core.ApplicationFilterChain.internalDoFilter(ApplicationFilterChain.java:290)
	at org.apache.catalina.core.ApplicationFilterChain.doFilter(ApplicationFilterChain.java:206)
	at org.apache.catalina.core.ApplicationDispatcher.invoke(ApplicationDispatcher.java:646)
	at org.apache.catalina.core.ApplicationDispatcher.doInclude(ApplicationDispatcher.java:551)
	at org.apache.catalina.core.ApplicationDispatcher.include(ApplicationDispatcher.java:488)
	at org.apache.jasper.runtime.JspRuntimeLibrary.include(JspRuntimeLibrary.java:968)
	at org.apache.jsp.xava.module_jsp._jspService(module_jsp.java:188)
	at org.apache.jasper.runtime.HttpJspBase.service(HttpJspBase.java:70)
	at javax.servlet.http.HttpServlet.service(HttpServlet.java:717)
	at org.apache.jasper.servlet.JspServletWrapper.service(JspServletWrapper.java:374)
	at org.apache.jasper.servlet.JspServlet.serviceJspFile(JspServlet.java:342)
	at org.apache.jasper.servlet.JspServlet.service(JspServlet.java:267)
	at javax.servlet.http.HttpServlet.service(HttpServlet.java:717)
	at org.apache.catalina.core.ApplicationFilterChain.internalDoFilter(ApplicationFilterChain.java:290)
	at org.apache.catalina.core.ApplicationFilterChain.doFilter(ApplicationFilterChain.java:206)
	at org.apache.catalina.core.ApplicationDispatcher.invoke(ApplicationDispatcher.java:646)
	at org.apache.catalina.core.ApplicationDispatcher.processRequest(ApplicationDispatcher.java:436)
	at org.apache.catalina.core.ApplicationDispatcher.doForward(ApplicationDispatcher.java:374)
	at org.apache.catalina.core.ApplicationDispatcher.forward(ApplicationDispatcher.java:302)
	at org.openxava.web.servlets.ModuleServlet.doGet(ModuleServlet.java:24)
	at javax.servlet.http.HttpServlet.service(HttpServlet.java:617)
	at javax.servlet.http.HttpServlet.service(HttpServlet.java:717)
	at org.apache.catalina.core.ApplicationFilterChain.internalDoFilter(ApplicationFilterChain.java:290)
	at org.apache.catalina.core.ApplicationFilterChain.doFilter(ApplicationFilterChain.java:206)
	at org.apache.catalina.core.StandardWrapperValve.invoke(StandardWrapperValve.java:233)
	at org.apache.catalina.core.StandardContextValve.invoke(StandardContextValve.java:191)
	at org.apache.catalina.core.StandardHostValve.invoke(StandardHostValve.java:128)
	at org.apache.catalina.valves.ErrorReportValve.invoke(ErrorReportValve.java:102)
	at org.apache.catalina.core.StandardEngineValve.invoke(StandardEngineValve.java:109)
	at org.apache.catalina.connector.CoyoteAdapter.service(CoyoteAdapter.java:293)
	at org.apache.coyote.http11.Http11Processor.process(Http11Processor.java:849)
	at org.apache.coyote.http11.Http11Protocol$Http11ConnectionHandler.process(Http11Protocol.java:583)
	at org.apache.tomcat.util.net.JIoEndpoint$Worker.run(JIoEndpoint.java:454)
	at java.lang.Thread.run(Thread.java:744)

jun 07, 2014 2:09:18 PM org.apache.catalina.core.ApplicationDispatcher invoke
Grave: El Servlet.service() para servlet jsp lanzó una excepción
org.openxava.util.XavaException: Parece ser que Recibo no es una entidad EJB3 ni una clase transitoria del modelo
	at org.openxava.annotations.parse.AnnotatedClassParser.getClassNameFor(AnnotatedClassParser.java:2470)
	at org.openxava.annotations.parse.AnnotatedClassParser.parse(AnnotatedClassParser.java:178)
	at org.openxava.component.ComponentParser.parseAnnotatedClass(ComponentParser.java:46)
	at org.openxava.component.ComponentParser.parse(ComponentParser.java:35)
	at org.openxava.component.MetaComponent.get(MetaComponent.java:60)
	at org.openxava.component.MetaComponent.exists(MetaComponent.java:75)
	at org.openxava.application.meta.MetaApplication.existsModel(MetaApplication.java:151)
	at org.openxava.application.meta.MetaApplication.getMetaModule(MetaApplication.java:140)
	at org.openxava.controller.ModuleManager.getMetaModule(ModuleManager.java:973)
	at org.openxava.controller.ModuleManager.getModelName(ModuleManager.java:999)
	at org.apache.jsp.xava.execute_jsp._jspService(execute_jsp.java:162)
	at org.apache.jasper.runtime.HttpJspBase.service(HttpJspBase.java:70)
	at javax.servlet.http.HttpServlet.service(HttpServlet.java:717)
	at org.apache.jasper.servlet.JspServletWrapper.service(JspServletWrapper.java:374)
	at org.apache.jasper.servlet.JspServlet.serviceJspFile(JspServlet.java:342)
	at org.apache.jasper.servlet.JspServlet.service(JspServlet.java:267)
	at javax.servlet.http.HttpServlet.service(HttpServlet.java:717)
	at org.apache.catalina.core.ApplicationFilterChain.internalDoFilter(ApplicationFilterChain.java:290)
	at org.apache.catalina.core.ApplicationFilterChain.doFilter(ApplicationFilterChain.java:206)
	at org.apache.catalina.core.ApplicationDispatcher.invoke(ApplicationDispatcher.java:646)
	at org.apache.catalina.core.ApplicationDispatcher.doInclude(ApplicationDispatcher.java:551)
	at org.apache.catalina.core.ApplicationDispatcher.include(ApplicationDispatcher.java:488)
	at org.apache.jasper.runtime.JspRuntimeLibrary.include(JspRuntimeLibrary.java:968)
	at org.apache.jsp.xava.module_jsp._jspService(module_jsp.java:188)
	at org.apache.jasper.runtime.HttpJspBase.service(HttpJspBase.java:70)
	at javax.servlet.http.HttpServlet.service(HttpServlet.java:717)
	at org.apache.jasper.servlet.JspServletWrapper.service(JspServletWrapper.java:374)
	at org.apache.jasper.servlet.JspServlet.serviceJspFile(JspServlet.java:342)
	at org.apache.jasper.servlet.JspServlet.service(JspServlet.java:267)
	at javax.servlet.http.HttpServlet.service(HttpServlet.java:717)
	at org.apache.catalina.core.ApplicationFilterChain.internalDoFilter(ApplicationFilterChain.java:290)
	at org.apache.catalina.core.ApplicationFilterChain.doFilter(ApplicationFilterChain.java:206)
	at org.apache.catalina.core.ApplicationDispatcher.invoke(ApplicationDispatcher.java:646)
	at org.apache.catalina.core.ApplicationDispatcher.processRequest(ApplicationDispatcher.java:436)
	at org.apache.catalina.core.ApplicationDispatcher.doForward(ApplicationDispatcher.java:374)
	at org.apache.catalina.core.ApplicationDispatcher.forward(ApplicationDispatcher.java:302)
	at org.openxava.web.servlets.ModuleServlet.doGet(ModuleServlet.java:24)
	at javax.servlet.http.HttpServlet.service(HttpServlet.java:617)
	at javax.servlet.http.HttpServlet.service(HttpServlet.java:717)
	at org.apache.catalina.core.ApplicationFilterChain.internalDoFilter(ApplicationFilterChain.java:290)
	at org.apache.catalina.core.ApplicationFilterChain.doFilter(ApplicationFilterChain.java:206)
	at org.apache.catalina.core.StandardWrapperValve.invoke(StandardWrapperValve.java:233)
	at org.apache.catalina.core.StandardContextValve.invoke(StandardContextValve.java:191)
	at org.apache.catalina.core.StandardHostValve.invoke(StandardHostValve.java:128)
	at org.apache.catalina.valves.ErrorReportValve.invoke(ErrorReportValve.java:102)
	at org.apache.catalina.core.StandardEngineValve.invoke(StandardEngineValve.java:109)
	at org.apache.catalina.connector.CoyoteAdapter.service(CoyoteAdapter.java:293)
	at org.apache.coyote.http11.Http11Processor.process(Http11Processor.java:849)
	at org.apache.coyote.http11.Http11Protocol$Http11ConnectionHandler.process(Http11Protocol.java:583)
	at org.apache.tomcat.util.net.JIoEndpoint$Worker.run(JIoEndpoint.java:454)
	at java.lang.Thread.run(Thread.java:744)

jun 07, 2014 2:09:18 PM org.apache.catalina.core.StandardWrapperValve invoke
Grave: Servlet.service() para servlet module lanzó excepción
org.openxava.util.XavaException: Parece ser que Recibo no es una entidad EJB3 ni una clase transitoria del modelo
	at org.openxava.annotations.parse.AnnotatedClassParser.getClassNameFor(AnnotatedClassParser.java:2470)
	at org.openxava.annotations.parse.AnnotatedClassParser.parse(AnnotatedClassParser.java:178)
	at org.openxava.component.ComponentParser.parseAnnotatedClass(ComponentParser.java:46)
	at org.openxava.component.ComponentParser.parse(ComponentParser.java:35)
	at org.openxava.component.MetaComponent.get(MetaComponent.java:60)
	at org.openxava.component.MetaComponent.exists(MetaComponent.java:75)
	at org.openxava.application.meta.MetaApplication.existsModel(MetaApplication.java:151)
	at org.openxava.application.meta.MetaApplication.getMetaModule(MetaApplication.java:140)
	at org.openxava.controller.ModuleManager.getMetaModule(ModuleManager.java:973)
	at org.openxava.controller.ModuleManager.getModelName(ModuleManager.java:999)
	at org.apache.jsp.xava.execute_jsp._jspService(execute_jsp.java:162)
	at org.apache.jasper.runtime.HttpJspBase.service(HttpJspBase.java:70)
	at javax.servlet.http.HttpServlet.service(HttpServlet.java:717)
	at org.apache.jasper.servlet.JspServletWrapper.service(JspServletWrapper.java:374)
	at org.apache.jasper.servlet.JspServlet.serviceJspFile(JspServlet.java:342)
	at org.apache.jasper.servlet.JspServlet.service(JspServlet.java:267)
	at javax.servlet.http.HttpServlet.service(HttpServlet.java:717)
	at org.apache.catalina.core.ApplicationFilterChain.internalDoFilter(ApplicationFilterChain.java:290)
	at org.apache.catalina.core.ApplicationFilterChain.doFilter(ApplicationFilterChain.java:206)
	at org.apache.catalina.core.ApplicationDispatcher.invoke(ApplicationDispatcher.java:646)
	at org.apache.catalina.core.ApplicationDispatcher.doInclude(ApplicationDispatcher.java:551)
	at org.apache.catalina.core.ApplicationDispatcher.include(ApplicationDispatcher.java:488)
	at org.apache.jasper.runtime.JspRuntimeLibrary.include(JspRuntimeLibrary.java:968)
	at org.apache.jsp.xava.module_jsp._jspService(module_jsp.java:188)
	at org.apache.jasper.runtime.HttpJspBase.service(HttpJspBase.java:70)
	at javax.servlet.http.HttpServlet.service(HttpServlet.java:717)
	at org.apache.jasper.servlet.JspServletWrapper.service(JspServletWrapper.java:374)
	at org.apache.jasper.servlet.JspServlet.serviceJspFile(JspServlet.java:342)
	at org.apache.jasper.servlet.JspServlet.service(JspServlet.java:267)
	at javax.servlet.http.HttpServlet.service(HttpServlet.java:717)
	at org.apache.catalina.core.ApplicationFilterChain.internalDoFilter(ApplicationFilterChain.java:290)
	at org.apache.catalina.core.ApplicationFilterChain.doFilter(ApplicationFilterChain.java:206)
	at org.apache.catalina.core.ApplicationDispatcher.invoke(ApplicationDispatcher.java:646)
	at org.apache.catalina.core.ApplicationDispatcher.processRequest(ApplicationDispatcher.java:436)
	at org.apache.catalina.core.ApplicationDispatcher.doForward(ApplicationDispatcher.java:374)
	at org.apache.catalina.core.ApplicationDispatcher.forward(ApplicationDispatcher.java:302)
	at org.openxava.web.servlets.ModuleServlet.doGet(ModuleServlet.java:24)
	at javax.servlet.http.HttpServlet.service(HttpServlet.java:617)
	at javax.servlet.http.HttpServlet.service(HttpServlet.java:717)
	at org.apache.catalina.core.ApplicationFilterChain.internalDoFilter(ApplicationFilterChain.java:290)
	at org.apache.catalina.core.ApplicationFilterChain.doFilter(ApplicationFilterChain.java:206)
	at org.apache.catalina.core.StandardWrapperValve.invoke(StandardWrapperValve.java:233)
	at org.apache.catalina.core.StandardContextValve.invoke(StandardContextValve.java:191)
	at org.apache.catalina.core.StandardHostValve.invoke(StandardHostValve.java:128)
	at org.apache.catalina.valves.ErrorReportValve.invoke(ErrorReportValve.java:102)
	at org.apache.catalina.core.StandardEngineValve.invoke(StandardEngineValve.java:109)
	at org.apache.catalina.connector.CoyoteAdapter.service(CoyoteAdapter.java:293)
	at org.apache.coyote.http11.Http11Processor.process(Http11Processor.java:849)
	at org.apache.coyote.http11.Http11Protocol$Http11ConnectionHandler.process(Http11Protocol.java:583)
	at org.apache.tomcat.util.net.JIoEndpoint$Worker.run(JIoEndpoint.java:454)
	at java.lang.Thread.run(Thread.java:744)

jun 07, 2014 2:13:38 PM org.apache.catalina.core.ApplicationDispatcher invoke
Grave: El Servlet.service() para servlet jsp lanzó una excepción
org.openxava.util.XavaException: Parece ser que piso no es una entidad EJB3 ni una clase transitoria del modelo
	at org.openxava.annotations.parse.AnnotatedClassParser.getClassNameFor(AnnotatedClassParser.java:2470)
	at org.openxava.annotations.parse.AnnotatedClassParser.parse(AnnotatedClassParser.java:178)
	at org.openxava.component.ComponentParser.parseAnnotatedClass(ComponentParser.java:46)
	at org.openxava.component.ComponentParser.parse(ComponentParser.java:35)
	at org.openxava.component.MetaComponent.get(MetaComponent.java:60)
	at org.openxava.component.MetaComponent.exists(MetaComponent.java:75)
	at org.openxava.application.meta.MetaApplication.existsModel(MetaApplication.java:151)
	at org.openxava.application.meta.MetaApplication.getMetaModule(MetaApplication.java:140)
	at org.openxava.controller.ModuleManager.getMetaModule(ModuleManager.java:973)
	at org.openxava.controller.ModuleManager.setupModuleControllers(ModuleManager.java:206)
	at org.openxava.controller.ModuleManager.setModuleName(ModuleManager.java:946)
	at org.apache.jsp.xava.module_jsp._jspService(module_jsp.java:167)
	at org.apache.jasper.runtime.HttpJspBase.service(HttpJspBase.java:70)
	at javax.servlet.http.HttpServlet.service(HttpServlet.java:717)
	at org.apache.jasper.servlet.JspServletWrapper.service(JspServletWrapper.java:374)
	at org.apache.jasper.servlet.JspServlet.serviceJspFile(JspServlet.java:342)
	at org.apache.jasper.servlet.JspServlet.service(JspServlet.java:267)
	at javax.servlet.http.HttpServlet.service(HttpServlet.java:717)
	at org.apache.catalina.core.ApplicationFilterChain.internalDoFilter(ApplicationFilterChain.java:290)
	at org.apache.catalina.core.ApplicationFilterChain.doFilter(ApplicationFilterChain.java:206)
	at org.apache.catalina.core.ApplicationDispatcher.invoke(ApplicationDispatcher.java:646)
	at org.apache.catalina.core.ApplicationDispatcher.processRequest(ApplicationDispatcher.java:436)
	at org.apache.catalina.core.ApplicationDispatcher.doForward(ApplicationDispatcher.java:374)
	at org.apache.catalina.core.ApplicationDispatcher.forward(ApplicationDispatcher.java:302)
	at org.openxava.web.servlets.ModuleServlet.doGet(ModuleServlet.java:24)
	at javax.servlet.http.HttpServlet.service(HttpServlet.java:617)
	at javax.servlet.http.HttpServlet.service(HttpServlet.java:717)
	at org.apache.catalina.core.ApplicationFilterChain.internalDoFilter(ApplicationFilterChain.java:290)
	at org.apache.catalina.core.ApplicationFilterChain.doFilter(ApplicationFilterChain.java:206)
	at org.apache.catalina.core.StandardWrapperValve.invoke(StandardWrapperValve.java:233)
	at org.apache.catalina.core.StandardContextValve.invoke(StandardContextValve.java:191)
	at org.apache.catalina.core.StandardHostValve.invoke(StandardHostValve.java:128)
	at org.apache.catalina.valves.ErrorReportValve.invoke(ErrorReportValve.java:102)
	at org.apache.catalina.core.StandardEngineValve.invoke(StandardEngineValve.java:109)
	at org.apache.catalina.connector.CoyoteAdapter.service(CoyoteAdapter.java:293)
	at org.apache.coyote.http11.Http11Processor.process(Http11Processor.java:849)
	at org.apache.coyote.http11.Http11Protocol$Http11ConnectionHandler.process(Http11Protocol.java:583)
	at org.apache.tomcat.util.net.JIoEndpoint$Worker.run(JIoEndpoint.java:454)
	at java.lang.Thread.run(Thread.java:744)

jun 07, 2014 2:13:38 PM org.apache.catalina.core.StandardWrapperValve invoke
Grave: Servlet.service() para servlet module lanzó excepción
org.openxava.util.XavaException: Parece ser que piso no es una entidad EJB3 ni una clase transitoria del modelo
	at org.openxava.annotations.parse.AnnotatedClassParser.getClassNameFor(AnnotatedClassParser.java:2470)
	at org.openxava.annotations.parse.AnnotatedClassParser.parse(AnnotatedClassParser.java:178)
	at org.openxava.component.ComponentParser.parseAnnotatedClass(ComponentParser.java:46)
	at org.openxava.component.ComponentParser.parse(ComponentParser.java:35)
	at org.openxava.component.MetaComponent.get(MetaComponent.java:60)
	at org.openxava.component.MetaComponent.exists(MetaComponent.java:75)
	at org.openxava.application.meta.MetaApplication.existsModel(MetaApplication.java:151)
	at org.openxava.application.meta.MetaApplication.getMetaModule(MetaApplication.java:140)
	at org.openxava.controller.ModuleManager.getMetaModule(ModuleManager.java:973)
	at org.openxava.controller.ModuleManager.setupModuleControllers(ModuleManager.java:206)
	at org.openxava.controller.ModuleManager.setModuleName(ModuleManager.java:946)
	at org.apache.jsp.xava.module_jsp._jspService(module_jsp.java:167)
	at org.apache.jasper.runtime.HttpJspBase.service(HttpJspBase.java:70)
	at javax.servlet.http.HttpServlet.service(HttpServlet.java:717)
	at org.apache.jasper.servlet.JspServletWrapper.service(JspServletWrapper.java:374)
	at org.apache.jasper.servlet.JspServlet.serviceJspFile(JspServlet.java:342)
	at org.apache.jasper.servlet.JspServlet.service(JspServlet.java:267)
	at javax.servlet.http.HttpServlet.service(HttpServlet.java:717)
	at org.apache.catalina.core.ApplicationFilterChain.internalDoFilter(ApplicationFilterChain.java:290)
	at org.apache.catalina.core.ApplicationFilterChain.doFilter(ApplicationFilterChain.java:206)
	at org.apache.catalina.core.ApplicationDispatcher.invoke(ApplicationDispatcher.java:646)
	at org.apache.catalina.core.ApplicationDispatcher.processRequest(ApplicationDispatcher.java:436)
	at org.apache.catalina.core.ApplicationDispatcher.doForward(ApplicationDispatcher.java:374)
	at org.apache.catalina.core.ApplicationDispatcher.forward(ApplicationDispatcher.java:302)
	at org.openxava.web.servlets.ModuleServlet.doGet(ModuleServlet.java:24)
	at javax.servlet.http.HttpServlet.service(HttpServlet.java:617)
	at javax.servlet.http.HttpServlet.service(HttpServlet.java:717)
	at org.apache.catalina.core.ApplicationFilterChain.internalDoFilter(ApplicationFilterChain.java:290)
	at org.apache.catalina.core.ApplicationFilterChain.doFilter(ApplicationFilterChain.java:206)
	at org.apache.catalina.core.StandardWrapperValve.invoke(StandardWrapperValve.java:233)
	at org.apache.catalina.core.StandardContextValve.invoke(StandardContextValve.java:191)
	at org.apache.catalina.core.StandardHostValve.invoke(StandardHostValve.java:128)
	at org.apache.catalina.valves.ErrorReportValve.invoke(ErrorReportValve.java:102)
	at org.apache.catalina.core.StandardEngineValve.invoke(StandardEngineValve.java:109)
	at org.apache.catalina.connector.CoyoteAdapter.service(CoyoteAdapter.java:293)
	at org.apache.coyote.http11.Http11Processor.process(Http11Processor.java:849)
	at org.apache.coyote.http11.Http11Protocol$Http11ConnectionHandler.process(Http11Protocol.java:583)
	at org.apache.tomcat.util.net.JIoEndpoint$Worker.run(JIoEndpoint.java:454)
	at java.lang.Thread.run(Thread.java:744)

jun 07, 2014 2:14:00 PM org.apache.catalina.core.ApplicationDispatcher invoke
Grave: El Servlet.service() para servlet jsp lanzó una excepción
org.openxava.util.XavaException: Parece ser que prueba no es una entidad EJB3 ni una clase transitoria del modelo
	at org.openxava.annotations.parse.AnnotatedClassParser.getClassNameFor(AnnotatedClassParser.java:2470)
	at org.openxava.annotations.parse.AnnotatedClassParser.parse(AnnotatedClassParser.java:178)
	at org.openxava.component.ComponentParser.parseAnnotatedClass(ComponentParser.java:46)
	at org.openxava.component.ComponentParser.parse(ComponentParser.java:35)
	at org.openxava.component.MetaComponent.get(MetaComponent.java:60)
	at org.openxava.component.MetaComponent.exists(MetaComponent.java:75)
	at org.openxava.application.meta.MetaApplication.existsModel(MetaApplication.java:151)
	at org.openxava.application.meta.MetaApplication.getMetaModule(MetaApplication.java:140)
	at org.openxava.controller.ModuleManager.getMetaModule(ModuleManager.java:973)
	at org.openxava.controller.ModuleManager.setupModuleControllers(ModuleManager.java:206)
	at org.openxava.controller.ModuleManager.setModuleName(ModuleManager.java:946)
	at org.apache.jsp.xava.module_jsp._jspService(module_jsp.java:167)
	at org.apache.jasper.runtime.HttpJspBase.service(HttpJspBase.java:70)
	at javax.servlet.http.HttpServlet.service(HttpServlet.java:717)
	at org.apache.jasper.servlet.JspServletWrapper.service(JspServletWrapper.java:374)
	at org.apache.jasper.servlet.JspServlet.serviceJspFile(JspServlet.java:342)
	at org.apache.jasper.servlet.JspServlet.service(JspServlet.java:267)
	at javax.servlet.http.HttpServlet.service(HttpServlet.java:717)
	at org.apache.catalina.core.ApplicationFilterChain.internalDoFilter(ApplicationFilterChain.java:290)
	at org.apache.catalina.core.ApplicationFilterChain.doFilter(ApplicationFilterChain.java:206)
	at org.apache.catalina.core.ApplicationDispatcher.invoke(ApplicationDispatcher.java:646)
	at org.apache.catalina.core.ApplicationDispatcher.processRequest(ApplicationDispatcher.java:436)
	at org.apache.catalina.core.ApplicationDispatcher.doForward(ApplicationDispatcher.java:374)
	at org.apache.catalina.core.ApplicationDispatcher.forward(ApplicationDispatcher.java:302)
	at org.openxava.web.servlets.ModuleServlet.doGet(ModuleServlet.java:24)
	at javax.servlet.http.HttpServlet.service(HttpServlet.java:617)
	at javax.servlet.http.HttpServlet.service(HttpServlet.java:717)
	at org.apache.catalina.core.ApplicationFilterChain.internalDoFilter(ApplicationFilterChain.java:290)
	at org.apache.catalina.core.ApplicationFilterChain.doFilter(ApplicationFilterChain.java:206)
	at org.apache.catalina.core.StandardWrapperValve.invoke(StandardWrapperValve.java:233)
	at org.apache.catalina.core.StandardContextValve.invoke(StandardContextValve.java:191)
	at org.apache.catalina.core.StandardHostValve.invoke(StandardHostValve.java:128)
	at org.apache.catalina.valves.ErrorReportValve.invoke(ErrorReportValve.java:102)
	at org.apache.catalina.core.StandardEngineValve.invoke(StandardEngineValve.java:109)
	at org.apache.catalina.connector.CoyoteAdapter.service(CoyoteAdapter.java:293)
	at org.apache.coyote.http11.Http11Processor.process(Http11Processor.java:849)
	at org.apache.coyote.http11.Http11Protocol$Http11ConnectionHandler.process(Http11Protocol.java:583)
	at org.apache.tomcat.util.net.JIoEndpoint$Worker.run(JIoEndpoint.java:454)
	at java.lang.Thread.run(Thread.java:744)

jun 07, 2014 2:14:00 PM org.apache.catalina.core.StandardWrapperValve invoke
Grave: Servlet.service() para servlet module lanzó excepción
org.openxava.util.XavaException: Parece ser que prueba no es una entidad EJB3 ni una clase transitoria del modelo
	at org.openxava.annotations.parse.AnnotatedClassParser.getClassNameFor(AnnotatedClassParser.java:2470)
	at org.openxava.annotations.parse.AnnotatedClassParser.parse(AnnotatedClassParser.java:178)
	at org.openxava.component.ComponentParser.parseAnnotatedClass(ComponentParser.java:46)
	at org.openxava.component.ComponentParser.parse(ComponentParser.java:35)
	at org.openxava.component.MetaComponent.get(MetaComponent.java:60)
	at org.openxava.component.MetaComponent.exists(MetaComponent.java:75)
	at org.openxava.application.meta.MetaApplication.existsModel(MetaApplication.java:151)
	at org.openxava.application.meta.MetaApplication.getMetaModule(MetaApplication.java:140)
	at org.openxava.controller.ModuleManager.getMetaModule(ModuleManager.java:973)
	at org.openxava.controller.ModuleManager.setupModuleControllers(ModuleManager.java:206)
	at org.openxava.controller.ModuleManager.setModuleName(ModuleManager.java:946)
	at org.apache.jsp.xava.module_jsp._jspService(module_jsp.java:167)
	at org.apache.jasper.runtime.HttpJspBase.service(HttpJspBase.java:70)
	at javax.servlet.http.HttpServlet.service(HttpServlet.java:717)
	at org.apache.jasper.servlet.JspServletWrapper.service(JspServletWrapper.java:374)
	at org.apache.jasper.servlet.JspServlet.serviceJspFile(JspServlet.java:342)
	at org.apache.jasper.servlet.JspServlet.service(JspServlet.java:267)
	at javax.servlet.http.HttpServlet.service(HttpServlet.java:717)
	at org.apache.catalina.core.ApplicationFilterChain.internalDoFilter(ApplicationFilterChain.java:290)
	at org.apache.catalina.core.ApplicationFilterChain.doFilter(ApplicationFilterChain.java:206)
	at org.apache.catalina.core.ApplicationDispatcher.invoke(ApplicationDispatcher.java:646)
	at org.apache.catalina.core.ApplicationDispatcher.processRequest(ApplicationDispatcher.java:436)
	at org.apache.catalina.core.ApplicationDispatcher.doForward(ApplicationDispatcher.java:374)
	at org.apache.catalina.core.ApplicationDispatcher.forward(ApplicationDispatcher.java:302)
	at org.openxava.web.servlets.ModuleServlet.doGet(ModuleServlet.java:24)
	at javax.servlet.http.HttpServlet.service(HttpServlet.java:617)
	at javax.servlet.http.HttpServlet.service(HttpServlet.java:717)
	at org.apache.catalina.core.ApplicationFilterChain.internalDoFilter(ApplicationFilterChain.java:290)
	at org.apache.catalina.core.ApplicationFilterChain.doFilter(ApplicationFilterChain.java:206)
	at org.apache.catalina.core.StandardWrapperValve.invoke(StandardWrapperValve.java:233)
	at org.apache.catalina.core.StandardContextValve.invoke(StandardContextValve.java:191)
	at org.apache.catalina.core.StandardHostValve.invoke(StandardHostValve.java:128)
	at org.apache.catalina.valves.ErrorReportValve.invoke(ErrorReportValve.java:102)
	at org.apache.catalina.core.StandardEngineValve.invoke(StandardEngineValve.java:109)
	at org.apache.catalina.connector.CoyoteAdapter.service(CoyoteAdapter.java:293)
	at org.apache.coyote.http11.Http11Processor.process(Http11Processor.java:849)
	at org.apache.coyote.http11.Http11Protocol$Http11ConnectionHandler.process(Http11Protocol.java:583)
	at org.apache.tomcat.util.net.JIoEndpoint$Worker.run(JIoEndpoint.java:454)
	at java.lang.Thread.run(Thread.java:744)

jun 07, 2014 2:20:19 PM org.apache.catalina.core.ApplicationContext log
Información: ContextListener: contextInitialized()
jun 07, 2014 2:20:19 PM org.apache.catalina.core.ApplicationContext log
Información: SessionListener: contextInitialized()
jun 07, 2014 2:20:34 PM org.apache.catalina.core.ApplicationDispatcher invoke
Grave: El Servlet.service() para servlet jsp lanzó una excepción
org.openxava.util.XavaException: Parece ser que Recibo no es una entidad EJB3 ni una clase transitoria del modelo
	at org.openxava.annotations.parse.AnnotatedClassParser.getClassNameFor(AnnotatedClassParser.java:2470)
	at org.openxava.annotations.parse.AnnotatedClassParser.parse(AnnotatedClassParser.java:178)
	at org.openxava.component.ComponentParser.parseAnnotatedClass(ComponentParser.java:46)
	at org.openxava.component.ComponentParser.parse(ComponentParser.java:35)
	at org.openxava.component.MetaComponent.get(MetaComponent.java:60)
	at org.openxava.component.MetaComponent.exists(MetaComponent.java:75)
	at org.openxava.application.meta.MetaApplication.existsModel(MetaApplication.java:151)
	at org.openxava.application.meta.MetaApplication.getMetaModule(MetaApplication.java:140)
	at org.openxava.controller.ModuleManager.getMetaModule(ModuleManager.java:973)
	at org.openxava.controller.ModuleManager.setupModuleControllers(ModuleManager.java:206)
	at org.openxava.controller.ModuleManager.setModuleName(ModuleManager.java:946)
	at org.apache.jsp.xava.module_jsp._jspService(module_jsp.java:167)
	at org.apache.jasper.runtime.HttpJspBase.service(HttpJspBase.java:70)
	at javax.servlet.http.HttpServlet.service(HttpServlet.java:717)
	at org.apache.jasper.servlet.JspServletWrapper.service(JspServletWrapper.java:374)
	at org.apache.jasper.servlet.JspServlet.serviceJspFile(JspServlet.java:342)
	at org.apache.jasper.servlet.JspServlet.service(JspServlet.java:267)
	at javax.servlet.http.HttpServlet.service(HttpServlet.java:717)
	at org.apache.catalina.core.ApplicationFilterChain.internalDoFilter(ApplicationFilterChain.java:290)
	at org.apache.catalina.core.ApplicationFilterChain.doFilter(ApplicationFilterChain.java:206)
	at org.apache.catalina.core.ApplicationDispatcher.invoke(ApplicationDispatcher.java:646)
	at org.apache.catalina.core.ApplicationDispatcher.processRequest(ApplicationDispatcher.java:436)
	at org.apache.catalina.core.ApplicationDispatcher.doForward(ApplicationDispatcher.java:374)
	at org.apache.catalina.core.ApplicationDispatcher.forward(ApplicationDispatcher.java:302)
	at org.openxava.web.servlets.ModuleServlet.doGet(ModuleServlet.java:24)
	at javax.servlet.http.HttpServlet.service(HttpServlet.java:617)
	at javax.servlet.http.HttpServlet.service(HttpServlet.java:717)
	at org.apache.catalina.core.ApplicationFilterChain.internalDoFilter(ApplicationFilterChain.java:290)
	at org.apache.catalina.core.ApplicationFilterChain.doFilter(ApplicationFilterChain.java:206)
	at org.apache.catalina.core.StandardWrapperValve.invoke(StandardWrapperValve.java:233)
	at org.apache.catalina.core.StandardContextValve.invoke(StandardContextValve.java:191)
	at org.apache.catalina.core.StandardHostValve.invoke(StandardHostValve.java:128)
	at org.apache.catalina.valves.ErrorReportValve.invoke(ErrorReportValve.java:102)
	at org.apache.catalina.core.StandardEngineValve.invoke(StandardEngineValve.java:109)
	at org.apache.catalina.connector.CoyoteAdapter.service(CoyoteAdapter.java:293)
	at org.apache.coyote.http11.Http11Processor.process(Http11Processor.java:849)
	at org.apache.coyote.http11.Http11Protocol$Http11ConnectionHandler.process(Http11Protocol.java:583)
	at org.apache.tomcat.util.net.JIoEndpoint$Worker.run(JIoEndpoint.java:454)
	at java.lang.Thread.run(Thread.java:744)

jun 07, 2014 2:20:34 PM org.apache.catalina.core.StandardWrapperValve invoke
Grave: Servlet.service() para servlet module lanzó excepción
org.openxava.util.XavaException: Parece ser que Recibo no es una entidad EJB3 ni una clase transitoria del modelo
	at org.openxava.annotations.parse.AnnotatedClassParser.getClassNameFor(AnnotatedClassParser.java:2470)
	at org.openxava.annotations.parse.AnnotatedClassParser.parse(AnnotatedClassParser.java:178)
	at org.openxava.component.ComponentParser.parseAnnotatedClass(ComponentParser.java:46)
	at org.openxava.component.ComponentParser.parse(ComponentParser.java:35)
	at org.openxava.component.MetaComponent.get(MetaComponent.java:60)
	at org.openxava.component.MetaComponent.exists(MetaComponent.java:75)
	at org.openxava.application.meta.MetaApplication.existsModel(MetaApplication.java:151)
	at org.openxava.application.meta.MetaApplication.getMetaModule(MetaApplication.java:140)
	at org.openxava.controller.ModuleManager.getMetaModule(ModuleManager.java:973)
	at org.openxava.controller.ModuleManager.setupModuleControllers(ModuleManager.java:206)
	at org.openxava.controller.ModuleManager.setModuleName(ModuleManager.java:946)
	at org.apache.jsp.xava.module_jsp._jspService(module_jsp.java:167)
	at org.apache.jasper.runtime.HttpJspBase.service(HttpJspBase.java:70)
	at javax.servlet.http.HttpServlet.service(HttpServlet.java:717)
	at org.apache.jasper.servlet.JspServletWrapper.service(JspServletWrapper.java:374)
	at org.apache.jasper.servlet.JspServlet.serviceJspFile(JspServlet.java:342)
	at org.apache.jasper.servlet.JspServlet.service(JspServlet.java:267)
	at javax.servlet.http.HttpServlet.service(HttpServlet.java:717)
	at org.apache.catalina.core.ApplicationFilterChain.internalDoFilter(ApplicationFilterChain.java:290)
	at org.apache.catalina.core.ApplicationFilterChain.doFilter(ApplicationFilterChain.java:206)
	at org.apache.catalina.core.ApplicationDispatcher.invoke(ApplicationDispatcher.java:646)
	at org.apache.catalina.core.ApplicationDispatcher.processRequest(ApplicationDispatcher.java:436)
	at org.apache.catalina.core.ApplicationDispatcher.doForward(ApplicationDispatcher.java:374)
	at org.apache.catalina.core.ApplicationDispatcher.forward(ApplicationDispatcher.java:302)
	at org.openxava.web.servlets.ModuleServlet.doGet(ModuleServlet.java:24)
	at javax.servlet.http.HttpServlet.service(HttpServlet.java:617)
	at javax.servlet.http.HttpServlet.service(HttpServlet.java:717)
	at org.apache.catalina.core.ApplicationFilterChain.internalDoFilter(ApplicationFilterChain.java:290)
	at org.apache.catalina.core.ApplicationFilterChain.doFilter(ApplicationFilterChain.java:206)
	at org.apache.catalina.core.StandardWrapperValve.invoke(StandardWrapperValve.java:233)
	at org.apache.catalina.core.StandardContextValve.invoke(StandardContextValve.java:191)
	at org.apache.catalina.core.StandardHostValve.invoke(StandardHostValve.java:128)
	at org.apache.catalina.valves.ErrorReportValve.invoke(ErrorReportValve.java:102)
	at org.apache.catalina.core.StandardEngineValve.invoke(StandardEngineValve.java:109)
	at org.apache.catalina.connector.CoyoteAdapter.service(CoyoteAdapter.java:293)
	at org.apache.coyote.http11.Http11Processor.process(Http11Processor.java:849)
	at org.apache.coyote.http11.Http11Protocol$Http11ConnectionHandler.process(Http11Protocol.java:583)
	at org.apache.tomcat.util.net.JIoEndpoint$Worker.run(JIoEndpoint.java:454)
	at java.lang.Thread.run(Thread.java:744)

jun 07, 2014 2:23:12 PM org.apache.catalina.core.ApplicationDispatcher invoke
Grave: El Servlet.service() para servlet jsp lanzó una excepción
org.openxava.util.XavaException: Parece ser que Recibo no es una entidad EJB3 ni una clase transitoria del modelo
	at org.openxava.annotations.parse.AnnotatedClassParser.getClassNameFor(AnnotatedClassParser.java:2470)
	at org.openxava.annotations.parse.AnnotatedClassParser.parse(AnnotatedClassParser.java:178)
	at org.openxava.component.ComponentParser.parseAnnotatedClass(ComponentParser.java:46)
	at org.openxava.component.ComponentParser.parse(ComponentParser.java:35)
	at org.openxava.component.MetaComponent.get(MetaComponent.java:60)
	at org.openxava.component.MetaComponent.exists(MetaComponent.java:75)
	at org.openxava.application.meta.MetaApplication.existsModel(MetaApplication.java:151)
	at org.openxava.application.meta.MetaApplication.getMetaModule(MetaApplication.java:140)
	at org.openxava.controller.ModuleManager.getMetaModule(ModuleManager.java:973)
	at org.openxava.controller.ModuleManager.getModelName(ModuleManager.java:999)
	at org.apache.jsp.xava.execute_jsp._jspService(execute_jsp.java:162)
	at org.apache.jasper.runtime.HttpJspBase.service(HttpJspBase.java:70)
	at javax.servlet.http.HttpServlet.service(HttpServlet.java:717)
	at org.apache.jasper.servlet.JspServletWrapper.service(JspServletWrapper.java:374)
	at org.apache.jasper.servlet.JspServlet.serviceJspFile(JspServlet.java:342)
	at org.apache.jasper.servlet.JspServlet.service(JspServlet.java:267)
	at javax.servlet.http.HttpServlet.service(HttpServlet.java:717)
	at org.apache.catalina.core.ApplicationFilterChain.internalDoFilter(ApplicationFilterChain.java:290)
	at org.apache.catalina.core.ApplicationFilterChain.doFilter(ApplicationFilterChain.java:206)
	at org.apache.catalina.core.ApplicationDispatcher.invoke(ApplicationDispatcher.java:646)
	at org.apache.catalina.core.ApplicationDispatcher.doInclude(ApplicationDispatcher.java:551)
	at org.apache.catalina.core.ApplicationDispatcher.include(ApplicationDispatcher.java:488)
	at org.apache.jasper.runtime.JspRuntimeLibrary.include(JspRuntimeLibrary.java:968)
	at org.apache.jsp.xava.module_jsp._jspService(module_jsp.java:188)
	at org.apache.jasper.runtime.HttpJspBase.service(HttpJspBase.java:70)
	at javax.servlet.http.HttpServlet.service(HttpServlet.java:717)
	at org.apache.jasper.servlet.JspServletWrapper.service(JspServletWrapper.java:374)
	at org.apache.jasper.servlet.JspServlet.serviceJspFile(JspServlet.java:342)
	at org.apache.jasper.servlet.JspServlet.service(JspServlet.java:267)
	at javax.servlet.http.HttpServlet.service(HttpServlet.java:717)
	at org.apache.catalina.core.ApplicationFilterChain.internalDoFilter(ApplicationFilterChain.java:290)
	at org.apache.catalina.core.ApplicationFilterChain.doFilter(ApplicationFilterChain.java:206)
	at org.apache.catalina.core.ApplicationDispatcher.invoke(ApplicationDispatcher.java:646)
	at org.apache.catalina.core.ApplicationDispatcher.processRequest(ApplicationDispatcher.java:436)
	at org.apache.catalina.core.ApplicationDispatcher.doForward(ApplicationDispatcher.java:374)
	at org.apache.catalina.core.ApplicationDispatcher.forward(ApplicationDispatcher.java:302)
	at org.openxava.web.servlets.ModuleServlet.doGet(ModuleServlet.java:24)
	at javax.servlet.http.HttpServlet.service(HttpServlet.java:617)
	at javax.servlet.http.HttpServlet.service(HttpServlet.java:717)
	at org.apache.catalina.core.ApplicationFilterChain.internalDoFilter(ApplicationFilterChain.java:290)
	at org.apache.catalina.core.ApplicationFilterChain.doFilter(ApplicationFilterChain.java:206)
	at org.apache.catalina.core.StandardWrapperValve.invoke(StandardWrapperValve.java:233)
	at org.apache.catalina.core.StandardContextValve.invoke(StandardContextValve.java:191)
	at org.apache.catalina.core.StandardHostValve.invoke(StandardHostValve.java:128)
	at org.apache.catalina.valves.ErrorReportValve.invoke(ErrorReportValve.java:102)
	at org.apache.catalina.core.StandardEngineValve.invoke(StandardEngineValve.java:109)
	at org.apache.catalina.connector.CoyoteAdapter.service(CoyoteAdapter.java:293)
	at org.apache.coyote.http11.Http11Processor.process(Http11Processor.java:849)
	at org.apache.coyote.http11.Http11Protocol$Http11ConnectionHandler.process(Http11Protocol.java:583)
	at org.apache.tomcat.util.net.JIoEndpoint$Worker.run(JIoEndpoint.java:454)
	at java.lang.Thread.run(Thread.java:744)

jun 07, 2014 2:23:12 PM org.apache.catalina.core.ApplicationDispatcher invoke
Grave: El Servlet.service() para servlet jsp lanzó una excepción
org.openxava.util.XavaException: Parece ser que Recibo no es una entidad EJB3 ni una clase transitoria del modelo
	at org.openxava.annotations.parse.AnnotatedClassParser.getClassNameFor(AnnotatedClassParser.java:2470)
	at org.openxava.annotations.parse.AnnotatedClassParser.parse(AnnotatedClassParser.java:178)
	at org.openxava.component.ComponentParser.parseAnnotatedClass(ComponentParser.java:46)
	at org.openxava.component.ComponentParser.parse(ComponentParser.java:35)
	at org.openxava.component.MetaComponent.get(MetaComponent.java:60)
	at org.openxava.component.MetaComponent.exists(MetaComponent.java:75)
	at org.openxava.application.meta.MetaApplication.existsModel(MetaApplication.java:151)
	at org.openxava.application.meta.MetaApplication.getMetaModule(MetaApplication.java:140)
	at org.openxava.controller.ModuleManager.getMetaModule(ModuleManager.java:973)
	at org.openxava.controller.ModuleManager.getModelName(ModuleManager.java:999)
	at org.apache.jsp.xava.execute_jsp._jspService(execute_jsp.java:162)
	at org.apache.jasper.runtime.HttpJspBase.service(HttpJspBase.java:70)
	at javax.servlet.http.HttpServlet.service(HttpServlet.java:717)
	at org.apache.jasper.servlet.JspServletWrapper.service(JspServletWrapper.java:374)
	at org.apache.jasper.servlet.JspServlet.serviceJspFile(JspServlet.java:342)
	at org.apache.jasper.servlet.JspServlet.service(JspServlet.java:267)
	at javax.servlet.http.HttpServlet.service(HttpServlet.java:717)
	at org.apache.catalina.core.ApplicationFilterChain.internalDoFilter(ApplicationFilterChain.java:290)
	at org.apache.catalina.core.ApplicationFilterChain.doFilter(ApplicationFilterChain.java:206)
	at org.apache.catalina.core.ApplicationDispatcher.invoke(ApplicationDispatcher.java:646)
	at org.apache.catalina.core.ApplicationDispatcher.doInclude(ApplicationDispatcher.java:551)
	at org.apache.catalina.core.ApplicationDispatcher.include(ApplicationDispatcher.java:488)
	at org.apache.jasper.runtime.JspRuntimeLibrary.include(JspRuntimeLibrary.java:968)
	at org.apache.jsp.xava.module_jsp._jspService(module_jsp.java:188)
	at org.apache.jasper.runtime.HttpJspBase.service(HttpJspBase.java:70)
	at javax.servlet.http.HttpServlet.service(HttpServlet.java:717)
	at org.apache.jasper.servlet.JspServletWrapper.service(JspServletWrapper.java:374)
	at org.apache.jasper.servlet.JspServlet.serviceJspFile(JspServlet.java:342)
	at org.apache.jasper.servlet.JspServlet.service(JspServlet.java:267)
	at javax.servlet.http.HttpServlet.service(HttpServlet.java:717)
	at org.apache.catalina.core.ApplicationFilterChain.internalDoFilter(ApplicationFilterChain.java:290)
	at org.apache.catalina.core.ApplicationFilterChain.doFilter(ApplicationFilterChain.java:206)
	at org.apache.catalina.core.ApplicationDispatcher.invoke(ApplicationDispatcher.java:646)
	at org.apache.catalina.core.ApplicationDispatcher.processRequest(ApplicationDispatcher.java:436)
	at org.apache.catalina.core.ApplicationDispatcher.doForward(ApplicationDispatcher.java:374)
	at org.apache.catalina.core.ApplicationDispatcher.forward(ApplicationDispatcher.java:302)
	at org.openxava.web.servlets.ModuleServlet.doGet(ModuleServlet.java:24)
	at javax.servlet.http.HttpServlet.service(HttpServlet.java:617)
	at javax.servlet.http.HttpServlet.service(HttpServlet.java:717)
	at org.apache.catalina.core.ApplicationFilterChain.internalDoFilter(ApplicationFilterChain.java:290)
	at org.apache.catalina.core.ApplicationFilterChain.doFilter(ApplicationFilterChain.java:206)
	at org.apache.catalina.core.StandardWrapperValve.invoke(StandardWrapperValve.java:233)
	at org.apache.catalina.core.StandardContextValve.invoke(StandardContextValve.java:191)
	at org.apache.catalina.core.StandardHostValve.invoke(StandardHostValve.java:128)
	at org.apache.catalina.valves.ErrorReportValve.invoke(ErrorReportValve.java:102)
	at org.apache.catalina.core.StandardEngineValve.invoke(StandardEngineValve.java:109)
	at org.apache.catalina.connector.CoyoteAdapter.service(CoyoteAdapter.java:293)
	at org.apache.coyote.http11.Http11Processor.process(Http11Processor.java:849)
	at org.apache.coyote.http11.Http11Protocol$Http11ConnectionHandler.process(Http11Protocol.java:583)
	at org.apache.tomcat.util.net.JIoEndpoint$Worker.run(JIoEndpoint.java:454)
	at java.lang.Thread.run(Thread.java:744)

jun 07, 2014 2:23:12 PM org.apache.catalina.core.StandardWrapperValve invoke
Grave: Servlet.service() para servlet module lanzó excepción
org.openxava.util.XavaException: Parece ser que Recibo no es una entidad EJB3 ni una clase transitoria del modelo
	at org.openxava.annotations.parse.AnnotatedClassParser.getClassNameFor(AnnotatedClassParser.java:2470)
	at org.openxava.annotations.parse.AnnotatedClassParser.parse(AnnotatedClassParser.java:178)
	at org.openxava.component.ComponentParser.parseAnnotatedClass(ComponentParser.java:46)
	at org.openxava.component.ComponentParser.parse(ComponentParser.java:35)
	at org.openxava.component.MetaComponent.get(MetaComponent.java:60)
	at org.openxava.component.MetaComponent.exists(MetaComponent.java:75)
	at org.openxava.application.meta.MetaApplication.existsModel(MetaApplication.java:151)
	at org.openxava.application.meta.MetaApplication.getMetaModule(MetaApplication.java:140)
	at org.openxava.controller.ModuleManager.getMetaModule(ModuleManager.java:973)
	at org.openxava.controller.ModuleManager.getModelName(ModuleManager.java:999)
	at org.apache.jsp.xava.execute_jsp._jspService(execute_jsp.java:162)
	at org.apache.jasper.runtime.HttpJspBase.service(HttpJspBase.java:70)
	at javax.servlet.http.HttpServlet.service(HttpServlet.java:717)
	at org.apache.jasper.servlet.JspServletWrapper.service(JspServletWrapper.java:374)
	at org.apache.jasper.servlet.JspServlet.serviceJspFile(JspServlet.java:342)
	at org.apache.jasper.servlet.JspServlet.service(JspServlet.java:267)
	at javax.servlet.http.HttpServlet.service(HttpServlet.java:717)
	at org.apache.catalina.core.ApplicationFilterChain.internalDoFilter(ApplicationFilterChain.java:290)
	at org.apache.catalina.core.ApplicationFilterChain.doFilter(ApplicationFilterChain.java:206)
	at org.apache.catalina.core.ApplicationDispatcher.invoke(ApplicationDispatcher.java:646)
	at org.apache.catalina.core.ApplicationDispatcher.doInclude(ApplicationDispatcher.java:551)
	at org.apache.catalina.core.ApplicationDispatcher.include(ApplicationDispatcher.java:488)
	at org.apache.jasper.runtime.JspRuntimeLibrary.include(JspRuntimeLibrary.java:968)
	at org.apache.jsp.xava.module_jsp._jspService(module_jsp.java:188)
	at org.apache.jasper.runtime.HttpJspBase.service(HttpJspBase.java:70)
	at javax.servlet.http.HttpServlet.service(HttpServlet.java:717)
	at org.apache.jasper.servlet.JspServletWrapper.service(JspServletWrapper.java:374)
	at org.apache.jasper.servlet.JspServlet.serviceJspFile(JspServlet.java:342)
	at org.apache.jasper.servlet.JspServlet.service(JspServlet.java:267)
	at javax.servlet.http.HttpServlet.service(HttpServlet.java:717)
	at org.apache.catalina.core.ApplicationFilterChain.internalDoFilter(ApplicationFilterChain.java:290)
	at org.apache.catalina.core.ApplicationFilterChain.doFilter(ApplicationFilterChain.java:206)
	at org.apache.catalina.core.ApplicationDispatcher.invoke(ApplicationDispatcher.java:646)
	at org.apache.catalina.core.ApplicationDispatcher.processRequest(ApplicationDispatcher.java:436)
	at org.apache.catalina.core.ApplicationDispatcher.doForward(ApplicationDispatcher.java:374)
	at org.apache.catalina.core.ApplicationDispatcher.forward(ApplicationDispatcher.java:302)
	at org.openxava.web.servlets.ModuleServlet.doGet(ModuleServlet.java:24)
	at javax.servlet.http.HttpServlet.service(HttpServlet.java:617)
	at javax.servlet.http.HttpServlet.service(HttpServlet.java:717)
	at org.apache.catalina.core.ApplicationFilterChain.internalDoFilter(ApplicationFilterChain.java:290)
	at org.apache.catalina.core.ApplicationFilterChain.doFilter(ApplicationFilterChain.java:206)
	at org.apache.catalina.core.StandardWrapperValve.invoke(StandardWrapperValve.java:233)
	at org.apache.catalina.core.StandardContextValve.invoke(StandardContextValve.java:191)
	at org.apache.catalina.core.StandardHostValve.invoke(StandardHostValve.java:128)
	at org.apache.catalina.valves.ErrorReportValve.invoke(ErrorReportValve.java:102)
	at org.apache.catalina.core.StandardEngineValve.invoke(StandardEngineValve.java:109)
	at org.apache.catalina.connector.CoyoteAdapter.service(CoyoteAdapter.java:293)
	at org.apache.coyote.http11.Http11Processor.process(Http11Processor.java:849)
	at org.apache.coyote.http11.Http11Protocol$Http11ConnectionHandler.process(Http11Protocol.java:583)
	at org.apache.tomcat.util.net.JIoEndpoint$Worker.run(JIoEndpoint.java:454)
	at java.lang.Thread.run(Thread.java:744)

jun 07, 2014 2:27:57 PM org.apache.catalina.core.ApplicationContext log
Información: ContextListener: contextInitialized()
jun 07, 2014 2:27:57 PM org.apache.catalina.core.ApplicationContext log
Información: SessionListener: contextInitialized()
