abr 19, 2014 2:56:27 PM org.apache.catalina.core.ApplicationContext log
Información: ContextListener: contextInitialized()
abr 19, 2014 2:56:27 PM org.apache.catalina.core.ApplicationContext log
Información: SessionListener: contextInitialized()
abr 19, 2014 2:56:42 PM org.apache.catalina.core.ApplicationDispatcher invoke
Grave: El Servlet.service() para servlet jsp lanzó una excepción
org.hibernate.AnnotationException: No identifier specified for entity: org.openxava.MiComunidad.modelo.vecino
	at org.hibernate.cfg.InheritanceState.determineDefaultAccessType(InheritanceState.java:268)
	at org.hibernate.cfg.InheritanceState.getElementsToProcess(InheritanceState.java:223)
	at org.hibernate.cfg.AnnotationBinder.bindClass(AnnotationBinder.java:686)
	at org.hibernate.cfg.Configuration$MetadataSourceQueue.processAnnotatedClassesQueue(Configuration.java:3977)
	at org.hibernate.cfg.Configuration$MetadataSourceQueue.processMetadata(Configuration.java:3931)
	at org.hibernate.cfg.Configuration.secondPassCompile(Configuration.java:1368)
	at org.hibernate.cfg.Configuration.buildMappings(Configuration.java:1345)
	at org.hibernate.ejb.Ejb3Configuration.buildMappings(Ejb3Configuration.java:1477)
	at org.hibernate.ejb.EventListenerConfigurator.configure(EventListenerConfigurator.java:193)
	at org.hibernate.ejb.Ejb3Configuration.configure(Ejb3Configuration.java:1096)
	at org.hibernate.ejb.Ejb3Configuration.configure(Ejb3Configuration.java:278)
	at org.hibernate.ejb.Ejb3Configuration.configure(Ejb3Configuration.java:362)
	at org.hibernate.ejb.HibernatePersistence.createEntityManagerFactory(HibernatePersistence.java:56)
	at javax.persistence.Persistence.createEntityManagerFactory(Persistence.java:48)
	at org.openxava.jpa.XPersistence.getEntityManagerFactory(XPersistence.java:182)
	at org.openxava.jpa.XPersistence.createManager(XPersistence.java:108)
	at org.openxava.annotations.parse.AnnotatedClassParser.obtainManagedClassNamesUsingJPA(AnnotatedClassParser.java:2588)
	at org.openxava.annotations.parse.AnnotatedClassParser.getManagedClassNames(AnnotatedClassParser.java:2504)
	at org.openxava.annotations.parse.AnnotatedClassParser.getClassNameFor(AnnotatedClassParser.java:2456)
	at org.openxava.annotations.parse.AnnotatedClassParser.parse(AnnotatedClassParser.java:178)
	at org.openxava.component.ComponentParser.parseAnnotatedClass(ComponentParser.java:46)
	at org.openxava.component.ComponentParser.parse(ComponentParser.java:35)
	at org.openxava.component.MetaComponent.get(MetaComponent.java:60)
	at org.openxava.component.MetaComponent.exists(MetaComponent.java:75)
	at org.openxava.application.meta.MetaApplication.existsModel(MetaApplication.java:151)
	at org.openxava.application.meta.MetaApplication.getMetaModule(MetaApplication.java:140)
	at org.openxava.controller.ModuleManager.getMetaModule(ModuleManager.java:973)
	at org.openxava.controller.ModuleManager.setupModuleControllers(ModuleManager.java:206)
	at org.openxava.controller.ModuleManager.setModuleName(ModuleManager.java:946)
	at org.apache.jsp.xava.module_jsp._jspService(module_jsp.java:167)
	at org.apache.jasper.runtime.HttpJspBase.service(HttpJspBase.java:70)
	at javax.servlet.http.HttpServlet.service(HttpServlet.java:717)
	at org.apache.jasper.servlet.JspServletWrapper.service(JspServletWrapper.java:374)
	at org.apache.jasper.servlet.JspServlet.serviceJspFile(JspServlet.java:342)
	at org.apache.jasper.servlet.JspServlet.service(JspServlet.java:267)
	at javax.servlet.http.HttpServlet.service(HttpServlet.java:717)
	at org.apache.catalina.core.ApplicationFilterChain.internalDoFilter(ApplicationFilterChain.java:290)
	at org.apache.catalina.core.ApplicationFilterChain.doFilter(ApplicationFilterChain.java:206)
	at org.apache.catalina.core.ApplicationDispatcher.invoke(ApplicationDispatcher.java:646)
	at org.apache.catalina.core.ApplicationDispatcher.processRequest(ApplicationDispatcher.java:436)
	at org.apache.catalina.core.ApplicationDispatcher.doForward(ApplicationDispatcher.java:374)
	at org.apache.catalina.core.ApplicationDispatcher.forward(ApplicationDispatcher.java:302)
	at org.openxava.web.servlets.ModuleServlet.doGet(ModuleServlet.java:24)
	at javax.servlet.http.HttpServlet.service(HttpServlet.java:617)
	at javax.servlet.http.HttpServlet.service(HttpServlet.java:717)
	at org.apache.catalina.core.ApplicationFilterChain.internalDoFilter(ApplicationFilterChain.java:290)
	at org.apache.catalina.core.ApplicationFilterChain.doFilter(ApplicationFilterChain.java:206)
	at org.apache.catalina.core.StandardWrapperValve.invoke(StandardWrapperValve.java:233)
	at org.apache.catalina.core.StandardContextValve.invoke(StandardContextValve.java:191)
	at org.apache.catalina.core.StandardHostValve.invoke(StandardHostValve.java:128)
	at org.apache.catalina.valves.ErrorReportValve.invoke(ErrorReportValve.java:102)
	at org.apache.catalina.core.StandardEngineValve.invoke(StandardEngineValve.java:109)
	at org.apache.catalina.connector.CoyoteAdapter.service(CoyoteAdapter.java:293)
	at org.apache.coyote.http11.Http11Processor.process(Http11Processor.java:849)
	at org.apache.coyote.http11.Http11Protocol$Http11ConnectionHandler.process(Http11Protocol.java:583)
	at org.apache.tomcat.util.net.JIoEndpoint$Worker.run(JIoEndpoint.java:454)
	at java.lang.Thread.run(Thread.java:744)

abr 19, 2014 2:56:42 PM org.apache.catalina.core.StandardWrapperValve invoke
Grave: Servlet.service() para servlet module lanzó excepción
org.hibernate.AnnotationException: No identifier specified for entity: org.openxava.MiComunidad.modelo.vecino
	at org.hibernate.cfg.InheritanceState.determineDefaultAccessType(InheritanceState.java:268)
	at org.hibernate.cfg.InheritanceState.getElementsToProcess(InheritanceState.java:223)
	at org.hibernate.cfg.AnnotationBinder.bindClass(AnnotationBinder.java:686)
	at org.hibernate.cfg.Configuration$MetadataSourceQueue.processAnnotatedClassesQueue(Configuration.java:3977)
	at org.hibernate.cfg.Configuration$MetadataSourceQueue.processMetadata(Configuration.java:3931)
	at org.hibernate.cfg.Configuration.secondPassCompile(Configuration.java:1368)
	at org.hibernate.cfg.Configuration.buildMappings(Configuration.java:1345)
	at org.hibernate.ejb.Ejb3Configuration.buildMappings(Ejb3Configuration.java:1477)
	at org.hibernate.ejb.EventListenerConfigurator.configure(EventListenerConfigurator.java:193)
	at org.hibernate.ejb.Ejb3Configuration.configure(Ejb3Configuration.java:1096)
	at org.hibernate.ejb.Ejb3Configuration.configure(Ejb3Configuration.java:278)
	at org.hibernate.ejb.Ejb3Configuration.configure(Ejb3Configuration.java:362)
	at org.hibernate.ejb.HibernatePersistence.createEntityManagerFactory(HibernatePersistence.java:56)
	at javax.persistence.Persistence.createEntityManagerFactory(Persistence.java:48)
	at org.openxava.jpa.XPersistence.getEntityManagerFactory(XPersistence.java:182)
	at org.openxava.jpa.XPersistence.createManager(XPersistence.java:108)
	at org.openxava.annotations.parse.AnnotatedClassParser.obtainManagedClassNamesUsingJPA(AnnotatedClassParser.java:2588)
	at org.openxava.annotations.parse.AnnotatedClassParser.getManagedClassNames(AnnotatedClassParser.java:2504)
	at org.openxava.annotations.parse.AnnotatedClassParser.getClassNameFor(AnnotatedClassParser.java:2456)
	at org.openxava.annotations.parse.AnnotatedClassParser.parse(AnnotatedClassParser.java:178)
	at org.openxava.component.ComponentParser.parseAnnotatedClass(ComponentParser.java:46)
	at org.openxava.component.ComponentParser.parse(ComponentParser.java:35)
	at org.openxava.component.MetaComponent.get(MetaComponent.java:60)
	at org.openxava.component.MetaComponent.exists(MetaComponent.java:75)
	at org.openxava.application.meta.MetaApplication.existsModel(MetaApplication.java:151)
	at org.openxava.application.meta.MetaApplication.getMetaModule(MetaApplication.java:140)
	at org.openxava.controller.ModuleManager.getMetaModule(ModuleManager.java:973)
	at org.openxava.controller.ModuleManager.setupModuleControllers(ModuleManager.java:206)
	at org.openxava.controller.ModuleManager.setModuleName(ModuleManager.java:946)
	at org.apache.jsp.xava.module_jsp._jspService(module_jsp.java:167)
	at org.apache.jasper.runtime.HttpJspBase.service(HttpJspBase.java:70)
	at javax.servlet.http.HttpServlet.service(HttpServlet.java:717)
	at org.apache.jasper.servlet.JspServletWrapper.service(JspServletWrapper.java:374)
	at org.apache.jasper.servlet.JspServlet.serviceJspFile(JspServlet.java:342)
	at org.apache.jasper.servlet.JspServlet.service(JspServlet.java:267)
	at javax.servlet.http.HttpServlet.service(HttpServlet.java:717)
	at org.apache.catalina.core.ApplicationFilterChain.internalDoFilter(ApplicationFilterChain.java:290)
	at org.apache.catalina.core.ApplicationFilterChain.doFilter(ApplicationFilterChain.java:206)
	at org.apache.catalina.core.ApplicationDispatcher.invoke(ApplicationDispatcher.java:646)
	at org.apache.catalina.core.ApplicationDispatcher.processRequest(ApplicationDispatcher.java:436)
	at org.apache.catalina.core.ApplicationDispatcher.doForward(ApplicationDispatcher.java:374)
	at org.apache.catalina.core.ApplicationDispatcher.forward(ApplicationDispatcher.java:302)
	at org.openxava.web.servlets.ModuleServlet.doGet(ModuleServlet.java:24)
	at javax.servlet.http.HttpServlet.service(HttpServlet.java:617)
	at javax.servlet.http.HttpServlet.service(HttpServlet.java:717)
	at org.apache.catalina.core.ApplicationFilterChain.internalDoFilter(ApplicationFilterChain.java:290)
	at org.apache.catalina.core.ApplicationFilterChain.doFilter(ApplicationFilterChain.java:206)
	at org.apache.catalina.core.StandardWrapperValve.invoke(StandardWrapperValve.java:233)
	at org.apache.catalina.core.StandardContextValve.invoke(StandardContextValve.java:191)
	at org.apache.catalina.core.StandardHostValve.invoke(StandardHostValve.java:128)
	at org.apache.catalina.valves.ErrorReportValve.invoke(ErrorReportValve.java:102)
	at org.apache.catalina.core.StandardEngineValve.invoke(StandardEngineValve.java:109)
	at org.apache.catalina.connector.CoyoteAdapter.service(CoyoteAdapter.java:293)
	at org.apache.coyote.http11.Http11Processor.process(Http11Processor.java:849)
	at org.apache.coyote.http11.Http11Protocol$Http11ConnectionHandler.process(Http11Protocol.java:583)
	at org.apache.tomcat.util.net.JIoEndpoint$Worker.run(JIoEndpoint.java:454)
	at java.lang.Thread.run(Thread.java:744)

abr 19, 2014 3:07:55 PM org.apache.catalina.core.ApplicationContext log
Información: ContextListener: contextInitialized()
abr 19, 2014 3:07:55 PM org.apache.catalina.core.ApplicationContext log
Información: SessionListener: contextInitialized()
abr 19, 2014 3:10:43 PM org.apache.catalina.core.ApplicationContext log
Información: ContextListener: contextInitialized()
abr 19, 2014 3:10:43 PM org.apache.catalina.core.ApplicationContext log
Información: SessionListener: contextInitialized()
abr 19, 2014 3:10:52 PM org.apache.catalina.core.ApplicationDispatcher invoke
Grave: El Servlet.service() para servlet jsp lanzó una excepción
org.openxava.util.ElementNotFoundException: La aplicación Empresa no está definida
	at org.openxava.application.meta.MetaApplications.getMetaApplication(MetaApplications.java:54)
	at org.openxava.controller.ModuleManager.getMetaModule(ModuleManager.java:973)
	at org.openxava.controller.ModuleManager.setupModuleControllers(ModuleManager.java:206)
	at org.openxava.controller.ModuleManager.setModuleName(ModuleManager.java:946)
	at org.apache.jsp.xava.module_jsp._jspService(module_jsp.java:167)
	at org.apache.jasper.runtime.HttpJspBase.service(HttpJspBase.java:70)
	at javax.servlet.http.HttpServlet.service(HttpServlet.java:717)
	at org.apache.jasper.servlet.JspServletWrapper.service(JspServletWrapper.java:374)
	at org.apache.jasper.servlet.JspServlet.serviceJspFile(JspServlet.java:342)
	at org.apache.jasper.servlet.JspServlet.service(JspServlet.java:267)
	at javax.servlet.http.HttpServlet.service(HttpServlet.java:717)
	at org.apache.catalina.core.ApplicationFilterChain.internalDoFilter(ApplicationFilterChain.java:290)
	at org.apache.catalina.core.ApplicationFilterChain.doFilter(ApplicationFilterChain.java:206)
	at org.apache.catalina.core.ApplicationDispatcher.invoke(ApplicationDispatcher.java:646)
	at org.apache.catalina.core.ApplicationDispatcher.processRequest(ApplicationDispatcher.java:436)
	at org.apache.catalina.core.ApplicationDispatcher.doForward(ApplicationDispatcher.java:374)
	at org.apache.catalina.core.ApplicationDispatcher.forward(ApplicationDispatcher.java:302)
	at org.openxava.web.servlets.ModuleServlet.doGet(ModuleServlet.java:24)
	at javax.servlet.http.HttpServlet.service(HttpServlet.java:617)
	at javax.servlet.http.HttpServlet.service(HttpServlet.java:717)
	at org.apache.catalina.core.ApplicationFilterChain.internalDoFilter(ApplicationFilterChain.java:290)
	at org.apache.catalina.core.ApplicationFilterChain.doFilter(ApplicationFilterChain.java:206)
	at org.apache.catalina.core.StandardWrapperValve.invoke(StandardWrapperValve.java:233)
	at org.apache.catalina.core.StandardContextValve.invoke(StandardContextValve.java:191)
	at org.apache.catalina.core.StandardHostValve.invoke(StandardHostValve.java:128)
	at org.apache.catalina.valves.ErrorReportValve.invoke(ErrorReportValve.java:102)
	at org.apache.catalina.core.StandardEngineValve.invoke(StandardEngineValve.java:109)
	at org.apache.catalina.connector.CoyoteAdapter.service(CoyoteAdapter.java:293)
	at org.apache.coyote.http11.Http11Processor.process(Http11Processor.java:849)
	at org.apache.coyote.http11.Http11Protocol$Http11ConnectionHandler.process(Http11Protocol.java:583)
	at org.apache.tomcat.util.net.JIoEndpoint$Worker.run(JIoEndpoint.java:454)
	at java.lang.Thread.run(Thread.java:744)

abr 19, 2014 3:10:52 PM org.apache.catalina.core.StandardWrapperValve invoke
Grave: Servlet.service() para servlet module lanzó excepción
org.openxava.util.ElementNotFoundException: La aplicación Empresa no está definida
	at org.openxava.application.meta.MetaApplications.getMetaApplication(MetaApplications.java:54)
	at org.openxava.controller.ModuleManager.getMetaModule(ModuleManager.java:973)
	at org.openxava.controller.ModuleManager.setupModuleControllers(ModuleManager.java:206)
	at org.openxava.controller.ModuleManager.setModuleName(ModuleManager.java:946)
	at org.apache.jsp.xava.module_jsp._jspService(module_jsp.java:167)
	at org.apache.jasper.runtime.HttpJspBase.service(HttpJspBase.java:70)
	at javax.servlet.http.HttpServlet.service(HttpServlet.java:717)
	at org.apache.jasper.servlet.JspServletWrapper.service(JspServletWrapper.java:374)
	at org.apache.jasper.servlet.JspServlet.serviceJspFile(JspServlet.java:342)
	at org.apache.jasper.servlet.JspServlet.service(JspServlet.java:267)
	at javax.servlet.http.HttpServlet.service(HttpServlet.java:717)
	at org.apache.catalina.core.ApplicationFilterChain.internalDoFilter(ApplicationFilterChain.java:290)
	at org.apache.catalina.core.ApplicationFilterChain.doFilter(ApplicationFilterChain.java:206)
	at org.apache.catalina.core.ApplicationDispatcher.invoke(ApplicationDispatcher.java:646)
	at org.apache.catalina.core.ApplicationDispatcher.processRequest(ApplicationDispatcher.java:436)
	at org.apache.catalina.core.ApplicationDispatcher.doForward(ApplicationDispatcher.java:374)
	at org.apache.catalina.core.ApplicationDispatcher.forward(ApplicationDispatcher.java:302)
	at org.openxava.web.servlets.ModuleServlet.doGet(ModuleServlet.java:24)
	at javax.servlet.http.HttpServlet.service(HttpServlet.java:617)
	at javax.servlet.http.HttpServlet.service(HttpServlet.java:717)
	at org.apache.catalina.core.ApplicationFilterChain.internalDoFilter(ApplicationFilterChain.java:290)
	at org.apache.catalina.core.ApplicationFilterChain.doFilter(ApplicationFilterChain.java:206)
	at org.apache.catalina.core.StandardWrapperValve.invoke(StandardWrapperValve.java:233)
	at org.apache.catalina.core.StandardContextValve.invoke(StandardContextValve.java:191)
	at org.apache.catalina.core.StandardHostValve.invoke(StandardHostValve.java:128)
	at org.apache.catalina.valves.ErrorReportValve.invoke(ErrorReportValve.java:102)
	at org.apache.catalina.core.StandardEngineValve.invoke(StandardEngineValve.java:109)
	at org.apache.catalina.connector.CoyoteAdapter.service(CoyoteAdapter.java:293)
	at org.apache.coyote.http11.Http11Processor.process(Http11Processor.java:849)
	at org.apache.coyote.http11.Http11Protocol$Http11ConnectionHandler.process(Http11Protocol.java:583)
	at org.apache.tomcat.util.net.JIoEndpoint$Worker.run(JIoEndpoint.java:454)
	at java.lang.Thread.run(Thread.java:744)

abr 19, 2014 3:11:42 PM org.apache.catalina.core.ApplicationContext log
Información: ContextListener: contextInitialized()
abr 19, 2014 3:11:42 PM org.apache.catalina.core.ApplicationContext log
Información: SessionListener: contextInitialized()
abr 19, 2014 3:12:02 PM org.apache.catalina.core.ApplicationDispatcher invoke
Grave: El Servlet.service() para servlet jsp lanzó una excepción
org.openxava.util.ElementNotFoundException: La aplicación Empresa no está definida
	at org.openxava.application.meta.MetaApplications.getMetaApplication(MetaApplications.java:54)
	at org.openxava.controller.ModuleManager.getMetaModule(ModuleManager.java:973)
	at org.openxava.controller.ModuleManager.setupModuleControllers(ModuleManager.java:206)
	at org.openxava.controller.ModuleManager.setModuleName(ModuleManager.java:946)
	at org.apache.jsp.xava.module_jsp._jspService(module_jsp.java:167)
	at org.apache.jasper.runtime.HttpJspBase.service(HttpJspBase.java:70)
	at javax.servlet.http.HttpServlet.service(HttpServlet.java:717)
	at org.apache.jasper.servlet.JspServletWrapper.service(JspServletWrapper.java:374)
	at org.apache.jasper.servlet.JspServlet.serviceJspFile(JspServlet.java:342)
	at org.apache.jasper.servlet.JspServlet.service(JspServlet.java:267)
	at javax.servlet.http.HttpServlet.service(HttpServlet.java:717)
	at org.apache.catalina.core.ApplicationFilterChain.internalDoFilter(ApplicationFilterChain.java:290)
	at org.apache.catalina.core.ApplicationFilterChain.doFilter(ApplicationFilterChain.java:206)
	at org.apache.catalina.core.ApplicationDispatcher.invoke(ApplicationDispatcher.java:646)
	at org.apache.catalina.core.ApplicationDispatcher.processRequest(ApplicationDispatcher.java:436)
	at org.apache.catalina.core.ApplicationDispatcher.doForward(ApplicationDispatcher.java:374)
	at org.apache.catalina.core.ApplicationDispatcher.forward(ApplicationDispatcher.java:302)
	at org.openxava.web.servlets.ModuleServlet.doGet(ModuleServlet.java:24)
	at javax.servlet.http.HttpServlet.service(HttpServlet.java:617)
	at javax.servlet.http.HttpServlet.service(HttpServlet.java:717)
	at org.apache.catalina.core.ApplicationFilterChain.internalDoFilter(ApplicationFilterChain.java:290)
	at org.apache.catalina.core.ApplicationFilterChain.doFilter(ApplicationFilterChain.java:206)
	at org.apache.catalina.core.StandardWrapperValve.invoke(StandardWrapperValve.java:233)
	at org.apache.catalina.core.StandardContextValve.invoke(StandardContextValve.java:191)
	at org.apache.catalina.core.StandardHostValve.invoke(StandardHostValve.java:128)
	at org.apache.catalina.valves.ErrorReportValve.invoke(ErrorReportValve.java:102)
	at org.apache.catalina.core.StandardEngineValve.invoke(StandardEngineValve.java:109)
	at org.apache.catalina.connector.CoyoteAdapter.service(CoyoteAdapter.java:293)
	at org.apache.coyote.http11.Http11Processor.process(Http11Processor.java:849)
	at org.apache.coyote.http11.Http11Protocol$Http11ConnectionHandler.process(Http11Protocol.java:583)
	at org.apache.tomcat.util.net.JIoEndpoint$Worker.run(JIoEndpoint.java:454)
	at java.lang.Thread.run(Thread.java:744)

abr 19, 2014 3:12:02 PM org.apache.catalina.core.StandardWrapperValve invoke
Grave: Servlet.service() para servlet module lanzó excepción
org.openxava.util.ElementNotFoundException: La aplicación Empresa no está definida
	at org.openxava.application.meta.MetaApplications.getMetaApplication(MetaApplications.java:54)
	at org.openxava.controller.ModuleManager.getMetaModule(ModuleManager.java:973)
	at org.openxava.controller.ModuleManager.setupModuleControllers(ModuleManager.java:206)
	at org.openxava.controller.ModuleManager.setModuleName(ModuleManager.java:946)
	at org.apache.jsp.xava.module_jsp._jspService(module_jsp.java:167)
	at org.apache.jasper.runtime.HttpJspBase.service(HttpJspBase.java:70)
	at javax.servlet.http.HttpServlet.service(HttpServlet.java:717)
	at org.apache.jasper.servlet.JspServletWrapper.service(JspServletWrapper.java:374)
	at org.apache.jasper.servlet.JspServlet.serviceJspFile(JspServlet.java:342)
	at org.apache.jasper.servlet.JspServlet.service(JspServlet.java:267)
	at javax.servlet.http.HttpServlet.service(HttpServlet.java:717)
	at org.apache.catalina.core.ApplicationFilterChain.internalDoFilter(ApplicationFilterChain.java:290)
	at org.apache.catalina.core.ApplicationFilterChain.doFilter(ApplicationFilterChain.java:206)
	at org.apache.catalina.core.ApplicationDispatcher.invoke(ApplicationDispatcher.java:646)
	at org.apache.catalina.core.ApplicationDispatcher.processRequest(ApplicationDispatcher.java:436)
	at org.apache.catalina.core.ApplicationDispatcher.doForward(ApplicationDispatcher.java:374)
	at org.apache.catalina.core.ApplicationDispatcher.forward(ApplicationDispatcher.java:302)
	at org.openxava.web.servlets.ModuleServlet.doGet(ModuleServlet.java:24)
	at javax.servlet.http.HttpServlet.service(HttpServlet.java:617)
	at javax.servlet.http.HttpServlet.service(HttpServlet.java:717)
	at org.apache.catalina.core.ApplicationFilterChain.internalDoFilter(ApplicationFilterChain.java:290)
	at org.apache.catalina.core.ApplicationFilterChain.doFilter(ApplicationFilterChain.java:206)
	at org.apache.catalina.core.StandardWrapperValve.invoke(StandardWrapperValve.java:233)
	at org.apache.catalina.core.StandardContextValve.invoke(StandardContextValve.java:191)
	at org.apache.catalina.core.StandardHostValve.invoke(StandardHostValve.java:128)
	at org.apache.catalina.valves.ErrorReportValve.invoke(ErrorReportValve.java:102)
	at org.apache.catalina.core.StandardEngineValve.invoke(StandardEngineValve.java:109)
	at org.apache.catalina.connector.CoyoteAdapter.service(CoyoteAdapter.java:293)
	at org.apache.coyote.http11.Http11Processor.process(Http11Processor.java:849)
	at org.apache.coyote.http11.Http11Protocol$Http11ConnectionHandler.process(Http11Protocol.java:583)
	at org.apache.tomcat.util.net.JIoEndpoint$Worker.run(JIoEndpoint.java:454)
	at java.lang.Thread.run(Thread.java:744)

abr 19, 2014 3:17:46 PM org.apache.catalina.core.ApplicationContext log
Información: SessionListener: contextDestroyed()
abr 19, 2014 3:17:46 PM org.apache.catalina.core.ApplicationContext log
Información: ContextListener: contextDestroyed()
abr 19, 2014 3:17:46 PM org.apache.catalina.core.ApplicationContext log
Información: ContextListener: contextInitialized()
abr 19, 2014 3:17:46 PM org.apache.catalina.core.ApplicationContext log
Información: SessionListener: contextInitialized()
abr 19, 2014 4:00:42 PM org.apache.catalina.core.ApplicationContext log
Información: ContextListener: contextInitialized()
abr 19, 2014 4:00:42 PM org.apache.catalina.core.ApplicationContext log
Información: SessionListener: contextInitialized()
abr 19, 2014 4:02:59 PM org.apache.catalina.core.ApplicationContext log
Información: ContextListener: contextInitialized()
abr 19, 2014 4:02:59 PM org.apache.catalina.core.ApplicationContext log
Información: SessionListener: contextInitialized()
